<?xml version="1.0" encoding="UTF-8"?>
<robot generator="Robot 7.0 (Python 3.12.0 on win32)" generated="2024-05-30T16:39:21.685558" rpa="false" schemaversion="5">
<suite id="s1" name="test-Search" source="D:\Sanbercode\Q3-Sanber14-MobileAutomation\Suites\test-Search.robot">
<test id="s1-t1" name="Successfully Search For A Valid Flight Number" line="34">
<kw name="Open Flight Application" owner="base" type="SETUP">
<kw name="Open Application" owner="AppiumLibrary">
<arg>${REMOTE_URL}</arg>
<arg>platformName=${PLATFORM_NAME}</arg>
<arg>platformVersion=${PLATFORM_VERSION}</arg>
<arg>deviceName=${DEVICE_NAME}</arg>
<arg>appPackage=${APP_PACKAGE}</arg>
<arg>appActivity=${APP_ACTIVITY}</arg>
<doc>Opens a new application to given Appium server.
Capabilities of appium server, Android and iOS,
Please check https://github.com/appium/appium/blob/master/docs/en/writing-running-appium/server-args.md
| *Option*            | *Man.* | *Description*     |
| remote_url          | Yes    | Appium server url |
| alias               | no     | alias             |
| strict_ssl          | No     | allows you to send commands to an invalid certificate host like a self-signed one. |</doc>
<status status="PASS" start="2024-05-30T16:39:22.015779" elapsed="7.600023"/>
</kw>
<status status="PASS" start="2024-05-30T16:39:22.014213" elapsed="7.602749"/>
</kw>
<kw name="Successfuly Signing In With Valid Credential">
<kw name="Verify Home Page Loaded" owner="home">
<kw name="Wait Until Element Is Visible" owner="AppiumLibrary">
<msg time="2024-05-30T16:39:30.555622" level="INFO">xpath criteria: //android.widget.Button[@resource-id="com.example.myapplication:id/login"]</msg>
<arg>${login-button}</arg>
<arg>timeout=5s</arg>
<doc>Waits until element specified with `locator` is visible.</doc>
<status status="PASS" start="2024-05-30T16:39:29.618358" elapsed="0.937264"/>
</kw>
<status status="PASS" start="2024-05-30T16:39:29.618358" elapsed="0.937264"/>
</kw>
<kw name="Click Sign In Button On Home" owner="home">
<kw name="Click Element" owner="AppiumLibrary">
<msg time="2024-05-30T16:39:30.557167" level="INFO">Clicking element '//android.widget.Button[@resource-id="com.example.myapplication:id/login"]'.</msg>
<msg time="2024-05-30T16:39:30.653586" level="INFO">xpath criteria: //android.widget.Button[@resource-id="com.example.myapplication:id/login"]</msg>
<arg>${login-button}</arg>
<doc>Click element identified by `locator`.</doc>
<status status="PASS" start="2024-05-30T16:39:30.556621" elapsed="0.096965"/>
</kw>
<status status="PASS" start="2024-05-30T16:39:30.555622" elapsed="0.097964"/>
</kw>
<kw name="Verify Sign In Page" owner="signIn">
<kw name="Wait Until Element Is Visible" owner="AppiumLibrary">
<msg time="2024-05-30T16:39:31.412417" level="INFO">xpath criteria: //android.widget.TextView[@resource-id="com.example.myapplication:id/textView2"]
xpath criteria: //android.widget.TextView[@resource-id="com.example.myapplication:id/textView2"]</msg>
<arg>${verify-sign-in-page}</arg>
<arg>timeout=5s</arg>
<doc>Waits until element specified with `locator` is visible.</doc>
<status status="PASS" start="2024-05-30T16:39:30.654599" elapsed="0.757818"/>
</kw>
<status status="PASS" start="2024-05-30T16:39:30.654599" elapsed="0.757818"/>
</kw>
<kw name="Input Username" owner="signIn">
<kw name="Input Text" owner="AppiumLibrary">
<msg time="2024-05-30T16:39:31.413535" level="INFO">Typing text 'support@ngendigital.com' into text field '//android.widget.EditText[@resource-id="com.example.myapplication:id/username"]'</msg>
<msg time="2024-05-30T16:39:31.504717" level="INFO">xpath criteria: //android.widget.EditText[@resource-id="com.example.myapplication:id/username"]</msg>
<arg>${username-input}</arg>
<arg>${username}</arg>
<doc>Types the given `text` into text field identified by `locator`.</doc>
<status status="PASS" start="2024-05-30T16:39:31.412417" elapsed="0.092300"/>
</kw>
<arg>${VALID_USERNAME}</arg>
<status status="PASS" start="2024-05-30T16:39:31.412417" elapsed="0.092300"/>
</kw>
<kw name="Input User Password" owner="signIn">
<kw name="Input Text" owner="AppiumLibrary">
<msg time="2024-05-30T16:39:31.506650" level="INFO">Typing text 'abc123' into text field '//android.widget.EditText[@resource-id="com.example.myapplication:id/password"]'</msg>
<msg time="2024-05-30T16:39:32.062715" level="INFO">xpath criteria: //android.widget.EditText[@resource-id="com.example.myapplication:id/password"]</msg>
<arg>${password-input}</arg>
<arg>${password}</arg>
<doc>Types the given `text` into text field identified by `locator`.</doc>
<status status="PASS" start="2024-05-30T16:39:31.504717" elapsed="0.557998"/>
</kw>
<arg>${VALID_PASSWORD}</arg>
<status status="PASS" start="2024-05-30T16:39:31.504717" elapsed="0.557998"/>
</kw>
<kw name="Click Sign In Button" owner="signIn">
<kw name="Click Element" owner="AppiumLibrary">
<msg time="2024-05-30T16:39:32.064770" level="INFO">Clicking element '//android.widget.Button[@resource-id="com.example.myapplication:id/signIn"]'.</msg>
<msg time="2024-05-30T16:39:32.641031" level="INFO">xpath criteria: //android.widget.Button[@resource-id="com.example.myapplication:id/signIn"]</msg>
<arg>${sign-in-button}</arg>
<doc>Click element identified by `locator`.</doc>
<status status="PASS" start="2024-05-30T16:39:32.063766" elapsed="0.577265"/>
</kw>
<status status="PASS" start="2024-05-30T16:39:32.063766" elapsed="0.577265"/>
</kw>
<kw name="Verify Login Success" owner="signIn">
<kw name="Wait Until Element Is Visible" owner="AppiumLibrary">
<msg time="2024-05-30T16:39:33.299687" level="INFO">xpath criteria: //android.widget.TextView[@resource-id="com.example.myapplication:id/textView"]
xpath criteria: //android.widget.TextView[@resource-id="com.example.myapplication:id/textView"]</msg>
<arg>${verify-sign-in}</arg>
<arg>timeout=5s</arg>
<doc>Waits until element specified with `locator` is visible.</doc>
<status status="PASS" start="2024-05-30T16:39:32.642046" elapsed="0.657641"/>
</kw>
<status status="PASS" start="2024-05-30T16:39:32.642046" elapsed="0.657641"/>
</kw>
<status status="PASS" start="2024-05-30T16:39:29.616962" elapsed="3.682725"/>
</kw>
<kw name="Search For A Flight Number">
<kw name="Click Search Menu" owner="search">
<kw name="Wait Until Element Is Visible" owner="AppiumLibrary">
<msg time="2024-05-30T16:39:33.363909" level="INFO">xpath criteria: //android.widget.Button[@resource-id="com.example.myapplication:id/search_flight"]</msg>
<arg>${search-menu}</arg>
<doc>Waits until element specified with `locator` is visible.</doc>
<status status="PASS" start="2024-05-30T16:39:33.300698" elapsed="0.063211"/>
</kw>
<kw name="Click Element" owner="AppiumLibrary">
<msg time="2024-05-30T16:39:33.364919" level="INFO">Clicking element '//android.widget.Button[@resource-id="com.example.myapplication:id/search_flight"]'.</msg>
<msg time="2024-05-30T16:39:33.453624" level="INFO">xpath criteria: //android.widget.Button[@resource-id="com.example.myapplication:id/search_flight"]</msg>
<arg>${search-menu}</arg>
<doc>Click element identified by `locator`.</doc>
<status status="PASS" start="2024-05-30T16:39:33.363909" elapsed="0.089715"/>
</kw>
<status status="PASS" start="2024-05-30T16:39:33.300698" elapsed="0.152926"/>
</kw>
<kw name="Input Flight Number" owner="search">
<kw name="Wait Until Element Is Visible" owner="AppiumLibrary">
<msg time="2024-05-30T16:39:34.329409" level="INFO">xpath criteria: //android.widget.EditText[@resource-id="com.example.myapplication:id/flight_number"]
xpath criteria: //android.widget.EditText[@resource-id="com.example.myapplication:id/flight_number"]</msg>
<arg>${flight-number-input}</arg>
<doc>Waits until element specified with `locator` is visible.</doc>
<status status="PASS" start="2024-05-30T16:39:33.454195" elapsed="0.875214"/>
</kw>
<kw name="Input Text" owner="AppiumLibrary">
<msg time="2024-05-30T16:39:34.331421" level="INFO">Typing text 'CADX2214' into text field '//android.widget.EditText[@resource-id="com.example.myapplication:id/flight_number"]'</msg>
<msg time="2024-05-30T16:39:34.400947" level="INFO">xpath criteria: //android.widget.EditText[@resource-id="com.example.myapplication:id/flight_number"]</msg>
<arg>${flight-number-input}</arg>
<arg>${flight-number}</arg>
<doc>Types the given `text` into text field identified by `locator`.</doc>
<status status="PASS" start="2024-05-30T16:39:34.330419" elapsed="0.070528"/>
</kw>
<arg>${flight_number}</arg>
<status status="PASS" start="2024-05-30T16:39:33.454195" elapsed="0.946752"/>
</kw>
<kw name="Click Search Button" owner="search">
<kw name="Click Element" owner="AppiumLibrary">
<msg time="2024-05-30T16:39:34.402485" level="INFO">Clicking element '//android.widget.Button[@resource-id="com.example.myapplication:id/searchFlight"]'.</msg>
<msg time="2024-05-30T16:39:34.977594" level="INFO">xpath criteria: //android.widget.Button[@resource-id="com.example.myapplication:id/searchFlight"]</msg>
<arg>${search-flight-button}</arg>
<doc>Click element identified by `locator`.</doc>
<status status="PASS" start="2024-05-30T16:39:34.401960" elapsed="0.575634"/>
</kw>
<status status="PASS" start="2024-05-30T16:39:34.401960" elapsed="0.575634"/>
</kw>
<if>
<branch type="IF" condition="'${flight_number}' != 'CADX2214'">
<kw name="Alert Toast Popped Up" owner="search">
<status status="NOT RUN" start="2024-05-30T16:39:34.977594" elapsed="0.000979"/>
</kw>
<status status="NOT RUN" start="2024-05-30T16:39:34.977594" elapsed="0.000979"/>
</branch>
<status status="PASS" start="2024-05-30T16:39:34.977594" elapsed="0.000979"/>
</if>
<arg>CADX2214</arg>
<status status="PASS" start="2024-05-30T16:39:33.300698" elapsed="1.677875"/>
</kw>
<kw name="Close Flight Application" owner="base" type="TEARDOWN">
<kw name="Close Application" owner="AppiumLibrary">
<doc>Closes the current application and also close webdriver session.</doc>
<status status="PASS" start="2024-05-30T16:39:34.978573" elapsed="0.374669"/>
</kw>
<status status="PASS" start="2024-05-30T16:39:34.978573" elapsed="0.374669"/>
</kw>
<status status="PASS" start="2024-05-30T16:39:22.014213" elapsed="13.339532"/>
</test>
<test id="s1-t2" name="Failed To Search For Invalid Flight Number" line="38">
<kw name="Open Flight Application" owner="base" type="SETUP">
<kw name="Open Application" owner="AppiumLibrary">
<arg>${REMOTE_URL}</arg>
<arg>platformName=${PLATFORM_NAME}</arg>
<arg>platformVersion=${PLATFORM_VERSION}</arg>
<arg>deviceName=${DEVICE_NAME}</arg>
<arg>appPackage=${APP_PACKAGE}</arg>
<arg>appActivity=${APP_ACTIVITY}</arg>
<doc>Opens a new application to given Appium server.
Capabilities of appium server, Android and iOS,
Please check https://github.com/appium/appium/blob/master/docs/en/writing-running-appium/server-args.md
| *Option*            | *Man.* | *Description*     |
| remote_url          | Yes    | Appium server url |
| alias               | no     | alias             |
| strict_ssl          | No     | allows you to send commands to an invalid certificate host like a self-signed one. |</doc>
<status status="PASS" start="2024-05-30T16:39:35.354951" elapsed="6.078390"/>
</kw>
<status status="PASS" start="2024-05-30T16:39:35.354951" elapsed="6.078390"/>
</kw>
<kw name="Successfuly Signing In With Valid Credential">
<kw name="Verify Home Page Loaded" owner="home">
<kw name="Wait Until Element Is Visible" owner="AppiumLibrary">
<msg time="2024-05-30T16:39:42.304709" level="INFO">xpath criteria: //android.widget.Button[@resource-id="com.example.myapplication:id/login"]</msg>
<arg>${login-button}</arg>
<arg>timeout=5s</arg>
<doc>Waits until element specified with `locator` is visible.</doc>
<status status="PASS" start="2024-05-30T16:39:41.434419" elapsed="0.870290"/>
</kw>
<status status="PASS" start="2024-05-30T16:39:41.434419" elapsed="0.870290"/>
</kw>
<kw name="Click Sign In Button On Home" owner="home">
<kw name="Click Element" owner="AppiumLibrary">
<msg time="2024-05-30T16:39:42.307275" level="INFO">Clicking element '//android.widget.Button[@resource-id="com.example.myapplication:id/login"]'.</msg>
<msg time="2024-05-30T16:39:42.423057" level="INFO">xpath criteria: //android.widget.Button[@resource-id="com.example.myapplication:id/login"]</msg>
<arg>${login-button}</arg>
<doc>Click element identified by `locator`.</doc>
<status status="PASS" start="2024-05-30T16:39:42.306229" elapsed="0.116828"/>
</kw>
<status status="PASS" start="2024-05-30T16:39:42.306229" elapsed="0.116828"/>
</kw>
<kw name="Verify Sign In Page" owner="signIn">
<kw name="Wait Until Element Is Visible" owner="AppiumLibrary">
<msg time="2024-05-30T16:39:43.187277" level="INFO">xpath criteria: //android.widget.TextView[@resource-id="com.example.myapplication:id/textView2"]
xpath criteria: //android.widget.TextView[@resource-id="com.example.myapplication:id/textView2"]</msg>
<arg>${verify-sign-in-page}</arg>
<arg>timeout=5s</arg>
<doc>Waits until element specified with `locator` is visible.</doc>
<status status="PASS" start="2024-05-30T16:39:42.423057" elapsed="0.764220"/>
</kw>
<status status="PASS" start="2024-05-30T16:39:42.423057" elapsed="0.764220"/>
</kw>
<kw name="Input Username" owner="signIn">
<kw name="Input Text" owner="AppiumLibrary">
<msg time="2024-05-30T16:39:43.188278" level="INFO">Typing text 'support@ngendigital.com' into text field '//android.widget.EditText[@resource-id="com.example.myapplication:id/username"]'</msg>
<msg time="2024-05-30T16:39:43.270636" level="INFO">xpath criteria: //android.widget.EditText[@resource-id="com.example.myapplication:id/username"]</msg>
<arg>${username-input}</arg>
<arg>${username}</arg>
<doc>Types the given `text` into text field identified by `locator`.</doc>
<status status="PASS" start="2024-05-30T16:39:43.187277" elapsed="0.083359"/>
</kw>
<arg>${VALID_USERNAME}</arg>
<status status="PASS" start="2024-05-30T16:39:43.187277" elapsed="0.083359"/>
</kw>
<kw name="Input User Password" owner="signIn">
<kw name="Input Text" owner="AppiumLibrary">
<msg time="2024-05-30T16:39:43.272944" level="INFO">Typing text 'abc123' into text field '//android.widget.EditText[@resource-id="com.example.myapplication:id/password"]'</msg>
<msg time="2024-05-30T16:39:43.834478" level="INFO">xpath criteria: //android.widget.EditText[@resource-id="com.example.myapplication:id/password"]</msg>
<arg>${password-input}</arg>
<arg>${password}</arg>
<doc>Types the given `text` into text field identified by `locator`.</doc>
<status status="PASS" start="2024-05-30T16:39:43.271889" elapsed="0.562589"/>
</kw>
<arg>${VALID_PASSWORD}</arg>
<status status="PASS" start="2024-05-30T16:39:43.270636" elapsed="0.563842"/>
</kw>
<kw name="Click Sign In Button" owner="signIn">
<kw name="Click Element" owner="AppiumLibrary">
<msg time="2024-05-30T16:39:43.835474" level="INFO">Clicking element '//android.widget.Button[@resource-id="com.example.myapplication:id/signIn"]'.</msg>
<msg time="2024-05-30T16:39:44.423823" level="INFO">xpath criteria: //android.widget.Button[@resource-id="com.example.myapplication:id/signIn"]</msg>
<arg>${sign-in-button}</arg>
<doc>Click element identified by `locator`.</doc>
<status status="PASS" start="2024-05-30T16:39:43.834478" elapsed="0.589345"/>
</kw>
<status status="PASS" start="2024-05-30T16:39:43.834478" elapsed="0.589345"/>
</kw>
<kw name="Verify Login Success" owner="signIn">
<kw name="Wait Until Element Is Visible" owner="AppiumLibrary">
<msg time="2024-05-30T16:39:45.080469" level="INFO">xpath criteria: //android.widget.TextView[@resource-id="com.example.myapplication:id/textView"]
xpath criteria: //android.widget.TextView[@resource-id="com.example.myapplication:id/textView"]</msg>
<arg>${verify-sign-in}</arg>
<arg>timeout=5s</arg>
<doc>Waits until element specified with `locator` is visible.</doc>
<status status="PASS" start="2024-05-30T16:39:44.424952" elapsed="0.655517"/>
</kw>
<status status="PASS" start="2024-05-30T16:39:44.424952" elapsed="0.655517"/>
</kw>
<status status="PASS" start="2024-05-30T16:39:41.434419" elapsed="3.646050"/>
</kw>
<kw name="Search For A Flight Number">
<kw name="Click Search Menu" owner="search">
<kw name="Wait Until Element Is Visible" owner="AppiumLibrary">
<msg time="2024-05-30T16:39:45.145305" level="INFO">xpath criteria: //android.widget.Button[@resource-id="com.example.myapplication:id/search_flight"]</msg>
<arg>${search-menu}</arg>
<doc>Waits until element specified with `locator` is visible.</doc>
<status status="PASS" start="2024-05-30T16:39:45.080469" elapsed="0.064836"/>
</kw>
<kw name="Click Element" owner="AppiumLibrary">
<msg time="2024-05-30T16:39:45.147414" level="INFO">Clicking element '//android.widget.Button[@resource-id="com.example.myapplication:id/search_flight"]'.</msg>
<msg time="2024-05-30T16:39:45.239596" level="INFO">xpath criteria: //android.widget.Button[@resource-id="com.example.myapplication:id/search_flight"]</msg>
<arg>${search-menu}</arg>
<doc>Click element identified by `locator`.</doc>
<status status="PASS" start="2024-05-30T16:39:45.146405" elapsed="0.093191"/>
</kw>
<status status="PASS" start="2024-05-30T16:39:45.080469" elapsed="0.159127"/>
</kw>
<kw name="Input Flight Number" owner="search">
<kw name="Wait Until Element Is Visible" owner="AppiumLibrary">
<msg time="2024-05-30T16:39:46.157075" level="INFO">xpath criteria: //android.widget.EditText[@resource-id="com.example.myapplication:id/flight_number"]
xpath criteria: //android.widget.EditText[@resource-id="com.example.myapplication:id/flight_number"]</msg>
<arg>${flight-number-input}</arg>
<doc>Waits until element specified with `locator` is visible.</doc>
<status status="PASS" start="2024-05-30T16:39:45.240694" elapsed="0.916381"/>
</kw>
<kw name="Input Text" owner="AppiumLibrary">
<msg time="2024-05-30T16:39:46.158487" level="INFO">Typing text 'invalidnumber' into text field '//android.widget.EditText[@resource-id="com.example.myapplication:id/flight_number"]'</msg>
<msg time="2024-05-30T16:39:46.240227" level="INFO">xpath criteria: //android.widget.EditText[@resource-id="com.example.myapplication:id/flight_number"]</msg>
<arg>${flight-number-input}</arg>
<arg>${flight-number}</arg>
<doc>Types the given `text` into text field identified by `locator`.</doc>
<status status="PASS" start="2024-05-30T16:39:46.157075" elapsed="0.083152"/>
</kw>
<arg>${flight_number}</arg>
<status status="PASS" start="2024-05-30T16:39:45.240694" elapsed="0.999533"/>
</kw>
<kw name="Click Search Button" owner="search">
<kw name="Click Element" owner="AppiumLibrary">
<msg time="2024-05-30T16:39:46.241740" level="INFO">Clicking element '//android.widget.Button[@resource-id="com.example.myapplication:id/searchFlight"]'.</msg>
<msg time="2024-05-30T16:39:46.819830" level="INFO">xpath criteria: //android.widget.Button[@resource-id="com.example.myapplication:id/searchFlight"]</msg>
<arg>${search-flight-button}</arg>
<doc>Click element identified by `locator`.</doc>
<status status="PASS" start="2024-05-30T16:39:46.241224" elapsed="0.578606"/>
</kw>
<status status="PASS" start="2024-05-30T16:39:46.240227" elapsed="0.579603"/>
</kw>
<if>
<branch type="IF" condition="'${flight_number}' != 'CADX2214'">
<kw name="Alert Toast Popped Up" owner="search">
<kw name="Wait Until Element Is Visible" owner="AppiumLibrary">
<kw name="Capture Page Screenshot" owner="AppiumLibrary">
<msg time="2024-05-30T16:39:47.680422" level="INFO" html="true">&lt;/td&gt;&lt;/tr&gt;&lt;tr&gt;&lt;td colspan="3"&gt;&lt;img src="data:image/png;base64, iVBORw0KGgoAAAANSUhEUgAABDgAAAjoCAYAAAA5jhrUAAAAAXNSR0IArs4c6QAAAARzQklUCAgI
CHwIZIgAACAASURBVHic7N13nFTV/cbxz7l3Ziu9gyJditJRVFTsihgUuya2aGLUxB5LNPZuFEti
i78YS+yJvaOCFRUEBJEmoIAI0mFhd2fuPb8/puzO7uzuzDKzu6PP+/VaYGbunHvu3V2T88w552s4
bqxFRERERERERCSHOY3dARERERERERGRbaWAQ0RERERERERyngIOEREREREREcl5CjhERERERERE
JOcp4BARERERERGRnKeAQ0RERERERERyngIOEREREREREcl5CjhEREREREREJOcp4BARERERERGR
nKeAQ0RERERERERyngIOEREREREREcl5CjhEREREREREJOcp4BARERERERGRnKeAQ0RERERERERy
ngIOEREREREREcl5CjhEREREREREJOcp4BARERERERGRnKeAQ0RERERERERyngIOEREREREREcl5
CjhEREREREREJOcp4BARERERERGRnKeAQ0RERERERERyXqCxOyDSlBlj6NWxExeNPZKDBg+le/uO
Fa8BNvrvsOcxZ9n3/OejSfx78kTWbN6EtTZpm7nMGPOzvC4REREREcl9huPGarQiUokxhvxAgPtO
P5sTRo0mPxCMP18Xay0W2LhlC1c/9x/uefPlLPc2+4wxFOfnM2D7HejRviPTFi/k+9U/UR4ON3bX
RERERERE4hRwSL00KyggLxAk2Zjf9y1byssoC4UavmPbyHUcXr30ag4aNAxDaqFGTWJhR96vD8fz
/Yz1sSG1adacvfrtxMl778fe/XemRWERS9f8xEtTp/DclI/5cvHCn1XQYYyhMC+P4vyCtN9rrSXs
e2zcsgVfs1xEREQkB7QubsbOXbvRuXUb2jdvQetmzVi3eTM/bdrIinVrmb30O9aVbG7sbmZc9/Yd
WfLTygY516mjD6Bb+w61HnPt8082SF9+CRRwSNoCrssV449jr347URAMVnt97ebNPDjxDd6YMTWn
Bnp799+Z9/56E66T2a1pfvfQvTz83lsZbTObXMehW7sOHDBwCEfuugd77Nif5oWFCcdYa1m6ZjXv
f/0Vz035iM8WzmP1po2N1OPMMMbQqqiYQ4eOYPc+/dJ+v28tK9av5dUvv2D+iuU5GfCJiIjIz9vw
nr05YOch7LvTIAZ360GnVq3rfM+P69cx87vFvPf1TCbOmsGXi79tgJ5mzx8PPozenbpw/qMPNcj5
Jl11C6MH7FzrMeb4wxqkL78E2oND0ja4Ww+O3HV3Bu3Qo8Zjvl+9illLl/D96p8asGf199Dv/sQZ
+x20TTM2anLT8Sfzf++/jbWW3p06s/DHFRk/R6a0Lm7GBWOP4IQ9RtOzYyecGu6HMYYd2rXnlNH7
c8Ko0Xzx7Xz+8fZr/O/zT3J2YF+cn8+YIcN58Hd/rNcMDoiEHCfvvT9nPfwPJs2ZleEeioiIiKSv
R4eOnLbPgZy89350a1f7TIJkOrVqTadWrTl48DAAvlu9isc+eI9HJr3D4lUNMwsiU845aCz3nvYH
7n4j95eRS3IKOCRtnVu1oSCYV+sxbZo1p2VRMdD0A44Zt97LoB26ZyXcgMi9iPn9/ofww7q13PX6
S1k5V304xrBH3/78etS+HDx4GNu1aUteIPX/NOQFAuyxY38Gd+vB+WMO56WpU/jPR5P4fs1PObMh
aVF+PqP7D+T6406iMC+fLWVl8dfyAgFcx6EsHML3I9cTcF2CrlvtubxAgN4dO3P10SfywfV/yakZ
TCIiIvLzMqJnH/561PGMGz4yo+12a9eBvx55PH898nhemjqFG/73DFMXLcjoObLhnIPG8vffntXY
3ZAs+8UGHK2Lm7Fdm7asK9nM8rVrMtZuy6JiurZtx5pNm1ixfm3G2m1KOrVqTX6SpSmVtWnWnBaF
RQ3Uo/rLdrgBkQBhZO++TFkwly++XcAz511K2PP4+1uvZu2cqfSpOL+AYT16cf6hh3PAwCEU5xfU
+z4YY2hWUMiuvXdkeM/enDdmHA+//zaPf/Aei39aSXk43GTDjqL8fPYdMIh7TjuTnh06sb6khJem
TgGgIC+PId16sF2btkz+ZjarN24k4Lp0b9+Bwd16VHtuVN8BBFyXLq3b0KZZ85xftiMiIiK5Z0TP
Ptx4/MkcNGho1s91+IjdOHzEbrw180uufObxJht0NES4MaR7Tyac/Dv2GTAw7ffapxPHBZPmzOKC
x/7JjCWLMtW9X4wmFXC8ePGVdG3bPv74j4/cz6fz52as/VNHH8CJo0YzrEdv2jav+FR9S1kZXy/7
ntenf8G9b73Cmk2b0mr3xFGj+c1e+zKyd9+ET+tXb9rIF9/O58GJb8YHTD8HfTp1oVl+Ya3HdGnd
hg4tWjZQj+rnn7//U9bDDYgM/g8ePIwpC+ayfO0ajDHcfeqZTFu8MKM/36lq27w5YwaP4PIjjqFn
x051zsZJl+s4dGjZissPP4ZzDhrLx/O+4cYXnmHmd4spKSvN6Lm2VdVwA+CHdWs49f4JALRv0ZJr
jj6RscN24drnn+SLbxdQlJ/PMbvtybXH/Lrac6P6DgAgPxikR4eOCjhERESkQY3qO4Cnzr2Erm3b
Neh5Dx48jAHb78AJ99zGx/PmNOi569JQMzfuOvn3de61kap9Bgxkwsm/Y9/rLs9Ie78kTSbguOqo
Ezh8xG4Jz7UsLM5I2/2368q/z7qAXXvvmPT1ovx8dunVh1169eHMA8ZwwWP/5OlPPqiz3dbFzfjP
ny5mzJARSV9v17wFY4aM4JDBw3nio/c5/YF7CHlNv+LECaNG06qomHdmTWfxqpUJFUCGdu/F0O49
KS7Ir7WNLq3bsmvvHeMlRWOaFxYyuFsPenXszKzvlzTaJkV799+Z0/fNzp4byQzs2g2I/KxBZAbF
B1ffSovTjmFreXmD9AEi1W/+d+EV7Nlvpxr318gUYwwto5t27jNgII9+8C7n/fuhJvM7kCzcEBER
EclVFx92JLeceGrGN8xPVde27Zh89S1c+uQj3PHqC43Sh6oacllKpsKNmPrMBJEmEnAM3KE7Fx92
ZFba3rlrN976y/V0ad0m4fnVmzayrmQzRXn5dG7dJj7Y69SqNY+efSEB1+WJD9+vsd2CYB6vXno1
e+zYP+H5TVu3sn5LCe2at6AwL/LJuDGGk/baj6K8fI6ecHOGrzBzjDHs3LUb9/32bPICAUJemLe/
ms6zn37Ih3O/5qLDxnP8HqPp1KoVAcetta02zZpx/qGHs99Og7n7jZeY8d1iDh40jCN33YNB3brj
Og7vfDWd8x59qME3Ig24Lu/99aYGCzcAOkd//np1rBhIB1yXmbf9nb4XnNlgyzfyAkH6ddk+6+FG
VbEQsaHPWxOFGyIiIvJzURDM499nX8Bxu+/V2F3BdRz+9pvT2aXXjpx63wRKQw33QV5V2nPjl6lJ
BBz3nHpmtTKUmfLEHy9OCDcmz5nNdf99ive+nhl/rlfHzlwy7ihO3/cgXMchLxDgrpN/zztfTWfl
hvVJ273huJMSwo1Fq37k6uf+wzOffEjIC9OyqJhzDhrLpYcfHd+L4qiRo7h03NHc+vLzWbnWbRVw
XG447iRaFBVFB6L5jBs+kgMHDqUsHKJ5QSEFeXkpDVKNMRQE8xjWoxf3nX425eEwBcE8CvKCBN3I
j90uvXbkxFH7cMtLz2X5yhL79eolVzd4sh2ryjG6f2IS27tjZ3p26Mi3K39s0P40loYMlWqicENE
RER+Lto2b85bl1/P8J69G7srCY7bfS86tWzN0RNuapQluwo3frkaZ/5SJeceMi5r02/OGzOOwd0q
Spm+NHUK+1x3WUK4AfDtyhWc+c+/J0ylatu8OReMPSJpu93bd+Tsg8bGHy/5aSUH3HAFT3z4fnz6
/YYtJdz04rMcfefNbNhSEj/24l8dSeviZhm5vkwKuC4HDRrKQYOGJgQY+cEgrYqL6diyFUX5+Wl/
Ah9wXVoWFdO+RUuaFxbGww0gXm5qWI9eGbuOuuQHAhxYjw2XtnWGRWl5OcYYhnTvmfC8MYapN929
TW3nksbeaFThhoiIiPyc/PeCK5pcuBEzesDOPH/BXxr8vAo3ftkaNeDo0aEjVx11Qvzx9CWZ3Y/h
iF12j/97c+lWzvnX/bUef8MLT7OuZHP88ej+yddRnXXgofHlJwB/efqxGmtAvzNrOje/WDFDoV3z
Fvx+/0NS6n9DMcbQtllzrj3m1xnfcLI2ruMwuFsPTtvnwPjeFNl23+lnkyyisdbi+T5L16xm4qwZ
THj9RS598hEufOxhbn35ed7/+ivm/rCM0lA5vrVpD9RXb44k1z06dKz2WouiIgZsv0N9LifnNOYM
jlTDDcdxKMrPpyg/n8K8PAKui8FQmBd5rigvn/xAMOlzIiIiIg3p/MceatD93NKxtbyc8x97qEHP
ecX44xRu/MI16hKVu075fbyayZxl3/PclI8Y2j1zn+b3365r/N/TFn1bZznYTVu3Mnvpd+zVbycg
MlMjmcozThb+uIKnPp5ca7u3vvw8fzrkV2zXpi0A++88uEktU8kPBDlpr/0Y1K17g5+7ZVExe/Xb
iYMGDeXFL7JbacYxhhP2GB0fZNtoUPH4h+9z9XP/Ydna1Vhr2X3H/vzliGP5wwGHkhcIYIzh3jde
5sAbr8S3lqL8fE7Ze3/uPPkM8twATgrLXb5ZvpS2zZqT51b/lXOM4f7Tz2b0tZdl/Jrry1rLivXr
ePXLz/F9y0GDh9KtXQccY7YppGisGRwB12Vg1+4pzdxoUVjE0SNHxf/dq2NnivLz2W+nQXRv34H8
YJARPfskfU5ERESkIc1YsohT75/AM+dd2thdqebU+yc0aJnTa44+kauPPrHBzidNU6MFHCfvvR+/
GrYrAGHP46LH/y9hOUkq/vHbszhpr/0IeWHufO1FbnzhmYTXX5n2GfnByKeqU79dmFKblWdwxPbO
qGrA9hXBSaq1nt+dPZOT994PgGE9ms40MmMM7Zq34MwDxiQsH0nFgh9/YOKsGXyzfCmloXJaFzdj
tz792LPvANqnWCLWMYbenTpz5K578PZX09lSVlafy0hJjw6dyA8GsdayubSUU++fwItffIolUhHn
yT/9mSN33QPXcRIG8b613PTic/jRwfmWsjLuf+d17n/ndXp06Mgz513GiJ69axz4W2uZOGsG540Z
V2MYsvuO/XAdJ6FiTWMK+x5/fuL/eDIa3rVv0ZK/Hnk8x+y2J+1btKz3HiaNNYMjLxCg33bbp7Qs
pUvrNjx69oXVnk/2P5j6H1ERERFpbM9++iHDevTi0nFHN3ZX4m59+Xme/fTDBjufwg2JaZSAo2PL
Vtx8wqnxwc5jH7zHmzOnpRVwjOo7gLMOPDTexlVHncADE19nzaZN8WN+99C9afetcqhRUlZa7fXW
xc1oVlCxIWqqFUBmfrcIiAQcbZs3Z2Tvvny2cF7a/cs0Q+TT7XSWiGwtL+fpTybzxIeTmLdiGSVl
pfi+JeC6PD/lY/bsN4BzDjqsxrK8VbmOQ0Ewtc1Lt8XFhx2JBc595AHue+d1rLUYY3jx4is5bOgu
NYYPvu+zetOGpK8tXrWSkVdeSM8OnfjmzvuThkSWSMD15J/+XGPfXMdluzZtG7yiTE3CnsfClSvi
j3/auIHzH32IB955nTP2P5hjdtuTLq3bpv09a+w9OERERER+ji5/6lEG7dCdMUNGNHZXeGPGVC5/
6tEGO5/CDamsUfbguOOkM+KVTZauWc0lT/4r7TZaFzdL+DQ4LxCoccZFOm1WDlmmLa4+66PqzISy
cCiltqsuj+natl09eph5vrWs3LCOMx68m0/mf5PSe57+ZDL3vvkqH837muVr17C+pISNW7ewdvMm
Fq36kRe/mMIdr73AlAVz62xrzaZNPPnRZG556bmsrx8c2WdH2px+PP94+zWstezWpx9lT7zAr4bt
Wusyk4UrV1DbsNxay7crV5D/6yN4/rOPqw3iS8vLGdGzT62byxrgiBG71/h6QzPGVLsO31rmLF/K
Jf95hGMm3MI/332TpWtWx2e2pNquiIiIiGSWtZbj776NeT8sa9R+zPthGcfffVuDfailcEOqavCA
44hdduOEUaOByC/i5U/9O2HWRaremvllwgD6v599XONGn6m66fhTEgahD018s9ox36/+KWFAl2pF
lPWVKqlA9aCkMW0tL+fd2TP50yMP8PiH79U6YF3w4w888eEkvl72HeXhcNJjNm7dwpszpvHa9C9Y
VUOZXYhUn7n7jZe48YVnmPnd4qwvzxh22Xls2FKCMYbrj/0Nn1x3O0E3UOeg+9P536T0H2kLHDPh
Zk69fwJ+9FqstTz83lu8eNEVtZ7HGMOYocPTup5squ16w57HlAVz+dMjDzL+jhv41/tvJ53tlG67
IiIiIlJ/G7duYdzt1ydUcGxIG7aUMO7269m4dUuDnE/hhiTToAFH88JCbv/16fFp7S9P+4z/fDSp
Xm2FvDB7X3MZB9/0V/a+5lKOnnBzvfu1fZt2PHzmuZx5QEV1k/99/gkvfPFptWNLQ+Ws21yxT8dO
KVa/CHtewuPmhYU1HNk4ysNhpi9ZxPX/fZoXv/i0Wn9jJs6awbwVy2oMN2I2bt3Cp/PnMmf50qSv
L12zmsc+eI+H33ubRat+bLC9J4wxvHLJVVwx/riUZxN8vnB+Wud47IP3OOy2ayPVVoDJ38ymQ8tW
db6vX5ft0zpPfdgUK8Ckcm9CXphpixZywWP/5LBbr+WJD99n09attZ47aQkbEREREcmI+SuWc/zd
t6U1wzYT/OgMkvkrljfI+RRuSE0adA+OW088jd6dOgORpQkXPPbPbWov5IV5+6vpab3nwrFHsHe0
/GteIEDHlq3pv13XhLKvr0+fyqn3T6ixjZnfLWK/nQcDsFuffnRu1YYV69fWet7Dohuqxvh+0/sk
21rLgh9/4Otl31frb8w3y5em/Gn98rVr+HH9uqSvrS/ZzJxl39d53zLJGMNLF/+VQ4eMSDncsNay
fF3t1XeSeWPGNE645zYuGjueZ8+/LKXzdWhRdwiyrbaUl9W63CYmnZkWm0tLmTRnFp/M/4bpS77l
jpPOSHqc5/s1BmciIiIikhlvzpzGRY8/zISTf9dg57zo8Yd5c+a0BjmXwg2pTYPN4Nhvp8Gcsd9B
8cc3vPD0Ni8pqY8RPftw+IjdOHzEbowZMoJhPXrFw43NpVs5998PMvbWa2r9JPr9OV/F/12Yl8df
xh9b6zn333kwZx4wJuG5LeXZqxayrUK1zM4oDZWnHM6Uh8OEvORt+dY2eMWQPx58GIcN2yWtfSCM
MfWu7PLclI/o0aFjyhVH6luZJB3l4TClobr3OqnPXhnl4TCTv5md9BMDay3rt5Q0mSoxIiIiIj9n
d73+Eg9OfKNBzvXgxDe46/WXGuRcCjekLg0ScATdABNOOSNeYeKDb2Y32C9BOpoVFHLF+OO4Yvxx
tR734MQ3E/aWOPOAQ/jNXvsmPXb8Lrvz/AV/SZghApEwpakqys+npvFt6+JmBFw3pXaKCwooykte
nSXguvESvg3lrlN+n/bA3Vpbr81rY0th0tlrJZXgIRN+2rixzmPS3SsjLxCgb5ftuGjs+KSVVTzf
Z/4PDTNlUURERETgj488wEdz52T1HB/NncMfH3kgq+eIUbghqWiQJSrXH/cbBu0QqU5SUlbK+Y9u
29KUbfHIpIl8PC/yi16Yl0+nVq0Z3rM3o/r2J+gG6NiyFTccdxKDu/Xg2LtuSdrGTxs3MOH1l7j5
hFOASIDz77Mu4Khd9+Dd2TP5aeMGtm/bjgMHDuXAQUNxjCHseQnBwKoNycuONibHGMYO24UxQ0bg
OslDjN369OP5KR+zdnPdG8Pu2Hk7enbslPS17Vq35dChI5i/YjlffLtgm/qdTcYYenfqkvZ7Hj/n
Ig5Ns0zXD+saZrnOsrWr2aVXn1qPSTUIMsawXeu2/Gavfbnm6BNrDK0832fGd4vS7quIiIiI1E/Y
8xh/xw18ecs9WanguHTNasbfcUODLEFWuCGpynrAMaJnH849ZFz88V2vv8T0Jd9m+7Q1emfWdN6Z
VX3fjpG9+/LP3/+JgTt0B+CY3fbkwrFHcOdrLyZt55aXnmPHzl04bZ8DgcjygiN22Z0jdqle6nN9
SQn/9/7bXHTY+Phzs5d+l4nLyQhjDM0LCvn1nvtw2j4HMmiH7jUOcPfsO4A9+w1g9aaNte6Q3L19
R/bbaRC9OyYPB1oVF3PI4OEE3QCPTn6XibNnUBZKreRuffm+j5Pi7JPKRvXtz+2vpHasMYaPr72d
3fr0TWu2iLW2QX4vrLXM+2EZ1tpa+5fKDI4dO2/HUSP34Ljd92bAdl0JBmr+z8nW8rKsf4IgIiIi
IolWb9rIuNuv45Pr/lZtRvm22Fpezrjbr2P1prpnBm8rhRuSjqwvUbn3tDPjv0xffb+Ya59/Ktun
rJfPFs5jzC1Xs7LS0pOzDxpb63t++8Dd3PX6S7UOzD+aO4f9rv9LQhiwYUsJy9au3vZOZ4AxhtbF
zbhi/HFc/Ksj2aVXn1oHvu1btOScgw7jkCHDa1y60b19R04dvT+HDh1Ra7WYNs2ac+jQEVx6+NH8
Zs99s75kZV49d3Ue2r1XSmFFy6Jitjz2X3bfsV+99rB4Zdrn9ele2j6dP7fOKjg19d8Yw3Zt2nLe
mHE8c96lXH9sZLZTbeEGwLK1axpshoqIiIiIVJixZFGtBRTq49T7JzBjSfZn515/7G8UbkhasjqD
47LDj2G3Pv3ijz+ZN5dzx/yqxuOH9uiV8PigwUPZqWtFGdb733m93hs+pmL52jU8+fEkLjj0CAB6
dezMPgMGMmnOrBrfc8Fj/+Shd9/kpL32Y1C37rQubkZJaSnfrV7Fs59+FJ8tcunhR8ff800NpVMb
gwFaFBZx6uj9UyplCrBr7x254NDD2bFzFz6ZN5fl61YTCnsUFxSwY+ft2G+nQRw6dATd23ess63i
/AJ27bUjqzdt5JlPP8jqLI6nP5nMdcf8Ju3wYfu27XAdp8bpd0E3wN2n/J4/HDimXsEGgIWkM4uy
4YO5s1mzeRNdWrep9TjHJOaf+cEgfzz4ME7aaz/6ddk+rUBq+pJv2dqEN9YVERER+Tl79tMPGdaj
F5eOO7rug+tw68vP8+ynH2agV7W797Q/8MeDD8v6eeTnJasBxyXjjkp4/IcDx9RwZHKxoCHmmU8+
zGrAAfD5wvkJj4f37F1rwAGRwOIvTz9a6zF79h0Q//dnVc7RmCyRfVFmfreYAwcNTfl9u/XpR48O
ndh/5yH8uH4dIS9MUV4+PTt2onfHLrXO3Khq49YtzPthWZ2zCrbVQxPf4tpjfkO6EYQBdtp+B2Z+
tzjh+bxAgBuOO4nzxhxO0HXrHW4AlJSWsnbz5nq/Px3rS0p4ZNI7tW6mG3QDHLv7nsxfsRyLZdzw
kZx90FiGdOuZ9kwbay2PTn63weuxi4iIiEiFy596lEE7dGdMmvvEVfbGjKlc/lTt455MULgh9ZXV
gKNlUXE2m69V9/YdOWrkHvHHk+fMZuqiujez3LClJOFxQXDb16odNmxXtmvTNv74jRlTt7nNTLHW
sr6khAcmvsGuvXdM63vWsWUrOqY466MmIS/M18u+54UvPs16wLF60wY2bd2S9s+lMYa7Tvk9B934
V1oWFXHiqH24cOwR7NCu/TaFGjHWWp746P20K5dsi8c/fI8/HfKrGpcZuY7DhWPHc+HY8UlfT8eU
BfN4d/bMbW5HREREROrPWsvxd9/G5zfeSd8u26f9/nk/LOP4u2/L+v9nVbgh2yKrAcezn36YtGRk
Tbq178DI3n3jj9/+ajrrSyo+1S4pK025rfYtWvC335wef3zTi8+mFHB0bNk64XEmNs65Yvyx8X9P
XbSAt2Z+uc1tZlLY93jv65m8+MUUThm9f4Oe+4d1a3ll2mcNsobPt5abXnyWW044Ne1gYnT/nVn5
0BO0ioYjmQg2Yixw2ZP/zlh7qVjy0yre/mo6R48cldXzhLwwd7z2QlbPISIiIiKp2bh1C+Nuv56P
rr2N9i1apvy+nzZuYNzt19daZCATFG7ItspqwHHCPbeldfyl445OCDgmvPYib86cVq9zz1/xA2Wh
UHw6/W6V2q3NqL79Ex5/uXhhvc4fc//p5yTsQ3L/O69vU3vZYK1l45Yt3PPmy+w/cDDbtW6b0QF8
TbaUlfHZgnn87/Psz96Iue3l/3LzCaemv0zFGB7/4D3OOfgwXCeze/N+vfQ7NpVuzWibdSkLhbju
v0+xW5++bN8m82XDIPJzNWXBPN7/+qustC8iIiIi6Zu/Yjnj77iR96+6iaBb93Aw5IUZf8eNzK/n
hv2pUrghmZD1KiqNZcOWEj7/tmKvi312GsSRu+5RyztgwPY7cPTIPeOPF/64gi++rXvWRzLd23fk
hYuuSNh3ZPKc2fzr/Xfq1V62+dby1fdLqu2V8P3qn3h9+lQemfQOs5d+l3YQsa5kM+/NnsnTn3zA
lAVzWbNpU/y1JT+t5KWpU1jy08qMXUcqLn78/+r1vnMOPoxDbr4K3/cz1hffWoZddl6DLk+JmbPs
ex54542stb9i/Tou+c8jrCtpmL1FRERERCQ1H8+bw7mPPJjSsec+8iAfz5uT1f4o3JBMyeoMjmz7
x2/P4qS99iPkhbnztRe58YVnEl6/542X2bPvAIwxOMbwrz+cR5fWbfj7W69Wa+uQwcP5+2//QKvi
iv0Z/v7WKyn3pXVxM3bu2o3B3Xqwz4CBHDx4GM0KKjbaXPjjCk57ILPlmTLN830enPgGw3v2pmVh
McvWrubT+XN57+uZLF61kl8N35WxQ3dh9ICBdGzZqtaZDGWhEPNWLOO92V/x388/ZsmqVQzu1oPd
d+zHkO49aVFYxAffzObtrxqmckhld7/xEtccc2KN+0/UxHUcrjrqBC547GEmnPK7tJZfJWOtKnJF
AQAAIABJREFU5d43XyHsJ6/Okm2e7/Po5HfZq99OHDBwSEZnppSHw9z39mtMXbSgUcIbEREREand
AxPfYEj3npx5QM2FIB6c+AYPTMzeB2KgcEMyK2cDjlF9B3DWgYfGl1JcddQJPDDx9YQZAs9/9jEP
vftm/Je2ZVEx9572By4ZdzQzv1vEupLNFOXl02+7rgzYrmvCsoyXpk7h7jderrMfY4YM55VLrq51
cPjFtws48d7bWLyqYWcqpMtay9I1q/nLU4/RvkULvvp+Cas2rI/P6PjPR5P4ZP433HriaYwZMjwh
wKlq9aaNPPHhJB6Z9E58H5Nla1fz7uyZdG/fgY4tW/H9mp8yssdJunxr6XPe7/nhgcfSHtSP6juA
u994mVPvm8CjZ1+wTUt5lq9bw4WP/bPe78+EZWtXc96jD/LCRVfSf7uuGWnT832em/IR9739Wo2l
dUVERESk8f3xkQfYaftu7NlvQLXXPpo7hz8+8kBWz69wQzItZ5eotC5uljC4zAsEkn4i/4eH/8Ft
L/+XslAo/lzXtu04bNiunLTXfhw1chQ7bb9DvC1rLY998B7H353a/iEB161xkLxyw3quff5JRl31
Zxb+uCKdy2tU05d8y9tfTefH9euqlfZcvGols75fQkkd5XqXr13D7KVLqgUYpaFy5v6wjMnfzG7U
wGfVxvUcM+HmtJebOMbwzHmX8tbMafQ89wy8ei5XKQ+H2Pnic5pE6dQFK37gvH8/xPerf9rm2RbW
WibOmsFlT/67yS1Naciwxfdtg+0rIyIiIlJfYc9j/B03sHTN6oTnl65Zzfg7bsjq/39SuCHZkLMB
x1szv2TKgrnxx//97OMaB8yXPvkI+1x3Oc9N+ajGnX/LQiEmzprBEX+7gVPuu5PSUHla/Ql5YVZt
WM+MJYt46uPJnPnPv9Pz3NO55vknCXk/r4HO4p9WsqWOgGPlhvWs2byp1mMa2wtffMp1/3s67UG9
6zisePAJlq1dTd6vD+fzhfPTCirCnkevc39XrSRxY/Gt5Z1Z0/ntA3ex+KeV9d5jxPN9Xvnyc05/
8G6WrV1d9xsaUHk4zLI1qxsk5LDWUlJWmlOhpoiIiPxyrd60kXG3X8fW8sj4Z2t5OeNuvy6rM60V
bki2NKklKre+/Dy3vvx8SseGvDB7X3MZ++40kK3l5Xw49+taj5+yYC7H3nULQTfAvjsNpE+nLrQs
KqakrJSlayJLJ+oz4HxzxpcUnnRk2oFILvtx/bo6r3ft5k1s3JLdMlKZcO3zTxL2PK479jdp7anh
GEPp4y/Q9exTGHnlhezctRvPX3A5fTpvV2s75eEwvc49g+Xr1mSi+xn13tdfMebmq3nijxezS68+
ab23tLyc5z/7mHP//WCTm7kBkVDpu9U/MfO7xQzt0Wub90+pTUlZKTOWLEqrrLWIiIhIY5qxZBGn
3T+Bp8+7lNPun8CMJYuydq6fa7ixYUsJLYuK6z4wjfYkfYbjxjb+HHnJKX06deHvvz2L4T164zjV
B4qhcJj73nmd+99+nVUb1zdCD9O3z4CBTLzyxrT35Ah5Ycbecg3vzJoBQM8Onbhi/HGcvPd+8bZi
y59WrF9L/wvPYtPWLbx66dVMnjObV778nB7tO/La9C8ye0HboEeHjlw0djxH77YnHVu2qvVYz/eZ
v2I59739Gg9MfKNJ77mRHwyyZ98B3HHSGXRq1TorIUdZOMS0RQu58LGHWbTqx4y3LyIiIpJNu/Xp
lzBLPtP6ddme4/fYO2vtp2rKgnm8OXNaRtu85ugTufroEzPW3rXPP8k1zz+ZsfZ+KRRwSL38es99
GNytB/mBYLXXNm7dwsvTPqt3id3GUpxfwJw77meHdu1Tfk9secubM6dx6C3XxJ93jKF5YREDu3bj
tH0OpKSslPMffSi+lOXmE06hLBRi5Yb1dGndhr8++0RmL2YbBVyXgwcN4+yDxrJ3/50oysvHqRT+
eL7Pqo3reeHzT7nnzZeZv+KHnKiW4hhD59ZtOHDgUIrz8zPatm8tK9av5Z2vZmj2hoiIiMgv0D4D
BrLPgIHb3M6kObOYNGdWBnr0y6OAQ6QSYwxDuvXkg2tuoTi/IK0qKb61nPT3v/Hkx5Oz2MOGY4yh
TbNmDO/Rm7FDd+HAQUPp3r4jny+czxszpvLOrOnM/WFZnfuxiIiIiIiINAQFHCI1GNajF38/7SxG
9OpNwHFrDTtisxd8a9lcupWDb7qKzxbOa6iuZl1+MEj75i1pXljI6k0bWbNpY5OoACMiIiIiIhKj
gEOkDq7jsEO79ozfZXcOGTyc/tt3pV3zFhQE89hcupXla9cw47vFvDx1Cm999SVrN2/OieUaIiIi
IiIiPycKOEREREREREQk56VXMkJEREREREREpAlSwCEiIiIiIiIiOU8Bh4iIiIiIiIjkPAUcIiIi
IiIiIpLzFHCIiIiIiIiISM5TwCEiIiIiIiIiOU8Bh4iIiIiIiIjkPAUcIiIiIiIiIpLzFHCIiIiI
iIiISM5TwCEiIiIiIiIiOU8Bh4iIiIiIiIjkPAUcIiIiIiIiIpLzFHCIiIiIiIiISM5TwCEiIiIi
IiIiOU8Bh4iIiIiIiIjkPAUcIiIiIiIiIpLzFHCIiIiIiIiISM5TwCEiIiIiIiIiOc8AtrE7ISIi
IiIiIiKyLTSDQ0RERERERERyngIOEREREREREcl5CjhEREREREREJOcp4BARERERERGRnKeAQ0RE
RERERERyngIOEREREREREcl5CjhEREREREREJOcp4BARERERERGRnKeAQ0RERERERERyngIOERER
EREREcl5CjhEREREREREJOcp4BARERERERGRnKeAQ0RERERERERyngIOEREREREREcl5CjhERERE
REREJOcp4BARERERERGRnKeAQ0RERERERERyngIOEREREREREcl5CjhEREREREREJOcp4BARERER
ERGRnKeAQ0RERERERERyngIOEREREREREcl5CjhEREREREREJOcp4BARERERERGRnKeAQ0RERERE
RERyngIOEREREREREcl5CjhEREREREREJOcp4BARERERERGRnKeAQ0RERERERERyngIOERERERER
Ecl5CjhEREREREREJOcp4BARERERERGRnKeAQ0RERERERERyngIOEREREREREcl5CjhERERERERE
JOcp4BARERERERGRnKeAQ0RERERERERyngIOEREREREREcl5CjhEREREREREJOcp4BARERERERGR
nKeAQ0RERERERERyngIOEREREREREcl5CjhEREREREREJOcp4BARERERERGRnKeAQ0RERERERERy
ngKOenMBBwxgTPRvIs/FHzjEbrETfw8Jx7o4BH9B3wYHotee+MAAbvR+GUz8FplK74zd0di/E4/5
5dxDERERERERqc4AtrE7kYscwMfBGIu1seG1xcdgorfUGjA2eoNN7Fa7uNbDx4k+7xN96y9DNLEw
NhJXWDyMMdhoaGGtHz0mekNsJMIw+FjA4GCw+Nh4uBG757+UWygiIiIiIiLVBRq7A7nKGCiwsHvH
5hzWvzUHj+hNF7+UoAeeCeNaCBMLOQyuYyhzQ3zvNefVKQt5e+E6ZqzaTJmFsGPA/jKG58ZGQgrr
WAp8Dx8Yvl1zxuzchvF7dqdDcRDHlkbDjlA0BgrgOYaA6+CVeYSDBcxeGeLVz3/g/dkr+GZVCZ4F
Lxo7iYiIiIiIyC9P05vBYYh+ag9g45/NV/278uKFyNts9M/Ya7ZKowAuAcJ4xsVar5bTm8jMi1hf
TGS2QJG1HNm7HX87YgitQz9Fu2iqN+Ikv6WRmQrgOxWzO3zjUuI2485J83nosxWsNaai59ZijAvW
wxJZmOE3sW9XTeLfwei9xETmYbQ2PpeM78cZI7ejmd1E2EZmcADxvyve70efi4UWDp4B61SEGLH3
WGvZHGjNox98x23/XcgaC9YEcQhhjcH6NqV5HpHvUQCDT+RnyFbMwiHWl8iSJEvkkKo/mfErMBas
Q8D4eBjsLyTEEhERERERaQxNL+BwIM+HoGModmx0iBnbdaF2kWGvjV9U5b8hMsAOAZvDllBNjRjA
OmB8AhYsDgd0bs6jxw+gTflW/EAI4+dhjK1YXlKtjeR9tU7V5yMDeMf3cLCEgi4hWvHKklWc+tw8
yoiNrAswlGJNLs30iMQxDtDchZf/fDBDW3oEWYfvejh+AGwk7IlJDDj8hOdiOZJPzQFH5NkAeTZM
2A0wL9yWfS5/k83hAMaG8Cpil6Q9NkCHogDFATe2yCj+Z+J+IBXviPyMVTqu0kEekSlS32/w8UwY
P1e+dSIiIiIiIjmoyQUckQ453DCsC5cNKsZi8ByLixP57Nw6OA7gWzAGayITJqwB33Ei4UR0qYIx
TjSE8MBYPBvEEKLbQ1/zY409cDHGp8BYHj56KMd0cnDCYRws5a6Pa/3IOVwXa2z0U/nEGSXGSb7h
ZWLA4ePg4ztBjO9iHR+XMra6QfJxsCGf9fltGHXHZBZ5DsazeCbcxL5bNXOBER3yePWC4TTzwzgm
hCUP1/ewAUvYOHiOgxuOBEXG2ISAI6ZywFE13Kj8OoDrW0JOZOaEtUFwPfI8Hz9QwKG3T2Py0jKs
dbA1LmMx3HtSf87YrQAw+I6DY8E3iRN1LJHnHGMwxmCiyYVnqJi9Y3yMH8BzoOPpn1HmuOAnnzUk
IiIiIiIi267J7cERGR76kfAgGhq4vsE4wUgNkmgkE1sUYGz0SWtwPB/feEQ+OyeyASiRlQJYg2s8
YrU6XMBzwXixCRsBrAmTbw3PHz+CA1uHcSkFL4hvTGRAax08HCI5RaVlNCb55/vVrysyUHZ98E0s
sPFxjI+1EHYC5HkW34QwLrTyfmLO+f3ZGGzGTjdOYbUFzwHHN/jGRq+98TOPWChl8LEmyLE9Qzx0
+u4U+Fvw/VKIbahKOWHXjXxfrY2HGwDWGjBOpTarBBkWrOtXLB1KwjfRzV6twScc+dtA2C/nlYuG
AB4PT/U4/4lZGBuOnJdICGZsZIGJdQzWWLABHBtZkuJYB8/48Zk9xhpcovM3fMAYfAzW+LjWwRof
4ztYYwl4Dr5B4YaIiIiIiEiWNbmAI1UJn/ab6D4I1o8MWKMqQoVojRNTsZ+CB+BHBrgOECDMGUO7
cftuzXH9EEFbjmeiC2NMRYSQjWKkPhV7csQG8BXLcgwtyktZdOlA1uS3ZNB1H7E+fh0OsX0iGkd0
tgSAddk+z2HWVf3JCxZiQuXRvSw8jKlhcG+qLzWp8UwpXKKt1Ebkzlh8Y3CwBD2fcuNw5tAwp44c
ym3vb+Xm/30NQCC6IazBwbEmujeKpWI3FD+xv5U7E1//ZCOTN4yfUl9FREREREQks7IxXs+Q2CjR
AVtzDmOtxVoPaz2McSNLBqJf1Q+ufLlOdPNLQ0vrs/icUdy7SzuCAIEyPGMIpLhpQsLmkTb1Wxp7
X2xGQuLAOLLcxvXyAAj4BXQq3cDSSwZx58F9sG5kI0zjuCmfL9McLMYxBK1h0Q17M+fqARRaFxuK
BRqxjTrB4BKZ95BE5Y1VU5BygFBpqkdZMAROGByPoA1x5egC1t61D/0KDL4JRn4TTMX+LbXyLVU3
1HBsjXvLioiIiIiISANoogFH1e1BM9UmlTbp9DG43DtmZxaduzOdw1vwnUiFDB+DY33CTqoTXOo3
sq188+PLTapcsuf4WOMQ9EOUmwIcE+bsQQWsuXhXiuNLHzJ5n+pi4mfzcRm/Yxs2Xz+CDqwiP7q0
yI3djqSbsCa/V34al2Di+56ket99jO/iWIPnBHD9IAB5ZhNT/zaSxffuS75PpGqNJRpS1dYhSyS8
iX2JiIiIiIhIY2t6AYeBioGrAetSWzcjszXcSDnVJCL7H0SWrzi+RyjgY4B84Mdzd+eMblBU5hKK
bUYKBHwX3wQAW+N+D5XOQH0CBmsiSypslSkDsaCjYpaCj7E+IdcQtB5B8sFxaG42sebSoQxvZaIl
PhwgmPWoI1YS1XECTL10FM8c1wkPS9AP4ttg5Ih4WhOIXWhk+ZCtIQywNq3ZD5bIz4Rf19WaillA
FRV/DZ6pKOca8MN0ZB3r792FA/q2JmwcIA+vttVbjgNO7Oey6f0KiYiIiIiI/BI14dFZbN2GByac
0jsiy1UqvhJbc8C15IUL6OnCurN3o1XpZgJ+PT+BN0kG7GksT0nsWypiswYqeKacD88ayKV79sTg
4johrJNKQd36swbyjWXD9aPYubgE3+RjrIfx3Wgvq94DB2MqvpJebR37b9Qktbtd9fubeK6wE9kE
1Hc9Xv5TH04d2QqcUhy/PO3+pDMLRURERERERDKr6QccaS4DiCww8atV4YjsHBnAp4xJpw6nMLSV
sGOhpn0h6lRliUQ9wo3YxqK1v7PmWQKudfBxuXqvlvz39F2wNg9qmiWRIa2AtdePJN8vweJT7ri4
1sN3yuLraxIH+lka9ac046PyJqHR+2IrlthESgzbaCjjYjDksRmPILaGUr81UbghIiIiIiLSuJpe
wJEwcE13sF7p+CpLVnwDXqTMBdaU4zmQF62WET91OvtA+A6OdXFsAMfWLyRJp9qGb2JfkWv0cbE4
uNbDtT6/areFyeeOwhiwxgVjqLt4bapcXKCDge+uG4JDeXT2ikvAengmgCVYwwX5WLz4V1K2fnuY
1MWxBsc6OLZSSFRpeYqxkSU3jrU4fqTqirUBXAtuGkFRTeV648uNqLxziYiIiIiIiGRD0ws44ipV
UclSNxM+dU+6IWYKTL1XpqTEGh9r/CRVOipvwuoT9h2GFpXy7ll74Fg/OjMhQCbunYtHMfD9DbuQ
Zw0Gi298bEL510qldNPMK7JZfMSS5uwK42NtDUFM1YZj/zSRa3azeSEiIiIiIiJSqyYecMQqn2Sn
m/HxaD3DDd8Y/EozArIrEvREZiREttiMbYpqrYsNWFyzgT2KNnH+Lm3wnSCYMLa+wU0l+cDSa0fi
ej6ODeBbB2t8DF79g6FKkpb0rRdb5Su6x2nV88WOTlZJmJo3rI3zfbAeqqIiIiIiIiLSdDS9gMPE
/4j8bQPUf5+M2sU/cbdOvUIUE19aYSMD/QwM9iPtOlUeg7GRaiqJYsf5uNbi2DxMwOXGA7Zn50KL
awymvvfOAccppMCF76/fm8LwFnwLmBCu9TF+IFolJfX7VmNfrE1rAYc1Tg3LYUzCV2zmRtW2awuk
jLWR8KK2ZTMpV1GpHABpiYqIiIiIiEg2Nb2AA6i6/IKa9m7YRolLVDI0D2MbQ46qswri+zuYdPYI
8Zh2UX8KfVvzvhd1MD7gb2XhjfvRyi8BJ4hvsjeTJp27b0itqk59ZW5GiYiIiIiIiDSUJhpwQEWZ
2HDKZWLrfyqfbdsJomJAXLU8bTrS2eS0Oid+fhcHJ2T49qo9qs0GSb05w4PHDqV1aDNhawg5Dg6h
belgjdIPFGyl2TO1tBs/OvnzNWVa1tq0+xTbBFZEREREREQaR9MLOOpdRaXK6DKdcqn1XKJSqYGK
XmzDp//JBtypTyzx4+e3jovvOLTwtvDPcT0qvsu19s1U+tNhe8dy3CAf14ssjXGtD9aN7jqR6r1K
8V7UuUTF4DuRyjWRmSwGW8u1WCJ3o6aZIXXfUgebRlpRUxUVERERERERaThNL+Cot+imkjjRr7oH
qOlW+8i2pJteVnkuXi62lm9dZIAf2Yfi2IGtaOMTmdVRy6wHBxv9M4CLZeGVgykodzGEE/qQ3g+M
TTmh8WudkRGrt5paaLWtEykMJq2gKnZ/NIFDRERERESk8TThgKNSmVhb80aZ1lqs9bDWwxgXY0z8
qy5+5bUKGdogdFtVDTRie29U5ASJ/Ux2nRYnshEnELQhFl65Ow621iUUfvRPY3z+89vBeI4DuPhV
2je2rh+a6PwJ4xHZOyWFgKOu71e8rdpVPlNtfdzmIMK3ka9K561exldEREREREQaUhMNOAyJG42m
MiRNf3Rpk/yrzuOTLSNJ+v5K+3JUeVxfiZMhKr51VcMBBx8s8ZkshX4pY/q1wdQSFEVaCNLS+hy5
AxjfJex6BKvlCnVdRywsilaVqWNjEVvtT7DRxSU+LiETpMzkU+oUszX6VeoUETIFeLgJ61BiS1Nq
Oku1Z+v9LYmdKfKlmRsiIiIiIiKNL9DYHajGUKlEp4nO3qh5CBmZrVG/nMa14Bkq9t+oYzlF5HiL
sS5hxxLABxvAN5FQIfZ231iMCeGZAK7v4GIJOyEMQYyNzBypXPI1stwk+dC8apecSnuF+KbmDTED
0fbDjoODw2PH9qX19Z9U2i/CpfKsCIvBmBAzrzkQ31uLa3yshbCT2LYlAIRxsFhMkqVA1fczicRV
fqXXIy1hvEg7fhAox3VdNgRa8dS0NVz7n5lsAkLGIWB9PBPrs438fBgXx1gKfY/hXQNcc8ruDGsf
Jj+8Fd/kYY1H2HEJ+h4Wh4zukOHENzXJXJsiIiIiIiKyTZpewBEX29ggNgivu6vW2oRhbF2rVBLL
xPrUNWD1TGR/BgiTh4vnueBaDD5luOA4GGsIkI9vNuPg4psw5U4eAWsTlpokLjuJdqGWMbiN7r0R
mYNREYYkCzcqt+Nai+c4FPqbuWTP7tz68TLwwxi8xCG/gc5BQ2dvPU6l4rLGVp3pELtP1Ttrk04I
spG8ythIhRkDGD/Sb9/BD7qUW3hkapDLn5lGmYm8Jw8IRduLLHQxYP14pGJtGGuhxMAHS8Psd8PH
5OMTMIbPbtqbHYq3EAz7eC4EfD9hU9J4fFZ5klAG+EaRh4iIiIiISGNp+gFHWpVUwCQcX/duEZE3
pXYOz0TijQW2Nfe88xUvfLOBNY6JhACxwTtES7Na2mIZ178tFx/Yj+0LLEHPi88lqGlfjeqBQkW4
YSsfa/w6ry/SniHoh/GdQq4cXchdHy6hzATAJpbeNVimX7kP1l+LZwNV0pYkHTKxWSdJAhb8aNhh
ogFVbIZM7Hgfi4vvBPj9Y7N5clZpPLyIfVPKDZHnYvuLVtqEtGJVioOxNhp5+ISNoRzY+fLJBIGP
rtmbAa3L8U151oMHlYgVERERERFpXE0v4Kh3mdgqxxu3amPVJFui4ljwjEue5xF2wLce1nVYHWjD
bndNZrlftYuVZo3El39E+rEaeOSbNTzyzcc4DnQ3MPHCPegYXoux+YCLjc5QqW32RuJMg8TlLMmW
qMTCE2si1+dgwIYIAvv0ac1bC9ZXOtrBcQO098tp6W3AxYnek0ptJjTvgAkTmVdRdSlKtF/Wib7H
gnWxrsXYfHwnjGvDeI7h3R+LOObODyit3G+qP6j9O+gn7N7hVQpBwsDIaz+kjbXMnbA/zQKrcEOF
lAZ83Oj9yVQmEfv+VJ0QYo0bKW1L5SU6IiIiIiIikg1NdJNRSKiikqVuVl+iElkK4ViL5xgs+azK
K6LdPbPoOuEDVlonEh6kcQ6LiyUy0F3ku/S841N2mDCX9fltMH5keYuppUJILGdwogPyZGVibZUS
qxWzHiIhTmXPHb8jsSuI/Onj++V8/Ne9sI5DyLiJsyUS7lHlbTwdkt6J6D2qfAeMNTi2lIDvUUoh
O1wyg19N+Cgh3Mg0S2SJ0lqCdLzgXd5f1JyyoEuhF67zvZDeBqTWRL4/Ve+1iIiIiIiINJwmHnBE
R5k2O91MtkTFM25kkO6XM/zh6fSY8AWbjQPWEsKPf1KfMscD4xE2Fmt9HN+wBuhy8yQOeXw2xgHH
D9b49uozO2J9TW0EXrmsqzWQ72ylVXTmQyysKbDQ2azHDXvRvTmc+PEVIVBslkus9KuTNAVIfE9k
rw4Pg2cM6522tPvLZ6whcZPVbLE2uhzGOIy96zN+ddtMNrp1/ywlXkMSvg++R0UlFREREREREWls
TS/gMPE/In/bALGtNTMt9ol7uRtZSoHvkGcdfixqTvGDc5ntGcIA1q8oEVufVTOWaGUYixcLF7C8
vyZEi9tmsTGvCAcbLTgamQER+4LEWRyOdaJfdd+T2BKVyhlJqQny8vl7AIFIkEOAO08YgXEcfGPi
+4dAdAZI/HqjJV+tG/1KEm5Ef5wcG6kk4wOeCWJ8j/llbel42fuEY7cjrZtYT9YHvMjf1jB5+RaG
/Xkmxrq1Vt5JvO4kHAccl2zOLhIREREREZH0NNHRWeXdDLL3KXnsU/r8UABrfALGMs00o/tdUyID
cZvFYbgFMGx1HTrc9jkrAy0wFOC5ZdUOTb4/R83LWpKeKtpOfthnSLMAAcLx5TGn9rLgV/9RsKZi
l4uknaqWccSO9THWxSWMY8MsDLdk8HWTI5VMsnlPa2M8jIXlIZedL/0CCGKxSWdqVA6XRERERERE
JDc00YADKkqShMGEsnomz/gETIgPS4KMvO8DPL8c3wQI2NRDhHTF9jZ1PJ+w77HDbR/xgzE44WAk
O7C1bTzqVyqfmx7fBMm3W2lJJI4owhIusDhJZ2T4RFbnJKtnG5uaUvmaonVeDPhOGRYoCbRn8HUf
RpYBWS9a8aThBaIFWjzf47utDoffMwvHNZgakoyshlsiIiIiIiKScU0v4EhWSiMlVUuZ1j7rwydW
ZcXFD1jmB9txwGPT8E3kOWyYcBbH4haD49toP3w8G6Dn36ayNtAOiAYOxksym6D+A28HCNgQvuvx
4iUH4hiXJ88eRbA80oeqjI2sb6lapaVirU6yvhjAEPAhZPLZ/rK3sL6P48dKxDZOcBCOl6D18B2P
dxdsZNK6DhhjMPGSudHNVy2YDAQxiQGVpoSIiIiIiIhkU9MLOBKkMxiOFQx1ol+1DygdU4YliGvL
KXMK2fmejxMGwWmfPm2xwqGxmRge1gnR/bZ3We82J+x4eKZ6FV/fmGpVVNLhG3B8w+D8LWAs+3Sy
GBMi6Y+CiYQVydVQRSW6vMiYILveOpPyaLleP/5a43P9yNKUsVe+TakpwHMLAZMQSGSkb4bEAAAg
AElEQVQyjqjtLoqIiIiIiEhmNOGAo3KZ2Jo31LTWYq2HtR7GuJFP5KNftXG8fIJ+GWUGuv39c3xs
NBRppKGoiWxsWeYYet/2MdbJI8+LhB+Jy1USZ1rUdZ3VWTxjccwWCvAp9LaCjW39WfVIP7Ipamy5
RrwjsT1STJXjHXzfw7EwM9SWuZvLIIvLfOrLw8GxkY1edzh7EgHr4VoPv5aNR+tiqaPyioiIiIiI
iGRVEw04YksZqpQRqVV6swPCbhlhE+S2+WVs8mNnsvF9JBqcjZRTDfiGEhzOe3MZFreWfTgqvnXp
hBwWyLMeQd9lgA/lbghrA9garts4sVAjdr5KZWqTvMVxHYzjsPc1b2MsWKrPQmlsxvj4BMB4bCbA
1DX5lDsBjKm+wWtysSU6FRvg2qS3o2nMWBEREREREfklaHoBh4FKdT+iZWJrKelpTHTmRnoDac/k
EQ4EufG9BUDFppKNOyS1hPHxreVfM1eyxbZMeNVEy8RGRAfWaW6GaaxDGBeLz/t/GUq+LcA4dew5
YQ2plIl1bZgyAjw7p4TSeN/C1Y5rbJFbFo787YQZc9XkyLImP9WfoUg537rLxPqRzVXj7xERERER
EZFsaXoBR1zlKiqpDZIjy1UqvmoT9MOM/sfnhLdhWULWGIshyN4PfYR1KjYa9Wroam3XWtv9CAYt
XjgcaThJEwYHrFN9hkgNZV5845BPGac8uaDOS2wqrA8bTT6fr8ivMYPQ0hMREREREZGmrwmO7mNi
o8qKZQCpvcuPf9XGcwv4wqHSJ+xNh2MhbMLMKLGUmiIgMsiuiBMcojteAD62rmswsZkESY6Lzgip
aYlKzTMPklRRsQ7fOj2wftPbd6MmBgfXlnHoDe/XWBMmpRVSIiIiIiIi0qiaXsCRMMpMN3yodLyp
ZWNSY5hS3iZyTNPLNyJdshZjfe6c9C2hgIdnIPbtcqyPg41WUnFwatmE1RiDwcXgUu3bbU0kHEkr
5ImEK8lunG99Rl3+Yp3hUlNi8fEMhIBypyW+MTjWwWLxHAg71SaqpN62cf+fvTsPk7Su773/+f7u
qu7ZYRgGUOYM6DCAigYFklF2DChgrnhdxhg1HoPxOhqJiUaToznq44KChrgc4qMxR3iiz4mXbHmy
4IksgoIKgsLFMihL2AaBmWEZZu+q+/d9/riXruqu6q7q6aXunveL64au6qp7q+KP36d/v+9X8iDX
aB8ZAAAAAMDMGLyAo9TaRWXPT7McpHqQeao3/q/vKyidln3PFHfX527erAXNUHb4iKZxbWL7rcPR
51mM/mitwcb4NrHNoYXaOoNnMhNM2WVFBX3tx89LcqUhLZelZHVP5vIMAQAAAAC9GNzRfVsXlT0/
TTcpmitRqhEb0jZJMWruuqb0qKmaUqsriVGyVG1dTIqfzBTl5dYPM5O6tNV1Rck8n31QjPiLpSnj
A46Hdi5UlFVqSUcxHyUo6HP/+xaZRaVKFa0pRe8cbsSYbSpa5gIAAAAA5trgBRxW/iv7ryfSBEsw
et5t3oEkmOv52jI1JMknqj0xKJp6ZNHBqrkkD9k1eFDw0Xvi7gqycptenhehyP/rYbSLyphb97eX
3yipVqkxf1EtJKqpXZLqMYs7ah6UdLuXIWRbNv9jVs4TAAAAADCxwQs4JLXN3uhS72Fqe3WlGtav
nt89LfubDW7S/7r2DjVCkGWxTG76CnlOOETv1EUl+8W4N/7bPSP58wP6tZpEU9Lm5EAl7rIqTUMB
AAAAAAxqwCG1t4ltTPzSHrhJ5qbUU/3zXQ/u8f5mS7BEl//s10qiK4m1/NliucrkJm2bW/yuw2us
wzKU7BfeslQl341Mz5rJlEozWhNkZjXCEgV3+TTMGgIAAAAAzJ7BCzh87IOp1jkY+55sVoiFVLf8
56Ypntzs85hqe5rKQ6qmJVNbUmOeFwhtfe+Y/RSrLcrXTmZ8wCH3vKZJdQOOn9+3QdHCtHSCmWr3
FQAAAABA/wYv4GhTLFXpfbmAK2TbuMGlSRblFvTUtmk8xRnmJjViVBKDZKm8WC7SY+HVrE1sGDcb
wxXHzLQwmSyvrTHZ/e5QZDQ/ryhVuizFr5/eIvOoqfyv0e2ys29whW8KAAAAAFRAbfKXzJXWNrET
vMpHa3SYJWovF9H5T+jTU9Fj9hQTK5L85zhmrFx0USl0LY7Zad/5Det0p4ruKe5Ft5Wy127LmbXu
LEhetbvbLrqNW34z9n53UnRboXQHAAAAAMyNAZ3BkXft6KdNbB/rASo1BO94WWGaBtI9LAGymN/b
4jMo7l7o8LY4D+YpRMmtnClj6iW0iC0bAAAAAGAuDN4MDlPL0gmTfOJTNDNZH107QgzT2H9kFhS1
Vr11oB3b8hx3V+jY6WSi3SaSYtut7qqY1eCm9pa9Y2p6eF1BDaUVrj0xupQnCytcUhKldMKvWOsv
Wy8+bbmvpgmDJAAAAADAHhm8gKPU0kVFUi+n6t5egrPPMf9gyieyuGVLJcb29ujcwrXl7a11Njq9
doL3m4Lcffwx2paq5DMd3GVqKlUQMxkAAAAAALNtQJeoSKN/+u5v6r8pltt84cpmEJRVSbzPWg8W
87oSne/JxPvq9sv2OhUm11IV7WMBAAAAAJhdgxdwtM3i73ew3PJ6GzvXoaLyfCG03JfYUu/Tx7eL
aX+7mUxJviSl88fdXzvToOxDGv/ZvHqVKZkXVTazmStlMERoAwAAAAADb/ACjlJrF5UBPs3Z4t3n
UkwWckxk8jiidYlLa7Axpk2spM+8+wyl86DMaMmD5EGR7x8AAAAADLwBHrn12UVlHrN8C11yjKJN
bLH1w91birqO+V2+DMU9arQmSrE0ZXzAcXh9l6Q4rk5IFVlLF5XJ9dCNBgAAAAAwowYvObDyX9l/
vfvSir2JeftSknFdVGTlNu0HLjqAuOWzGpL85/aXJnGrFqvP+iADydt+6hYsjbKWrVWQj2uvCwAA
AACYCQOaHLTM3uAv45JGu6i0Pp6dA4funVrGNlexuv6fPz1lHizpmK7vW+WTHgAAAACojAq1iR2a
szOZU8XEiTzgCMpmFKSht+KgvbaJLV7XGmaYQuehflmLo33WQk0jesNBqWoe1ez0vr2YyeQEdQAA
AAAwYwb8T+3UNpCyCCGOmcHR3w56aBNbrIEZuxamq/H7MqWSN7VuxbBknRdt7K327m8wAAAAAMy8
wQs4fOyD/obJntc92JPOIgOl5dKLWhCtbWInfXuPbWKLCh7ldJGuO8ynlHQYsjctUQwL9R9/8UrV
XZIle/3Avr8WvAAAAACAqRq8gKPUW5tYd5d7KvdUZkk2oM+3vcVUuqi4e3mPuoVBo11Uettn8ET1
uENuTX31na/IPpN5MIdjyjNnAAAAAACzZkADjmKGQB9tYvlT+RS4TJMsSbHeu3+4Re0Mi1WLqd52
WKqlUuXrTph6KegaWzYAAAAAwFwYvIDDpNHZGyZ5TROdZjZbI5ENcr3UPTRZq9KptIk1MzWbrk1D
L1SwPr4G3q0lqmRuGvLdkqR6MqSHzjtBZsXSGMv/XS0uKZk0twjqPNMolZcBUdWuHAAAAACqZfAC
jlLRRSXNth5ky1VGt/kkq5PRv4nuRy0k2pIs1fZkSJ1qaphs4jaxXQU1ommxtun+T56Wn3xQFDU5
AAAAAAAzY/ADDqX51uu7YrnNF8WdmGgWx8Q76NxFxUO2hOQ9lz4gt3qXI/cebhT3PJpkFhS1QAcl
z+u6D5+guqeSDfQXDgAAAABQYYM33mwbxPcbUrS83pJpOJnBMbZ7a6+xw0RdVEKMkrn++Z6nFZUq
mCQlXfYdRmfTWFNSbdxZeL7/4FHBXUFNJbZbxy/fruv/+7r8NcqX0dgAFyDNu/AUwVAfdUjGGtQr
BAAAAID5ZvACjlJvXVT2Fm5S2nIbpmOpRwwmV03NUNf/d19UNJdbqs73O6r9s4gTnEXxGs+micSo
o/cd0YOfe60Sy+bXmFw+6CGUh9ENAAAAADDQBnjk1mcXlfnKszuRhpbIx9s7e0ylTawkuZnMm7K0
oT/6zh1qmCnEROZdZiy45QcO6tQ1pHWJSuuzzWRIrroOjU9p4xdO1H4WZWZKvNnzuc62/uqOeMsG
AAAAAJgLg5ccWPmv7L8+fmnFXsXGL3OI1r5cZSpdVNxdFqOCZbM4Gqrp0l+6YojanUywD8sTl3yx
Sds+W5aolCevqJqPqO471VCipY3tevz839LFf3SMLKkrWLFQpficQ/nOXiQKZamQ7KtTy/e1J7ND
+g0qunWWCeU9oYUsAAAAAMysAU0OWmZv8FfxGdN6l4Oaes+ld6iZumota2Esdrr//cxuGD2CLKpp
iRLt1h+s3a3nPnusXr60LldNUprXu5BCH1/LVFnmkriy/XjM97UnX+3p+s5RgQMAAAAAZsuABhzS
aJvYpmQjc3sqFdatTWyxBKN4PlqiNJX+/Opn1LBs6YjJs1oZPbbcHV2i0lKDQya3pCx06rZLI7ZQ
pgWq2U797KMv0fMXrNO5v7WfajLJo6LFtiU4Ex80ZgtmLJvCsVhRCySFWV7+Em3s0px2g1tQFQAA
AADmhwEOOCRqG0yTLm1izUxe1JrwVG41/eMtD8uThdlTJplNz703N0XLZlnUfYd216KSdFiJBYXY
1IVvOkyb/+YYPfmFE/WRMw/XUpeG1HnxR8ucEC10abGkH37qbD33paO1+csv09plw4ph9guYTnSn
+AYDAAAAwMyqzfUJjONjH/T3l++y5oG7+qoTOcBcWWHRdArXk7WJ7ZxjuY3O4JBJwVO5mQ795E+0
4ePrlMQReTD1+jmM1uBofTbKYlYE1aIUgim1mmpRaoSmpKAQGnI3DUfTsHbpY6fso//rtGOVRqkR
FmkkDMuTmrbt3KWh4brqFhSsqUXxeQWZarGhZngi6/OSDusHnz5BB33whmz5imYvXOh0h6YpHwIA
AAAATGLwAo5Sa5vYCV7lrmJmglkyJtSYP6NLc3UNbIouKoWkx1Ao22cxg6NYYhH0XIy68Meb9Fcn
Dct9WL3fx6KV7PiZIoWOe7LWORlRiVxNScGkYd+pBc0dCqlr35pLqSu41Awmt6aCRTWSobwOhykN
0mJ7TotCqq1pFrpYX71lpqYIdXpeWgMAAAAAmFYDukRlzKyBntrEzp8wYyxTFkaE6b5Ed1nLDA7J
ZZ6FAZ++9mE9m7xAMW/p2ut5SnlQYmm2TRK2tF2SNcs6Foma8pDKFRXN1AxJVuciuJpWy78hiVKr
S55VC0ktKlVd0U0/+PRry9zEZ3wqT1SntrkAAAAAgNkzeAGHjXngNU10mmaWz9wY4Mko06Tbcoep
tol1tc/gkEue/9NUqhd97DqZuzzWJaWKk6y3aFui4nXJhyRFudJyG3dN2cnkOwh5iGMKMVEtDarJ
VJOrFqOSGJSkNUmuaFmoETzkzWVdiZsSNRTcdcTi7aorL3zaY5HUqQtqbXE7Ku8MM3qlAAAAAIAZ
MngBh6T2mg9pvu3d3KR0Rj6t7m1gR1xa85k75ckuueoy77VwZ2sXlTA6A6dlJs6EkUO3IKelU4nF
icOcmo/o5MNW5EtGZidcmL9ziAAAAABg8A1owCGNtoktljpMzt0lT0e3+cCzgXMaRhdABO+91kM2
U6OYPTG6hCKb+WJdJje4ZEEu6UkP+u0v3iOFEaU28ddltE1s+7NZodMkmy3iphjy51wyjzKPLTMd
ulyH5YtAWvZtE/Vllek771+bf4tmPuCIRv0NAAAAAJhLgxdwjOnA0Z+W19vstwmdETY6PG+tcdFr
d44yXFCisR93ERp0lNfi8DTqJ1ukj1+7Te6p5CZzU7b0pH1EP7pEpXWvLUtU3LNuLdEl96yLiwW5
BbXXWWm/OHOTeVDio9ftIcrDxN+PBWpqX02l1W3IzzW2tNidHDM4AAAAAGDuDF7AMU6n2gaYDj2H
JMH1xRs36B/v2CHzqKCGUi1UULPLO6b384ohlVtT3mPQUDCXrvrMq/NAZgo8jG6TCE6VDQAAAACY
SwOcHET110Vl71W0iS22fvRyZ5M0KmpEf/bP9+rv7qpLoSZZc1xw0HmJSrushqhJZhOeqbekL1lx
02Lrnamho5ZEhSl0N+m1c0yrae9yAwAAAADo2eAlB21FIS0PNwbvNAfJlLuouPc0kG8qSC6lcn3o
ip/pzd+6V0l0RZOCGnINSRbbu6i0yQKGbLmMsq4mPnaBS8u5qViWonx/lj82BWnSpSlSFopEJaoF
05tedYBkQwqSbJLvUuIuKcqmJVQLCjGfKcP0DgAAAACYUQOaHDAibOWa6yUQo4GCq6Z/fninjvz8
vUrDoqyNrzVm5KjFBBErQ64+5mK4SV5X1Ii+/s5XqOYj8hCUTLKHqLxOyB6cd8EUWoqGML0DAAAA
AGbSgAYc0mgXleaMDaCrwpSNk6eyBKKYqeFjBtjFzI2xz09+Mk2pmeixHSPa/+M/1Y6wXNKILK2V
Y/k9XaJiytvitnQmKR73yk0KSpVEV902akiSe1Q62QyO8rz6uy/ROl93/wtrAAAAAABTMcABhzQ6
POy/hsJ803cjkLY3F51A2u+j5UFDP4IHyZpqyrRLda34xA/0018vU6OeajqH8sWeWs/Y+2jFai65
TI2QKMQhXfXXp+X77b4Dk7T2RavGHbdXna6e1rEAAAAAMDsGL+DwsQ9M/SzOcFm2+TwMRaaQH0za
JrbPGRxRMT8Pl3tD7kGv/fubdezn7tKO+iJJLvOQR1NZO9nW4/ZSg0MyBZeSfCufdWVBTS9dTZS9
NnGXm+tVBzby43W/Xpf0kgMW5sfqP5kY/w5vCVQG7381AAAAAJhPBnjUVQxEJy4ymi2/SOWeyiyR
WSi3ecHzOSwmpV0uaapdVMyn1i2k/fSCajHVr7Y3deBHbtJlvxxR4qmiJTK5XIm8NZDIj9ntuLHj
LI189kneJjabzdLnzBPbpnOOWyGFib8Xy+JmmRKlwZUq2yZaclPuv+MSolSyJF9aMw8DNwAAAAAY
IAOaApjaCo321NFiflc6iGG0xkPwaVr64C7bw+KXiZpqWk2SFEOi//pPv9IBH/+FHmkuV4hNRSUK
LWGGa/K6H9m1FZ9/lCwtW8VazL4LFjvN7PEx2yhLgy74r0fJYrPrceuSpN0yuWJoqAxWJg0nOr/O
TUo9KFV721sAAAAAwPQbvIDDxjzwmiY6zWw2QCLLB9nzjo3ekmKGQLT2mhxTbhOrPZ/BkUqSZ6FB
GlMpNrRF0lGfvEbLP3GnnmguUuIhXzhkMotyi/Kx0yLy0GN0JkQRcgXJ60piouBJVocjxLxV7NjQ
wMotmwnSlNyUeKq6ohbF7Voy5h1J/jZTogPqksW6miHbdZL/EyYN2II6zTRySTvDytEHAAAAAIAZ
M3gBh6T2NrG9/AUdg2iHmY741A+1z/+4VTdsWq7tYYncoqS6zJqSJ6Mv7hC07NGkBzcl6bCCUkUt
0EhS04K0oas+dXLby1Ll3V9C1D98YJ2CNRQ85q1p91TQdfc8pBpdjwEAAABgxg3wtIeWNrGSpKFJ
35EtfWgJQ+ZLHY494O5l7YrsnuZLPCybGtJ3m9ieDxwlqym6abeiXnfRDRpKpRfUpR985nVamW5U
8KZCLevkEi2fTZFLTQqWna15vkQn/7mn5TnmagRTPZp2JU1ttqU67QPX64mxWZk15aopcdeJhySK
asjc8iKlvV9uMSGl9S1JKn3r6ifyWS697wsAAAAA0L/BCzjaBoL9ztxoDTeSsTurLFe2bCOdwiyA
rItK56DHbebmxmSNVrJwqpn/a0TSIyPSYf/9Grmilkn60YVv1sHapEXNEdViKqtFjcgUlRWMdS+K
i6aSmVy1sotLNFNNQR6bcgWFek3edDWGonZquR7elujMj/wfbbGgOEFXHfOoFyZRC5u71EjyAKXv
9rnZ59P6Lq8l+sndG+VWtK0FAAAAAMyUwQs4xmEWRmG6VznMXd3LKJn0vNV19Icvk5K6krShfYK0
cvECffyPjtOrX7xUi+M2LbaR8htgijKPSq0mU1Rw6Znavtpe21c//eVGXfDtm/X41l3aKinYAqW+
Wyrb43YOOMyD3KJuvegsjcTtMu3Mq3/sefTTVEM7LSjxoNSaJBwAAAAAMIMGOODot4vK/GXKwohu
yyaKNrGFpI8oZPbvrMnNVXOp6Y2swGfaUCrpmVjTs1t36Q8vujFr5xqjghK55QGFe35lo1dbXrWZ
zE1edHSJu/KgIpU87Xo2Lmm5S/ukm7L9hiT7r0eZJV3f14vnawcqlbcsswIAAAAAzJQBTQ5a2sR6
EBUas4CjdcZF21IIzzuU5P/0wt2z983yrTVlazWaebeT0LZ0o6kiwlDMZlC4Urk3JKVyRcU83Mib
xmo0BHO5PFsW482WRrHjO8tY8a9kSEGuB77+uqyzS36D+27p6l62sXVZviQl6q+/epfMLVvzMi19
fQEAAAAA3QxewGFSexcViYBj/Bi5e4PUfs3uvfW2nzotBPGOj1proY7dR7f3Fs/FDvs0lxRH9NE3
HKllzS0aikEhr+9hRdGMXll2502mEBMl0ZXakC679TG5EiVZ7NH7/gAAAAAAfRu8gKNUtKVIJWvM
7anMpXyGg9tokdF+xt7FTI2x3VIsn7oxY11UBplJrkTLXPofZy3QiEkjiSn1fP5Ln/ekKAIbXPIw
otQSNRW0yyVZQ6lJPttTZQAAAABgLzPAAYeUDR1jvu3ZQHx0eFnNAX2at1KV8gU848bLrdfVHl6Y
WRlotBp9vpr3pH/FcpZEZlEPf+0kyesaig1FBXmotWQbvRcZbVsupJrcos6/7HFJIVti5aawNwZJ
AAAAADCLBq7IaDY7wZSkicyDigzGlSi2rhyw0QGoFbUTZIotA/ls8B4Vk/y3HrSzFgY91WljVgQa
WcDhrbUrgsljomAxb8lqWWFMl6QoM5cFU1TeptQsm81h2b1JXGpaU0FxxtrFDgxLFDyVK6iWuDZc
dIasuVVmUtMSJZ4FaVa2zp3atyRIih70d1c/3Pb8vL+/AAAAADDHBi7gyGYmBFkS1bQhZYN2qVHU
oOjURSQZMxj1kIUhRfsRxaymZGqqxbElJwdb4qZgrt1hWEMxareNXmtIi1kd1nZfzDxb2iMp60OS
/T56FhQVEzZGhkYUwsKsQOZ8n2CQt4NNFHX///wd7eMbFb0hWfv/AlFS/5VXo8pAJLq21FZpd6J8
TdF8v7EAAAAAMBgGbwQWpBClmHcGLY0dc45do5FNUVB5OTb2tXl9BUtk3hxXeHJQhZBNVokK8nyG
QWa0e4jlrVeLj9PNstuRz4Yplqdkt6hY7pMlRm5Blncdmc8SZVf96Bdfp31qmxVj1FCQFOptr8u+
VlGuVKEl/Eg7TOgYXfYzGnDUEtfBf3Kbnm7upfVNAAAAAGCODNwMDsU81xg7p3/cWNE7POzYakNF
t43sJVWJNjKxvA9529Ty5Ft7iXj79bu3/9Zb3tH2fp+T+5HFMO0J1nQnbaPHULaER4l+/bWTtXz3
M2rKFELSOu+ijbv31VzGPChVTcGa2jK0RM+kQfJUg5gfAgAAAMB8VaVyFJgXsoapo/HCzGRsblJd
UUqG9UJJG79yjJbs3KaRfOnOdGqGoGC7ZC699J3X53VghkS4AQAAAACzh4ADs8wlZXVQ/vT1RyiE
ZvnsdB8mSvrxp4/TXX93nGpyWRgpZ3VMp+BSMwxrY1yqZz0opE25mtN+HAAAAABAd8yhxyyoK6hR
LkgJkn594enaN25Uwxbr9At+rlufbUoxKlWQlCoLQTr1Hgl5vZFsWU620CXILMo9KMiVyPU//9uJ
esfLm0rSXXKF9pItLUVEQxgfeESlksU+anC4QjQd8Cc/09Z+bgsAAAAAYNoMXg0OzDumRj5zwpQo
1X9eeKaWNjaq6UFJaOiHf3mEUlug//3gkD7wjZu0XSFvXVuTKSooKlXeI9hd5i7PA5C8MokSl/YP
Uf/66VP00kU71Uh2yGK2VCXKixKzM8R19859tc3qkjdm8DgAAAAAgG6YwYEZl0hKVVMSmnrg86fr
vzQ3qxGUdXtJpWg1Sa7gUhqCGsH02K6luvyWp/TtG+7Uxu2mtKUjiVmiuqc67vDletuJa/X631iu
ZXpWFkc01BxSozai4JZ14lEoesaoZQflj2NncPTbRcXlMlugFf/tRu0a2/kHAAAAADBrCDgwg/Kv
lwXVFPWfnz1ZB+g5xVCXKZ+JYVGphlVTMy/OqWxpSjCZokymGEzRsnkYkmfBhUvmiWRS8FSmkHW+
LY8b8wAib4rb4xIVN8l94iUqLsncZCGVVNcbPn+Hrn9oF/8nAQAAAMAcYokKZkQWRZgkU01Rj3/h
VC1tblXUkLIZEtkMDilRUFNRozUtrEwqgmSmELNZG1GSLMqKWRIumWUBSutxVczZmKFVKcFNaYhK
fFj3b1uo6x+KStyUmhNyAAAAAMAcoYsKZkTRraSmqA0XnKKl6XYtiLsnyRx6SyQsBsmDRpOObufQ
z177EDyvElLTK//yOpmPKDWXEW4AAAAAwJwh4MCMCYra8IXTtCJ9VhajdtoimU+UAlj5zon3O7dS
N4WRqIP/5EequckVVHPJjQlRAAAAADBX5nqsiPnEJKmeL0yRnvz8qVrR2KyouoJcNTXzFq/dFD1R
xgtR8hBHX2U+YT3P1t+FaZhZERWUWpB51szl2M/crq0uNfNGtU1J8uaeHwgAAAAAMCX8yRnTxrwu
qaEg6anPn6rFjWc1YrWyoKhJY6p9Fm8c85zFSWtZWDQFy1vHzoK6NxVdCsH1we9s1L0bY74Mh3Up
AAAAADAImMGBaeN5uPHs50/T4p1PyTxVNJNbMwstLKpbIBCLjMOieu21Ops1L1LVldqQvnL1Rn3j
hg1yyxvQBvrCAgAAAMAgIODAHsoXpORNS5644HQN79os1eryINViqprXFJTIlGJdLTgAACAASURB
VKhjyU/3vpaReIjl1k3Q6NKU2EeV0dbQJIaYdUyxIE+a+sq1m/XRK3+txExyz3rBkG8AAAAAwEBg
iQr2QFZ/QlZT8KaevOBELWo+qyBXVOh59Ube1HXa9RNsdBJiTc3QUNSwPvqPj+j//vFmyVwpy1IA
AAAAYOAQcGDKgqKiJRrypjacf5IWx6eVqK7dtWEl7lJeo6K9HGhRgrTlmU51OabzPL33sMNNMlkW
YfhuuRbozC/cqx9veF4ml7vlAQ4AAAAAYJAQcGDKogXVPdVTnz1RC5ub1UiGVI+1bAlHudbDJaWS
gkyJslKjY2ZAuHcMOWzs1A7PZoxYzFZWualrIY6oKc4K8SBTTa4dataW6ND33aQtcfRKRLgBAAAA
AAOJGhzYA64TD9lHC9PtCh5Ui1JqnhcK7XNPPj6o8AkSCp/icSZi+TETb2iTVmm/992k52JQ08gB
AQAAAGDQdfhzOtCPRIuV6tELztDixkalIcgUZZ7kv4+yMDqDIzUrYzUvWsfmLISWLipBUVJiJvNs
okYjkUx5e9Y83Oi2vCVKsvw445aotLwnhND2Lpfrr7/3vL7yvfvzNrDF/yLM2wAAAACAQUbAgakz
U3BXTEyKif7ylEP1ydMXSVqoEBsKcqUKstCU5f9kAUe+xGRcwJFIlkpFiKEswAh5wNEMKpekFLM7
upXvmDDgCC6Lidy8DDiCXE9rudb+6dXaHoLkMXtfkJKYLbIBAAAAAAwuAg5Mm5qyQOLnn36dDrUn
tCAmaoagxKKiWpachM6pROsMDvPRgENqCThyWf2NOKUZHDEEme1WiMMK1lAaluiUT96qW59uyNw7
LpcBAAAAAAw2Ag5MH1NeCFTaR1H3fO5ErQypYtypUJOaaSopkVnn0i+hw9OdAo7R4qKdi5NKEwcc
qZksutL6Un3p/zykT13zhDTSkHnW8wUAAAAAUD0EHJhGtbxGRpQlQfKg/WNTd19wvJY0dyoJymt0
dP7KhZDV3si29hobbQFHGK2HMaWAI7o+dMWjuuSmzWqqpiQ0lWZ5CQAAAACgogg4MOMSC6p51P/7
7t/SGYcPazjdqqi6TA25BTU1pKCoJKQqm7tazIqLtgQYbllw4SGq6CBrlsUlrqDEU8my+h2pSbKa
ghpKlGh3GrR74Uod9+Fr9OT2Ee22mhJvUlsDAAAAAOYJAg7MPMuKdpokmXRg3fTdj79Rxw1tkMkU
YkNpIgUzRdUkd1kecCjYuP4lYwOOKClxV9Ms77riSj0qCUGb6gfrvV/6oa57YIt2W03Bm/n+Qj7b
BAAAAAAwHxBwYOZZTcFTRXMl+bctlWSWaIFSnbTmQF3wx7+lVcPPa7HvlJpRIa+xMVnAIQuqxaiR
2gLt9pqaYVhf/d56feMHv9bmEc9mfEhZuxU3te7N+fYDAAAAwLzBEA8Dw2RyuRZJWiRp7aol+i/7
76tDDxzSknpTUtbhxJJhPbg56PGnn9ODj23S5h3SLpMaJBYAAAAAsNdiRIjBkS9lKX+WK7jLZEoV
8nobLrkrmElKFRUk97wuKV9lAAAAANhbEXBgYBRdYmM5l6P92XEs65BCAxQAAAAAAAEHAAAAAACo
vDD5SwAAAAAAAAYbAQcAAAAAAKg8Ag4AAAAAAFB5BBwAAAAAAKDyCDgAAAAAAEDlEXAAAAAAAIDK
I+AAAAAAAACVR8ABAAAAAAAqj4ADAAAAAABUHgEHAAAAAACoPAIOAAAAAABQeQQcAAAAAACg8gg4
AAAAAABA5RFwAAAAAACAyiPgAAAAAAAAlUfAAQAAAAAAKq/vgCPGWG4333zzpK9/29vepjRNFWPU
Bz/4wbbfmZmeffbZtn1OtElSCEHXX3+9YoxK01TuLjNTCOMvxcxkZtq0aZPSNFWaptq4caPe8573
9HzMsZuZ9XW/inPYd999dd999ynGKHdv2+fGjRt1zjnnlK9tFUIo799k23e+851x7239/fr16yc9
/9NPP718/Ze+9KW+rneic3vuued00003afny5T3t8+STTy7fu2vXrklfH0JQrVbT3XffXb7P3eXu
StNUzz77rD7ykY+Ux06SRNLo5zP2e1b8bqrfk27MTA8//HDbORbPT/Sef//3fy/fc8UVV0x6PwAA
AABgb9N3wFEMCM1Mv/mbvznpYNXdFULo+LoinOhnizHq1FNPbQs1vvWtb5UDxbFWrlyp/fffvzyH
Aw44YNx19LN1O04nSZLola98pWKMevbZZ7V27dq2+1Dsc+XKlbr44ouVpum4fRShymRbJ2Pf+5KX
vKT8PLpp/UxCCH1d70Tnt88+++j444/X008/rTRNx4Uxnc6jdb8THXPlypVqNBpqNBp62cteNu71
RcB0/vnnK03Tts+xCEE63cvi+V6vU5LcJj5nd9fq1avbvk9HHHHEhPe5CMQm+qwBAAAAYG+3x0tU
Og3KZ8PKlSvLn9/+9rd3DVCefPLJ8vHZZ589hSPFlq0/V155pW699dZx+3JPZTY6wC7s3LlzCufX
n2KwPPO63zc36c1v+X01Y9o9bDHJLWbbBPf+s589Txs3PlneT0lt1zc2pGg2m+Ne0wu30U1yTXZ9
3Rx++OHjvqu9zKwBAAAAAExsygFH68DxAx/4wLT8dfnyyy/vefbE008/rfvvv7/8C/y2bdvajh9C
0He/+11J2WC22WzqP/7jPyRJf//3fz/pLIhixodZ0rL1dn1mpj/7sz/T7/zO75QDeHfXqlWrFUJN
IdTK/dVqNZmZvv71r2u//fabdMZEt3sTQtBb3/rWru8r7pO76wtf+MKMD6gPPPAF5X0LISiEoHq9
rieeeELmUmJBiQU1Go3yutquU6agREGJrMvX9NRTT9VHP/rXyr7G2WyTo446SrVarbyvxbFDCDrv
vPO0YsWKvmelhBDK800s6LvfvTQ/numOO+5s+wyK13Q7xvr16yVln0ej0Zh0Fg4AAAAAoDdTCjjc
XX/1V38lKRsAfulLXyoHz7Pp8MMPL5dcLFy4UC9+8Yvbfv/mN7+5HDzW6/VZPbcvf/nLkrJ71Ww2
lSSJHn/88XGvizEqhKD3ve992r1794yci0t65zvfWQ6iP/zhD8/gZ9VhRkNLLYxVq1bpNa95Tfm7
EEx/8Rd/0ff5mJmuu+66tmMkSaJ77rln3CyV4vgf//jHtW3btilc0/QwMyVJUp7PwQcfnD8vvf/9
75+z8wIAAACA+WBKAYeZ6ZprrmkblD711FPTdlK9KGaQHHvsseV5PPDAA+X57dixoxzQf+hDH+q7
fsaeeOCBB9pqhgwNDbWd91itxSanm7vL5XriiSfa6jjMxnKYjufirptvvlmPPvpoHkK4/vZv/7bv
GQyf//zn2x7XarWe7uFsh3Ct/viP/7j8+fzzz9emTZvy83F98YsXTlgbBQAAAAAwsSmPqA466KC2
QeXKlSu1ePHiWZ1q7+66/fbbNTIyUv7F/v7779eKFSs0PDxcvq6YYTJbVq9eXf787W9/e05mtxTM
TEGmNWvWlLNY3F0LFizQsmXLZuCIvX2lDjnkkPy7kr2+9fPqxYc//OEytFq/fv2cBhe9+sY3vlGG
WR/72MckKZ+1E/JlSyxTAQAAAICpmvISlaIbyS9+8YtyNsW2bdvmZKC5YMGC8q/fa9as0aZNm8rf
zfWg8ZxzzpnT4xcOPfRQSdIPf/jD8p48t2XLtB+nn0+/9bP5wz/8w76OUxQVNTO97GUv6+u9c6GY
zTN2lsZBBx1U/txL22UAAAAAQGd7NCc+xqhjjz22rd5Be9eQ/vb1pje9qa0YZus2UdcLM9OZZ55Z
/lz45je/OaVzmaoQgoaHh1Wr1SRlHWb6XXYwUSBT3IdiFsDYbbJzizHqlFNO0cjISPn6hx55eNqK
XMYY5T1GHGOXDI2tQTHRdRXta4u6HpMdp/jvZNc5UzNtzEw33HCDkiSRJP3+7/9++fyWlpDpmGOO
6Wl/VZitAgAAAACzbco1OI488sjy53Xr1pWDrle96lVTOpHJBtiTDUy///3vjwtB3v3ud0/pXPZE
6+AzSZKOwUy3EMfd2wpwjtU6WO9kojBl1apV5c9r167NBvuSDl19SFn4ck+FEBTUe1BSHLPTsScK
JLJaIqHsXNLJnXfeWQZCrcFQjFHnnntux/3OVDcTM9NJJ51UPr7iiiskjV73U089Vc6COuqoo+Z8
1hEAAAAAVNG0VDX8xS9+UQ4ki5kCU9Vt4D/RX+pDCLrpppvGPf/UU0/NauHGsTMAZrRwaIfZG70e
b7TAZ2ZkZGRGzrNX/RaAzQKA9pkZg6xYHiR1vteHHnpoeQ233377pPsb9OsFAAAAgLmwx6P/4q/j
YzuFvOIVr5CUdRTpZfBqZrriiiuyWQAdtmLZRydJkmjdunXjwoyVK1fqwAMPnOKV9a9oCVvoNvhu
XXIz2fKbsbrdn24hgbsrdlg2UqvVlKZp+Z43vOENMrOOrWxnQhGGFYpZDb0IIbRdUy8D/snu8Uwu
+7jrrrvKICpJEqVp2jajZMeOHeXxJ/qeAwAAAAC6m7bpDe6ur33ta+Xj22+/XSEE7dy5c8b/4jwy
MlIe40UvepFOOOGE8ncbNmyY0WNPpijG2iqEoCRJZGaq1Wqz0rLVO3wE5513Xrk04l//9V8lFV09
ZkdrqHDxxReP/a2k2LKNijEq+ug+jj766Lbfm5l+4zd+o22Zy0MPPTSdZ9713MYKIWjhwoVyefYZ
BJPbxEtwig4r4/V2TAAAAADYG01rwHHuueeWnSJCCHrooYd09913z9hfx81Mn/70p8ufd+3apUce
eUQ//elP1Ww2yxoN11577axN6x+7TOXOO++ccJnMTBeMLNrE2pjDuLs+85nPtD33+OOPT3MQ0FmS
JPqDP/iDtnMZP3OkaCFbbGp7vfIlS+6uH/3oR233uFux0InudH/fj+7n1iqEoA9+8IPZZ2BB5lJi
QYm1v6cIOorz/tSnPtVtj5MeEwAAAAD2VtM+Ulq6dGk5UFu9erWWLFky3YeQNFpQ82Mf+1i5/GDh
woXlko/h4eHytaeddpoWLVo0I+fRyZ//+Z+XP++///4aHh4eyLoJxdKiYhbHC17wAu23334zdrzW
gfx3vvOd8p48/fTT4+7PZN1hzjjjjHKZy+LFi7Vs2bLyGJ24e88dXqaLu+tv/uZvysdFAdFum9R5
Zkfx80x1eQEAAACA+WDaA46dO3dq165dkrI2qVu2bJmRwX1rvYsQgi655JK2v+LHGHXjjTeWj7dt
2zZrIcNFF11U/mxm2r59uxYvXjwrx+5HETY89thj5cB506ZNM3rMtWvXttUpcfeOy3hk2bIat84z
L2644Ya2x88884xWrFgxkEFS4d57753w988991z588033zw+9JngfgAAAADA3m7aKxq6uxYtWqQY
o5Ik6eu9K1as0Ktf/equv7/lllvK2RpnnXVWGWi4u971rneNe/3JJ5+sNE3LgeI//dM/6a1vfWtf
5zQVZqYlS5Zo69at5bG3bt0qd9exxx6rBx54QCEELVu2TCeccILq9XrP+z7++OM7FsxMkkQbN27U
fffd1/O+iv2sWbOmrL0xXQHBMcccoy1btuiggw7SEUccoU984hNtM1mKz2Xfffft3CZWVrac7XRG
xfds+/btZZHVIpw5/vjjtX79erm7li5dqle+8pVZm9zoUpidAMTM9OMf/7h8vGnTpklnX6xZs0bP
PPOMJOm4444b1x0nyBRj1PJ9953w/5OtW7fq7rvv3tNLAAAAAIBKmZGWDWamd7/73frmN7/Z83vc
Xaeeeqp+8pOfTLjfQlEUU1LX2RHurpe+9KXlX87f8pa36O1vf/setbHthbtr+/btOuyww/Tggw+W
z5mZfv7zn5c/t76+V2PrTbS69NJL9Za3vGVK5/zmN7+5r04m3UVJQd/73vckjb+24tqLIqt70sZ3
165dWrlypTZv3ty2rOMnP/nJHt3j6bJu3bpylszhhx8+aTvc1hkcZqYFCxaUs6Fanz/ttNMm/P/k
lltu0bp16/b8AgAAAACgQmakWqG765JLLmlbijCZXmYOjK3Z4O566qmnxg0CW1//wAMPtLVDbTab
ezSo7sejjz6qEIJ2797dFqqMvdbiWhqNhu65554J99k6ayUq27x4PMXgptls6sorr1SaF+6cTq01
JYprXLp0aXkd3c+5t04lzzzzjGq1WvkdKD7nbt+nRqOhq666atoCj277aQ1c3F1btmyZ9Jjurlt/
fptSj4pybdy8qeN3ZbzYts10gAcAAAAAg8jEkv5ZU6vVtGjRonKQ2mw21Wg01Gw2GZROk6GhIQ0N
DZXLo2KMajQaGhkZ4R4DAAAAwDxGwIF5o9sSkOL5yZaIAAAAAACqi4ADAAAAAABU3uwUowAAAAAA
AJhBBBwAAAAAAKDyCDgAAAAAAEDlEXAAAAAAAIDKI+AAAAAAAACVR8ABAAAAAAAqj4ADAAAAAABU
HgEHAAAAAACoPAIOAAAAAABQeQQcAAAAAACg8gg4AAAAAABA5RFwAAAAAACAyiPgAAAAAAAAlUfA
AQAAAAAAKo+AAwAAAAAAVB4BBwAAAAAAqDwCDgAAAAAAUHkEHAAAAAAAoPIIOAAAAAAAQOURcAAA
AAAAgMoj4AAAAAAAAJVHwAEAAAAAACqPgAMAAAAAAFQeAQcAAAAAAKg8Ag4AAAAAAFB5BBwAAAAA
AKDyCDgAAAAAAEDlEXAAAAAAAIDKI+AAAAAAAACVR8ABAAAAAAAqj4ADAAAAAABUHgEHAAAAAACo
PAIOAAAAAABQeQQcAAAAAACg8gg4AAAAAABA5RFwAAAAAACAyiPgAAAAAAAAlUfAAQAAAAAAKo+A
AwAAAAAAVB4BBwAAAAAAqDwCDgAAAAAAUHkEHAAAAAAAoPIIOAAAAAAAQOURcAAAAAAAgMoj4AAA
AAAAAJVHwAEAAAAAACqPgAMAAAAAAFQeAQcAAAAAAKg8Ag4AAAAAAFB5BBwAAAAAAKDyCDgAAAAA
AEDlEXAAAAAAAIDKI+AAAAAAAACVR8ABAAAAAAAqj4ADAAAAAABUHgEHAAAAAACoPAIOAAAAAABQ
eQQcAAAAAACg8gg4AAAAAABA5RFwAAAAAACAyquNjIzM9TkAAAAAAADsEWZwAAAAAACAyiPgAAAA
AAAAlUfAAQAAAAAAKo+AAwAAAAAAVB4BBwAAAAAAqDwCDgAAAAAAUHkEHAAAAAAAoPIIOAAAAAAA
QOURcAAAAAAAgMoj4AAAAAAAAJVHwAEAAAAAACqPgAMAAAAAAFQeAQcAAAAAAKg8Ag4AAAAAAFB5
BBwAAAAAAKDyCDgAAAAAAEDlEXAAAAAAAIDKI+AAAAAAAACVR8ABAAAAAAAqj4ADAAAAAABUHgEH
AAAAAACoPAIOAAAAAABQeQQcAAAAAACg8gg4AAAAAABA5RFwAAAAAACAyiPgAAAAAAAAlUfAAQAA
AAAAKo+AAwAAAAAAVB4BBwAAAAAAqDwCDgAAAAAAUHkEHAAAAAAAoPIIOAAAAAAAQOURcAAAAAAA
gMoj4AAAAAAAAJVHwAEAAAAAACqPgAMAAAAAAFQeAQcAAAAAAKg8Ag4AAAAAAFB5BBwAAAAAAKDy
CDgAAAAAAEDlEXAAAAAAAIDKI+AAAAAAAACVR8ABAAAAAAAqj4ADAAAAAABUHgEHAAAAAACoPAIO
AAAAAABQeQQcAAAAAACg8gg4AAAAAABA5RFwAAAAAACAyiPgAAAAAAAAlUfAAQAAAAAAKo+AAwAA
AAAAVB4BBwAAAAAAqDwCDgAAAAAAUHkEHAAAAAAAoPIIOAAAAAAAQOURcAAAAAAAgMoj4AAAAAAA
AJVHwAEAAAAAACqPgAMAAAAAAFQeAQcAAAAAAKg8Ag4AAAAAAFB5BBwAAAAAAKDyCDgAAAAAAEDl
EXAAAAAAAIDKI+AAAAAAAACVR8ABAAAAAAAqj4ADAAAAAABUHgEHAAAAAACoPAIOAAAAAABQeQQc
AAAAAACg8gg4AAAAAABA5RFwAAAAAACAyiPgAAAAAAAAlUfAAQAAAAAAKo+AAwAAAAAAVB4BBwAA
AAAAqDwCDgAAAAAAUHkEHAAAAAAAoPIIOAAAAAAAQOURcAAAAAAAgMoj4AAAAAAAAJVHwAEAAAAA
ACqPgAMAAAAAAFQeAQcAAAAAAKg8Ag4AAAAAAFB5BBwAAAAAAKDyCDgAAAAAAEDlEXAAAAAAAIDK
I+AAAAAAAACVR8ABAAAAAAAqj4ADAAAAAABUHgEHAAAAAACoPAIOAAAAAABQeQQcAAAAAACg8gg4
AAAAAABA5RFwAAAAAACAyiPgAAAAAAAAlUfAAQAAAAAAKo+AAwAAAAAAVB4BBwAAAAAAqDwCDgAA
AAAAUHkEHAAAAAAAoPIIOAAAAAAAQOURcAAAAAAAgMoj4AAAAAAAAJVHwAEAAAAAACqPgAMAAAAA
AFQeAQcAAAAAAKg8Ag4AAAAAAFB5BBwAAAAAAKDyCDgAAAAAAEDlEXAAAAAAAIDKI+AAAAAAAACV
R8ABAAAAAAAqj4ADAAAAAABUHgEHAAAAAACoPAIOAAAAAABQeQQcAAAAAACg8gg4AAAAAABA5RFw
AAAAAACAyiPgAAAAAAAAlUfAAQAAAAAAKo+AAwAAAAAAVB4BBwAAAAAAqDwCDgAAAAAAUHkEHAAA
AAAAoPIIOAAAAAAAQOURcAAAAAAAgMoj4AAAAAAAAJVHwAEAAAAAACqPgAMAAAAAAFQeAQcAAAAA
AKg8Ag4AAAAAAFB5BBwAAAAAAKDyCDgAAAAAAEDlEXAAAAAAAIDKI+AAAAAAAACVR8ABAAAAAAAq
j4ADAAAAAABUHgEHAAAAAACoPAIOAAAAAABQeQQcAAAAAACg8gg4AAAAAABA5RFwAAAAAACAyiPg
AAAAAAAAlUfAAQAAAAAAKo+AAwAAAAAAVB4BBwAAAAAAqDwCDgAAAAAAUHkEHAAAAAAAoPIIOAAA
AAAAQOURcAAAAAAAgMoj4AAAAAAAAJVHwAEAAAAAACqPgAMAAAAAAFQeAQcAAAAAAKg8Ag4AAAAA
AFB5BBwAAAAAAKDyCDgAAAAAAEDlEXAAAAAAAIDKI+AAAAAAAACVR8ABAAAAAAAqj4ADAAAAAABU
Xm2uTwDAYNm6das2bNjQ9tzq1au1ePHiOTqjzh5//HE9//zz5eNaraa1a9fO4Rlhtj3xxBN67rnn
yschBB1xxBFzeEYAAACYSwQcANqsX79e73jHO9qeu/zyy/WKV7xi3Guff/553XHHHTIzHX300Vq6
dOlsnaYuueQSfetb3yofH3HEEfq3f/u3WTs+5t6ll16qr371q+Xj5cuX65ZbbpnDMwIAAMBcIuBA
TzZu3Kgvf/nL5ePLL79ckvR7v/d7fe3ngAMO0Ac+8IFpPbe92XR9LmeeeaZOPPHEvt7zxBNP6B3v
eIceffRRSdKaNWv07W9/W/vvv39f+9mbjP28JGnVqlV63/ve19d+zjvvPO3YsaN8vHr1ar33ve+d
lnMEAAAAqoqAAz3ZuXNnOXhu1em5iRx77LHTdUrQ9H0uRx99dN/H/v73v1+GG5L04IMP6uqrr9bb
3va2vve1t+j2eb385S/vK2C6/vrr9dhjj5WPTz311Gk5PwAAAKDKCDgwb91+++269tpr255773vf
O6vLKOazEMbXKE6SZA7OZPrN9nfnc5/7nC677DItWbJkRvYPAAAA7A0IODBvbdiwQf/wD//Q9tw5
55xDwDFNzjrrLF166aW67777JElHHXWUzjjjjDk+q+kx29+dBx98UJdccone//73z8j+AQAAgL0B
AQem7F3vepfOPffcvt4zX/7CP8im8rkMDw/3fZz9999fl156qe69915J0ktf+lItXLiw7/0gc9FF
F+n000/XkUceOdenAgAAAFQSAQembN9992U2xACazc9l0aJFOuaYY2blWHuD888/XxdffDFBIAAA
ADAF4xfRAwDmxE9/+lNdeeWVc30aAAAAQCUxgwNz6tprr9WvfvWr8vGRRx6p1772tZKkX/3qV7r2
2mv1s5/9TI888ojq9brWrFmj17zmNTr77LO1YsWKcfu74oor9OSTT0qSvvKVr4z7/Re/+EUdfPDB
kqQDDzxwwnaqaZrqtttu00033aQ777xTjz32mOr1ul74whfq6KOP1kknnaSjjz5aZtZ1Hz/60Y90
1113lY9XrVql3/3d39X27dv1L//yL7r66qv14IMPauXKlbrwwgv14he/eJI7NjgefvhhXXXVVW3P
vfGNbyzvbze//OUvdc011+i2227TI488oiVLlmj16tU65ZRT9Nu//dvab7/9dOedd+rGG28s33Po
oYfq7LPP7vnc7rnnHl199dW67bbb9Oijj2rx4sU6/PDDdfzxx+vMM8/UsmXLxr1nOr87e+LCCy/U
CSecoBe84AV7vK+rrrpKDz/8cPl4+fLlE3a52bhxoy677LK25173utfpsMMOa3vu+uuv1/r168vH
a9as0etf/3pJWYHWH/zgB7rjjjvK/2fWrl2rE088UWefffa4e3/vvffquuuu06233qrHHntMIQQd
csghWrdunc4666xJv0+dNBoN3XDDDbr22mt1///P3r3HWznm/+N/bx22SuhMCkWamlKUCWmcRqjI
mWKGDxpnH4cah0LjIxozQzKYUcYwYRxjQjE0o4mk+jqOaCgdRElJOpf9+8Ov9WjttXbtXe12Vz2f
j0eP7b7u677va6917/Vwv9Z1+O9/46uvvopGjRpFy5Yt46ijjoqf/OQneSfJLYnPAgCANAg4qFAT
J06MP//5z5ntM888Mzp27Bh33313ziSPERHTp0+P0aNHx/333x933XVXzvCI0aNHxz/+8Y8Sr7f2
Ep2HH354iQ+pkydPjttvvz1ef/31nH3Tpk2L119/Pe6555445phj4pprtFRU0QAAIABJREFUrinx
Iez999/Pelg+4ogj4qCDDorLLrss3n777Uz5nDlzYsmSJSW2e0s0Z86cnCCgU6dOJb4WS5cujbvv
vjuGDh2as2/KlCnxyiuvxL333hsDBgyIqVOnZp37lFNOKVXAsXTp0hg0aFA8+OCDOfumTp0ao0aN
iiFDhsSgQYOiVatWWfs31b1TVl27do1//etfsXjx4oiIWLBgQQwaNCh+85vfbPS5X3/99ax2t2/f
fp0BxzfffJPznrZp0yYn4HjnnXfivvvuy2x37949OnToEL/5zW/y9kCZPn16vPLKK/HnP/857rrr
rmjZsuU636sZM2bEv//97xg8eHDcdttt0a1bt1L/zrNmzYq+ffvGuHHjssrnzJkTkyZNir/+9a/R
pUuX6NevX9StW3e95/NZAACQDkNU2KLMnj07rr322rzhxtrmzp0bl1xySXz++eebvA1jx46Ns846
K+8DTXGjRo2Kc845J6ZNm1aqc3/55Zdx/fXXZz3QrFGWb5RTs2zZsrjuuuvyhhtrmz17dlx44YXr
ff/z+eabb+K6667L+8C8thkzZsSll14ac+fOLfM1ykPz5s3jiiuuyCobPnx4jBkzpoJaVHaTJ0+O
yy+/fL3Da6ZPnx6XXXZZfP7559GnT5/1vlfLly+Pq666KsaPH1+qdixYsCAuuuiinHCjuBdffDEu
ueSSWLhw4Trr+SwAAEiLHhxsUf75z39m/rtu3brRvn37KCwsjClTpmRW61hj/vz58eijj0afPn0y
Za1atYoaNWpERMSzzz6bc/62bdvGnnvuGRERe+yxR87+jz/+OC655JJYunRpVnmLFi2iTZs2sWzZ
snj77bdj+vTpmX3Tp0+Pa665Jh5++OHYfvvt1/n7rd2tv7iteWLJv/zlL/Hiiy/mlDdu3DjatGkT
ET98wz19+vRYvnx5ZqhIWcyZMydzjQYNGsT+++8fVatWjcmTJ2eWsl1j9uzZ8eijj2YFCxt772yM
M844I1544YV45513MmW33npr7LfffklM5Lv269ukSZP48Y9/HBER7733XsyYMSOr7syZM+Pwww/P
bBcWFkbHjh1j5513jtmzZ8ebb76Zc/677rorHnnkkXUOAVljzZC3WrVqxQEHHBDVqlXL+/nx9ttv
x6BBg+Kmm24q8Tw+CwAA0iLgYIPNmDGjTN+C16tXr1QPKBERN954Y5xyyimZh4SioqL497//HZdc
ckksX748U++pp56KK6+8MipX/uFWvuiiizL7OnXqFFdffXXWee+9994Su6WvWrUq+vXrl/VAU6NG
jbj99tvjyCOPzHyrumLFinjsscdiwIABmXrvvPNODB8+PHr06FGq369GjRpx+umnR6tWraJ69eqx
dOnSvHOKbA1mzpwZ99xzT1ZZYWFh9O/fP4477rioWrVqRPwwz8GYMWOib9++MW/evA26VmFhYdx0
001x/PHHZ85bVFQUo0ePjssvvzxWrlyZqfu3v/0tLrvssszD5MbcOxursLAwrr/++jjttNMyZVOn
To0HHnggp3fHlqpWrVpxyy23xBFHHJF5TVevXh3Dhw+P66+/Pu8xJ5xwQvzqV7/Kel0/++yz+N//
/d+sQGLixInxySefRLNmzUrVlr59+8Zpp52WWba4qKgo3njjjbj22mtjzpw5mXqPPPJInHrqqdGy
Zcus430WAACkScDBBnvqqaeyxvevz3/+85+oUqXKeuvdeuutOfMbFBQUxE9/+tPo1atX/OEPf8iU
L1iwIGbMmLFJJuR77bXX4t13380qGzBgQBx11FFZZVWrVo2zzz47vvzyy3jggQcy5Y8++micdtpp
6/32db/99os777wzGjZsuNFtzueOO+4odd0ddtghzjrrrHJpxxojR47MCqUiIn7961/HSSedlFVW
qVKlOPzww+Puu+8u9cNhcQMHDsyZq6OgoCCOPPLIOP/887PmjZg/f37MmDEjmjRpskHX2tTatm0b
5557btacNPfee2907tw55wF8S3T77bfHoYcemlVWqVKlOOWUU+Ldd9+Nxx9/PGtfzZo145ZbbskE
UWvsueee0adPnzj33HOzyqdMmVKqgOO6666Ls88+O6usoKAgOnbsGAMHDoz/+Z//ydr30ksv5by+
W8tnAQDAtsZAX7Y4xR9819ahQ4ecsvnz52+S6z799NNZ2+3atYujjz66xPprf9se8UOX9k8++WS9
17n11lvL/YHmjjvuKNW/4g+d5WH48OFZ2/vuu2907969xPrFJ44tiy5dupS47+CDD84p21T3zqZy
4YUXRqNGjbLKBg4cGKtWraqgFpXeT3/60xL3dezYMafswgsvzAk31th3331zyr766qtSteP0009f
Zzs6deqUVTZixIgoKirKKtuaPgsAALYlAg62OOuaYK9WrVo5ZZtixYHFixfHa6+9llXWtWvXdX4D
26RJk9hll12yyv773/+u91p77bXXhjUyQXPnzo1PP/00q6x79+7lNsfAuoZA7bzzzjlla1Yu2VLs
vPPOcc0112SVvfnmmzkP3Fuidb32+f5uf/SjH5VYv2bNmjm9vUr7XlWvXn2d+4v3wpg1a1ZWeOKz
AAAgXYaosFHWnuBzfTbFygD5zrEpvt2eOnVq1vwMET+Mry8+OWVxdevWzZoQc/bs2Rvdlq3JrFmz
cspatGhRAS3JP3HjltgzonPnznHsscfGyJEjM2W/+93volOnTsl+279mjpy15Qs91igoKIjKlStn
/U1uqveqcePGOWWff/551K9fPyJ8FgAApEzAwQa76qqrolevXhXdjE3im2++ySkbOHBgmc/z3Xff
bYrmbJSjjjoqevfuXaq65b1aQ77Xo169eus9rnnz5pnVMLY1BQUFcfXVV8eYMWMyvRYWLlwYd955
Z9x+++2lnqiX/NbXk2dr+iwAANjWCDjYojRv3rxCrrto0aJNcp7iS0oWt65vrTeV1q1bbzETZ+Yb
PrS+5TM3VEXdO+Vh9913jyuvvDJuueWWTNlzzz0XXbp0yVpidUvRoEGDim5CqeVbdnftv9ut6bMA
AGBbYw4O2ISKT1a4rcu3as6WOCxkS3TGGWfEfvvtl1U2cODATfYAvq0qvqJPRP77dGP5LAAA2Pz0
4IDI/63u448/XuZeAeU95CM1O+ywQ07Zt99+G7vttts6j1u2bFl5NSkZVatWjeuvvz5OPfXUTNm0
adNi6NChFdiq9H377bc5ZWtPTOqzAAAgXQIOiPzzQnz55Zc536BTNvle1xkzZqx3otHp06eXV5OS
0qZNmzjvvPPigQceyJTdd999pe5xYL6OXPPmzcspq1u3bua/fRYAAKTLEBWIH5ZrXPshJyJi1KhR
FdSarcfuu+8eO+20U1bZ66+/XkGtSdOFF16Ys/JH8VU+SlJ8ydR8vRfWlm/4xtbm3XffzdquVq1a
NGrUKLPtswAAIF0CDrZa+ZaU/f777/PWrVKlShx33HFZZSNHjow333xzvdf517/+FR988MGGNXIr
V7ly5Tj22GOzyp5++un47LPPSjwm3zfsm1tZ7p3yttNOO8U111yzQccWn8hyypQpsWDBghLrP/30
0xt0nS3JpEmTStz3zTff5PyOP/vZz6Jq1aqZbZ8FAADpEnCw1co3ln7GjBkl1j/jjDNyynr37h3v
vPNO3vrff/99PPvss3HZZZfF+eefX2K9bd3xxx+ftb1y5cro27dvfP311zl1v/3227jppps2V9NK
VNZ7p7wdddRR0aVLlzIfl2/eiEcffTTvBJgTJ06MRx99dIPatyW54YYb8gZoy5Yti9tuuy0n4Mn3
uvosAABIkzk42GB33HFHTJ48uUzHVK1aNX7729+WU4uyFe9mHhHRv3//+MUvfhF16tSJ7777Lrp3
757Z16RJk+jdu3f87ne/y5TNnTs3TjvttOjRo0cceuihUa9evViyZElMnz49RowYEePHj4+IH7r2
9+rVK0aNGhV16tQp/18uIe3atYuuXbvGCy+8kCmbMGFCnH766dGzZ8/Ye++9Y+XKlTFt2rR47LHH
YubMmRXY2h+U9d4pbwUFBdG7d+947bXXYvHixaU+rm3btlGtWrWsJUvvuuuumDp1ahx11FFRo0aN
+Prrr+P111+P5557rjyavtl98skncfLJJ8dZZ50VLVu2jBo1asTs2bPj6aefjrfffjurbtu2beOn
P/1pzjl8FgAApEnAwUYZOXJkmeoX7zJfnpo3bx5NmjSJadOmZcqmTJkS/fr1y7Sl+EPqueeeG59+
+mkMHz48q/yxxx6Lxx57bJ3Xu/rqqz3Q5FFQUBB9+vSJ9957Lyu8mDFjRgwcOLACW1ayDbl3yluj
Ro3i6quvjptvvrnUx9SpUyfOO++8+MMf/pBVPmLEiBgxYsSmbuIWY9GiRXHfffets061atWib9++
JU7Y6rMAACA9hqiw1apUqVL86le/KnF/vjkVKleuHLfeemtcddVVpV6ponbt2jF48OC83dr5QcOG
DeNPf/pTNG3adL11e/XqFe3atdsMrSrZhtw7m8Npp51W5temV69ecdhhh623Xq1atZJfgvacc86J
AQMGrLdejRo14s4774w2bdqUWMdnAQBAegQcbNWOPPLI+NOf/hR77713zr58E0lG/PBwe+GFF8aL
L74Y559/ftYKC2tr3LhxXHnllfH3v/89jjnmmE3a7q3R3nvvHU888URcdtllUb9+/Zz97du3j/vu
uy/69OmTEyBUqlRpczUzY0PunfJWtWrVuO6668p0TLVq1WLw4MFx3XXX5X3da9asGT//+c/j2Wef
jUMOOWRTNbVC1KtXL0499dR48skn44gjjsjZX1hYGCeddFIMHz487/7ifBYAAKSlYMWKFbmzzcFW
5vvvv49p06ZlVujYcccdY88994xq1aqt99jVq1fHzJkzY8GCBbFkyZKoXr161K5dO3bfffcoKCgo
76ZvlZYtWxbTp0+PBQsWRNWqVaN+/fpZD4+HHHJIzJ07N7N93nnnbfBKIhtrY+6dLc2qVati2rRp
MX/+/Ij4YYWW3XffPWc52a3F3Llz44svvojFixfHjjvuGI0bN85ZtrgsfBYAAGzZBBzAFmX69Olx
1FFHZZX1798/evbsWUEtAgAAUmCICrBZPPHEE/Haa6+Vql5x++67b3k0CQAA2IpYRQUod5MmTYpf
//rXEfHDChM9evTIGeKxevXqGDZsWAwZMiSrvH379tGyZcvN1lYAACBNhqgA5erbb7+N448/PmbP
np0pa9CgQXTt2jX22GOPqFKlSsyZMydGjhwZU6ZMyTq2WrVq8cgjj0SrVq02d7MBAIDECDiAcveX
v/wlbr311jIfN3jwYKtSAAAApWIODqDcnXPOOfHAAw/EPvvsU6r6rVu3jieffFK4AQAAlJoeHMBm
s2LFinjjjTfitddei3HjxsXUqVMz+xo3bhwHHnhgHHbYYdGpU6fYfvvtK7ClAABAagQcQIVZsmRJ
LF++PAoLC6N69eoV3RwAACBhAg4AAAAgeebgAAAAAJIn4AAAAACSJ+AAAAAAkifgAAAAAJIn4AAA
AACSJ+AAAAAAkifgAAAAAJIn4AAAAACSJ+AAAAAAkifgAAAAAJIn4AAAAACSJ+AAAAAAkifgAAAA
AJIn4AAAAACSJ+AAAAAAkifgAAAAAJIn4AAAAACSJ+AAAAAAkifgAAAAAJIn4AAAAACSJ+AAAAAA
kifgAAAAAJIn4AAAAACSJ+AAAAAAkifgAAAAAJIn4AAAAACSJ+AAAAAAkifgAAAAAJIn4AAAAACS
J+AAAAAAkifgAAAAAJIn4AAAAACSJ+AAAAAAkifgAAAAAJIn4AAAAACSJ+AAAAAAkifgAAAAAJIn
4AAAAACSJ+AAAAAAkifgAAAAAJIn4AAAAACSJ+AAAAAAkifgAAAAAJIn4AAAAACSJ+AAAAAAkifg
AAAAAJIn4AAAAACSJ+AAAAAAkifgAAAAAJIn4AAAAACSJ+AAAAAAkifgAAAAAJIn4AAAAACSJ+AA
AAAAkifgAAAAAJIn4AAAAACSJ+AAAAAAkifgAAAAAJIn4AAAAACSJ+AAAAAAkifgAAAAAJIn4AAA
AACSJ+AAAAAAkifgAAAAAJIn4AAAAACSJ+AAAAAAkifgAAAAAJIn4AAAAACSJ+AAAAAAkifgAAAA
AJIn4AAAAACSJ+AAAAAAkifgAAAAAJIn4AAAAACSJ+AAAAAAkifgAAAAAJIn4AAAAACSJ+AAAAAA
kifgAAAAAJIn4AAAAACSJ+AAAAAAkifgAAAAAJIn4AAAAACSJ+AAAAAAkifgAAAAAJIn4AAAAACS
J+AAAAAAkifgAAAAAJIn4AAAAACSJ+AAAAAAkifgAAAAAJIn4AAAAACSJ+AAAAAAkifgAAAAAJIn
4AAAAACSJ+AAAAAAkifgAAAAAJIn4AAAAACSJ+AAAAAAkifgAAAAAJIn4AAAAACSJ+AAAAAAkifg
AAAAAJIn4AAAAACSJ+AAAAAAkifgAAAAAJIn4AAAAACSJ+AAAAAAkifgAAAAAJIn4AAAAACSJ+AA
AAAAkifgAAAAAJIn4AAAAACSJ+AAAAAAkifgAAAAAJIn4AAAAACSJ+AAAAAAkifgAAAAAJIn4AAA
AACSJ+AAAAAAkifgAAAAAJIn4AAAAACSJ+AAAAAAkifgAAAAAJIn4AAAAACSJ+AAAAAAkifgAAAA
AJIn4AAAAACSJ+AAAAAAkifgAAAAAJIn4AAAAACSJ+AAAAAAkifgAAAAAJIn4AAAAACSJ+AAAAAA
kifgAAAAAJIn4AAAAACSJ+AAAAAAkifgAAAAAJIn4AAAAACSJ+AAAAAAkifgAAAAAJIn4AAAAACS
J+AAAAAAkifgAAAAAJIn4AAAAACSJ+AAAAAAkifgAAAAAJIn4AAAAACSJ+AAAAAAkifgAAAAAJIn
4AAAAACSJ+AAAAAAkifgAAAAAJIn4AAAAACSJ+AAAAAAkifgAAAAAJIn4AAAAACSJ+AAAAAAkifg
AAAAAJIn4AAAAACSJ+AAAAAAkifgAAAAAJIn4AAAAACSJ+AAAAAAkifgAAAAAJIn4AAAAACSJ+AA
AAAAkifgAAAAAJIn4AAAAACSJ+AAAAAAkifgAAAAAJIn4AAAAACSJ+AAAAAAkifgAAAAAJIn4AAA
AACSJ+AAAAAAkifgAAAAAJIn4AAAAACSJ+AAAAAAkifgAAAAAJIn4AAAAACSJ+AAAAAAkifgAAAA
AJIn4AAAAACSJ+AAAAAAkifgAAAAAJIn4AAAAACSJ+AAAAAAkifgAAAAAJIn4AAAAACSJ+AAAAAA
kifgAAAAAJIn4AAAAACSJ+AAAAAAkifgAAAAAJIn4AAAAACSJ+AAAAAAkifgAAAAAJIn4AAAAACS
J+AAAAAAkifgAAAAAJIn4AAAAACSJ+AAAAAAkifgAAAAAJIn4AAAAACSJ+AAAAAAkifgAAAAAJIn
4AAAAACSJ+AAAAAAkifgAAAAAJIn4AAAAACSJ+AAAAAAkifgAAAAAJIn4AAAAACSJ+AAAAAAkifg
AAAAAJIn4AAAAACSJ+AAAAAAkifgAAAAAJIn4AAAAACSJ+AAAAAAkifgAAAAAJIn4AAAAACSJ+AA
AAAAkifgAAAAAJIn4AAAAACSJ+AAAAAAkifgAAAAAJIn4AAAAACSJ+AAAAAAkifgAAAAAJIn4AAA
AACSJ+AAAAAAkifgAAAAAJIn4AAAAACSJ+AAAAAAkifgAAAAAJIn4AAAAACSJ+AAAAAAkifgAAAA
AJIn4AAAAACSJ+AAAAAAkifgAAAAAJIn4AAAAACSJ+AAAAAAkifgAAAAAJIn4AAAAACSJ+AAAAAA
kifgAAAAAJIn4AAAAACSJ+AAAAAAkifgAAAAAJIn4AAAAACSJ+AAAAAAkifgAAAAAJIn4AAAAACS
J+AAAAAAkifgAAAAAJIn4AAAAACSJ+AAAAAAkifgAAAAAJIn4AAAAACSJ+AAAAAAkifgAAAAAJIn
4AAAAACSJ+AAAAAAkifgAAAAAJIn4AAAAACSJ+AAAAAAkifgAAAAAJIn4AAAAACSJ+AAAAAAkifg
AAAAAJIn4AAAAACSJ+AAAAAAkifgAAAAAJIn4AAAAACSJ+AAAAAAkifgAAAAAJIn4AAAAACSJ+AA
AAAAkifgAAAAAJIn4AAAAACSV7miGwDk9+2338aoUaOyyjp27Bi77bZbBbUo14gRI2Lp0qWZ7SZN
msQBBxxQgS2itN55552YMmVKZrtKlSpx4oknVmCLAABg4wg42GBFRUVRUFBQ0c3Yai1YsCD69euX
VfbQQw+VKuDYXO/N/fffHx9//HFm+6KLLhJwJGLChAnx29/+NrPdoEEDAQcAAEkzRIUye+KJJ+Lo
o4+OTp06xe233571DT4Vy3sDAABsq/TgoEzef//9rF4FQ4cOjQYNGsTZZ59dga0iwnsDAABs2/Tg
oEzWHo6wxrvvvlsBLaE47w0AALAtE3BQJo0bN84pa9asWQW0hOK8NwAAwLZMwEGZ/OQnP4krrrgi
qlWrFhERxx9/fJx55pkV3CoivDcAAMC2zRwclElBQUFcfPHFccEFF8TKlStj++23r+gm8f/z3gAA
ANsyAQcbpFKlSlGpUqWKbgZ5eG8AAIBtkSEqAAAAQPIEHAAAAEDyDFGhTBYtWhRvvPFGVlnbtm2j
QYMGeetPmTIlpk2bltmuV69e7L///pntZcuWxaRJk2LcuHExa9as+OKLL6KwsDDq168fbdq0iQMP
PHC9K4EsW7YsXnvttayyZs2aRdOmTcv0u33xxRfx3nvvZZUdeOCBsdNOO63zuKKionj//ffj/fff
j//85z/x1VdfxYIFC6JatWpRp06d2GeffaJ169ZxwAEHlOu8GGV9b/JZtWpVvPvuuzFmzJiYOXNm
fP7551GtWrWoX79+tGzZMjp06BA/+tGPoqCgoMzt2xz3wtref//9mD17dma7Ro0accghh5T6+Nmz
Z8f777+fVfbTn/40M4lrcR9++GHMnDkzs92gQYNo27ZtZvvLL7+Mt956K95+++2YM2dOzJ07NwoL
C2OPPfaIfffdNzp16hS77bZbie2ZO3dujB07Nt5777347LPPYtGiRbHjjjtGvXr1onXr1tG+ffto
0aJFqX+/9Zk9e3aMHz8+09758+dHvXr1Ypdddol27drFwQcfHLVq1dro66xYsSImTZoUb731Vnz0
0Ucxb968qF69etSvXz8aNmwYHTp0iLZt20b16tVLfc7i99oOO+wQHTt2jIiI5cuXx5tvvhljxoyJ
GTNmxMKFC2P33XePa6+9NurWrbvRvw8AABVHwEGZzJ8/Py677LKssoceeqjEh+ixY8fGwIEDM9vd
u3eP/fffP4qKiuKll16KgQMHZj2Eru3vf/97REScdNJJ0adPn6hTp07eettvv30MGzYsxo8fnyk7
6aSTsq5bGs8991zccccdme1GjRrFqFGj1nnM6NGjY8iQITFp0qQS67z44ouZ8/Xq1StOPfXUqFx5
0//plfW9KW7SpElx8803x+TJk/Puf/bZZyMionPnznHFFVfE3nvvXab2bY57YW2jRo2KIUOGZLbb
t29fpoDjo48+ynk9x44dW2LA8c9//jPuuuuuzPbpp58ebdu2ja+//joeeOCBGDp0aN7jJkyYEE89
9VRERJx33nlx8cUXR82aNTP7ly5dGvfff38MHTo0li9fnvcca78311133TqDkvVZsGBBDBkypMT2
RkQMGzYsCgsL48orr4yzzjorqlatWubrrF69OkaNGhV33313TJ06tcR69913X9SuXTt69+4dJ554
Yqnmlyl+r+23337RsWPH+OSTT+Laa6/NCTLfeeeduOSSSwQcAACJM0SFzWrJkiWxYsWKuO666+Ly
yy8v8YF2bc8880yceeaZMWfOnBLrdO/ePWt75MiR8e2335a6XUVFRfHCCy9klZ1wwgklPrgtW7Ys
br755rjwwgvXGW6sbdasWXHTTTfFL3/5y/jmm29K3bbN4aGHHooePXqUGG6s7eWXX47TTz89xo0b
t1HXLK97YUuxePHi+O9//xunnXbaOsOCtT3wwANx8cUXx6JFiyIi4rPPPouzzz477rnnnhLDjbW9
/PLLccYZZ8RHH320QW2eOXNm9OzZs1TtXb58eQwcODAuuOCCTHtLa8GCBXHVVVfFlVdeuc5wY435
8+fH9ddfH5deemksWbKkTNeK+OHv9dNPP40ePXrkhBsAAGw9BBxsVvPnz4/+/fvHM888k1Veq1at
aNq0adSoUSPvcVOnTo2+ffvG999/n3f/oYcemrW9dOnSmDBhQqnbNWXKlPj444+zyo488si8dZct
WxbXX399DBs2LGdf/fr142c/+1mccMIJcfjhh+ftwj927Nj43//931i2bFmp21eeHn/88RgwYECJ
+xs2bJgzTGfRokXxy1/+MmbNmrXB1y2ve2FL8eGHH8a5556bNWwlIqJu3brRuHHjqFKlSt7jxo8f
H3feeWfMmTMnLrroonjnnXey9teuXTuaNGlS4uszZ86c6NOnT5kCvoiI7777Lnr16hWffvppTnv3
2GOPEo97/fXX47rrrosVK1aU6jrz5s2LCy64IEaOHJmzr0GDBnHggQdG27Zt8/7tvPrqq3HDDTfE
qlWrSnWtNb7++uv41a9+FQsXLiyxzoYMuwIAYMtiiAqb1aRJkzI9HmrVqhUXXXRRHHnkkdGoUaMo
KCiI77//Pj777LN4+umns4YXRESMGTMmJk6cGD/5yU9yzluvXr3o1q1bPP/885myV199tcSQorix
Y8dmbbdq1SpatmyZt+7QoUOzrhMRcdBBB8Xll18ebdu2zepCv2rVqnj99dfj1ltvzZoTYNy4cfHM
M89Ez549S9W+8vLRRx/FDTfckFPepUuX6NGjR+y7775RrVq1KCrjjePBAAAgAElEQVQqioULF8b4
8ePj0UcfjXHjxsXy5ctL1augJOV1L2wp1u6ZcNxxx8Vpp50WLVu2zAw/Wbp0aXzwwQfx0EMPxcsv
v5x17LBhw+LNN9/MhA2NGjWKSy65JDp16hT169ePiB+GeMycOTP+8Y9/xL333huLFy/OHP/xxx/H
iy++GGeccUap27t48eJMm/faa6+45JJL4sADD8wM21i9enVMmzYtXn755bjnnnti5cqVmWNffvnl
ePLJJ+PMM89c5zWWL18e1157bU5o06VLlzj//POjRYsWmb+flStXxrvvvhuDBw+ON998M1N3xIgR
cfDBB8fJJ59c6t9t7ty5MXfu3Mx2+/bt4+CDD45ddtklCgoKYv78+VnDggAASJMeHFSI5s2bxxNP
PBHnnHNONG7cOPPt6XbbbRdNmzaNPn365O1VUPxBcG1dunTJ2n7hhRdK3XW++LfJJ554Yt5vdD/7
7LMYPHhwVtnxxx8f999/f7Rr1y5nfoDKlSvHoYceGg8++GA0bNgwa9/9998fq1evLlX7ysPq1avj
tttuyynv06dP3HHHHdGhQ4fMfBMFBQWx8847x9FHHx1Dhw6NCy64YJO1ozzuhS3Jr3/96/j9738f
HTp0yHqIrlatWhxwwAExePDguOiii3KO++STTyIiokWLFjFs2LA4+eSTM+FGRESlSpVizz33jF69
esXDDz+c06Pjscce26D2durUKR5//PHo1q1b1pwUlSpVir333jsuvvjieOSRR3ICgcGDB2eFCPn8
9a9/jTFjxmSV9e7dO+68885o1apV1t9PlSpVon379jFkyJA4/PDDs44ZNGjQBg3zatq0aTz22GPx
yCOPxKWXXhqnnHJKnHzyydGrV69SzesCAMCWTcDBZrfHHnvEAw88sM5u7xERp5xySrRr1y6rbO2J
RIs76KCDsoZSLF26NN566631tmfq1Kk54/IPO+ywvHVfffXVrO2aNWtG3759o7CwcJ3XaNiwYVx+
+eVZZbNnz44pU6ast33lZcKECTnzaJx00klx/vnnx3bblfzRUKVKlbj66qvL1DugJOV1L2wpLr74
4ujRo8c662y33XZx8cUXlzhp6+23354TjhXXunXrOPvss7PKJk+eHPPmzStTe/fbb78YNGhQ7Ljj
juus17Zt2+jXr19W2YIFCzIT6uYze/bsrElYIyJ69uwZvXr1WufwkMLCwrjxxhuz/sbmzJkTr7zy
yjrbWNxee+0VDz74YLRr185wFACArZSAg83uxhtvzPomuiQFBQVx1FFHZZV9/PHHJfbKqFGjRpxw
wglZZaNHj17vdYovrXrooYdG48aN89adP39+NG/ePPOva9eupV4q86CDDsop+/zzz0t1bHlYszLJ
GlWqVIlLLrmk1A9/vXv33uhVJ8rrXtgS7LTTTnHuueeWqm5hYWF069Ytp/znP/95NG/evFTnWLMM
6tqmT59eqmPX6NevX6mHanTr1i0nlBk+fHiJc6M888wzWUOadtppp7j00ktLdb/ttttuOcNfis/d
sj59+vSJXXfdtUzHAACQFgEHm1X9+vWjU6dOpa6f75v9da2i0Llz56zt559/fr0PwcWHpxx33HEl
1u3Tp0+MGDEi8+/mm29e57nXlu9BvqJWU1m6dGk899xzWWUnnHBCicFOPjvuuONGdesv73uhou24
447r7Qmxtr322iunrPjQjHXJtzTsd999V+rjGzRoEK1bty51/SpVquT0Tpk8eXLWXDNrrF69Op54
4omsstNPP71MAVnxv+2JEyeud0jMGnXr1i3TawkAQJoEHGxWZe0anm+liHU91O6///5ZD8LrG6Yy
Y8aMrNVWCgsLy/TQXRaVKlXKzGmxRkWtpDJt2rSsSSIjyvYwvSmU972Qmh122CGnrCyBU/Xq1XPK
1p54tDzkm+Q137KvH330UXz55ZdZZWX9O2vRokXOyjPFV3wpSaVKlQxLAQDYBgg42KLleyhZ18Sc
lSpVipNOOimr7J///GeJ9ddenSEiyjTkZH2Kiopi9erVWf+2FGsmsFxbixYtKqAlpVfWeyE1+eY9
qVy59Atd5Tu+vF+fpk2b5sw/k+/eyhd6NGvWrEzXqlatWs4xn332WZnOAQDA1s0ysWx1jjzyyLjz
zjsz2y+88EJce+21eb8hf+mll7K2jznmmDJfb9GiRfHWW2/FRx99FJMnT46ZM2fG119/Xeru8xXh
66+/ztquWbNm7LLLLhXUGlJVpUqVaNWqVWa534jceyvih55SxY/761//WubrFR9y8+2335b5HAAA
bL0EHGx1mjVrFu3atcs8dC1evDjeeuutOOKII7LqffHFF/Hvf/87s127du3o0KFDqa/zxRdfxF/+
8pd44oknyn0owKZWfF6SBg0a5CxxC6VRfB6WfHPeFA8iVq5cGffcc89GX3tLnmQWAIDNzxAVtjoF
BQXRvXv3rLJ8w1SKD0858cQTc+bIKMlzzz0XXbp0iQcffDC5cCMid26GtZfXhbIo3jMqX+hQXnOl
rL0qCwAA6MHBVumwww7L2n7++efj2muvzZqo8pVXXsmqU3wZ0pIMGzYs7+ophx12WBx66KGx5557
Rr169aJ69eo5vSKOOeaYWLp0aWl/jXJTfL6GVatWVVBLSF3xeT7yzRtS0tKxG6uoqKhczgsAQJoE
HGyVdtlll+jcuXO8/PLLEfFDj4UJEyZkgo958+bFP/7xj0z9pk2bRps2bdZ73g8//DBuu+22rLJ2
7drFDTfcEC1bttyEv0H5Kr586YIFCyqoJaSueI+NfL2BivfyaN++fQwdOnSjr21YFQAAaxNwsNXq
1q1bJuCIiBg9enQm4Bg/fnxW3ZNOOqlUD0sPP/xw1vKqe++9d/zxj39MbohH8fZ+8cUXsXTp0lIP
0YE1iq9kUrNmzZw6O++8c9b2rFmz8i5rCwAAG8McHGy1OnbsmDUk5YUXXsjMPfHqq69m1T388MPX
e75FixbFCy+8kFXWq1ev5MKNiIhGjRplba9cuTJmzpxZQa0pH/mWlWXTWrhwYc4SsLvvvntOvfr1
62dtf/nll/HFF1+Ua9sAANj2CDjYatWsWTNOOOGEzPaiRYti4sSJsXDhwqzlYdu3bx/NmjVb7/m+
+OKLnEkNmzdvvukavBnl+33/3//7fxXQkvJTvDdKipPBbunefffdnLJ891arVq1yyra2+w0AgIon
4GCrdvTRR2dtjx49OsaPH581zKT4iislKb7UZUTZ5gBYsWJFuU22WFa77rprtGjRIqtsxIgRZZ60
sfgEk1uS4kMlZs2aVab2bmsTWC5btqzME+AWn6i3sLAwb8Cx99575/TieOSRR7a51xgAgPIl4GCr
tv/++2cNx3j++efjueeey6pz6KGHlupc+ean+OSTT0rdlmHDhm1Ry1qedtppWdsTJkyIcePGlfr4
MWPGlOn339x22WWXrO1FixblzBdRktWrV8eTTz5ZHs3aYi1cuDAefPDBUtefMWNG/O1vf8sq6969
e84EthE/BIG/+MUvssomTpwYI0aMKFMbi4qK4rHHHou5c+eW6TgAALYNAg62alWrVo0TTzwxs71o
0aKs1VM6d+6c8yBckoYNG+aUPfzww7Fs2bL1HvvUU0/FwIEDc8orcnnWo48+Oie0ueWWW0q1osrM
mTOjf//+5dW0TWKfffbJKfv73/++3uOKiori4YcfjtGjR5dHs7ZogwYNyumVkc+qVatyVhOKiOja
tWuJx5x00klZc+JERAwYMCA+/PDDUrWtqKgohgwZEjfddFOceeaZeYfHAACwbRNwsNU78sgjS9zX
rVu3Up+nVq1aceyxx2aVvf3229G/f/+8w1cifpi348Ybb4zrr78+7/7ShCPlpW7dunHllVdmlX3y
ySdx6aWXxrRp0/IeU1RUFOPGjYszzzwzZs2atTmaucF23333aN26dVbZfffdF8OHDy9xaMS8efPi
lltuyfvwvq24+OKL44knnihxOM/ChQujX79+ORP1/uxnP4sDDzywxPPWrVs3brjhhqyyBQsWxPnn
nx+jR49e53CVr7/+Oq699tr43e9+FxER06dPj3POOSfmzZtX2l8LAIBtgGVi2eq1aNEi9t1333jv
vfeyymvUqBEHH3xwmc51/vnnx8iRI7PKnnnmmRgzZkx07do1mjZtGlWqVImFCxfGe++9l1O3uK++
+qpM19/UevToESNHjoy33347UzZhwoTo1q1bdOvWLTp06BB16tSJZcuWxZdffhkvvfRSTJw4sQJb
XHrbbbddnH322dG7d++s8muuuSaee+656NKlS+y6666xZMmS+Prrr+O9996LESNGZM3Psq3q169f
/O1vf4tjjz02mjZtGlWrVo1vvvkmJk+eHM8880zMnz8/q361atXiiiuuWO/KNSeeeGK88847WUNb
5s2bFxdeeGEccsghceyxx8Zee+0VNWvWjMWLF8e8efNi3Lhx8dRTT+XMD9K/f/+oW7fupvulAQBI
noCDrV5BQUGccMIJOQHH8ccfn3e+gHVp3bp19O3bNwYMGJBVPm/evHjooYfWeeypp54aU6dOjUmT
JmXKpkyZUqbrb2qFhYUxaNCg6NWrV1ZbVq5cGcOHD4/hw4eXeOwhhxwSO+ywQ4waNWpzNHWDdO3a
NV599dWcoOmNN96IN954Y53Hdu7cOV5++eXybN4WpUuXLtG4ceP405/+FBERH3zwQXzwwQelOvaO
O+7IOySouIKCgujbt29Urlw5hg0blrVv7NixMXbs2FJd77bbbiv15MAAAGw7DFFhm3D44YfnlHXu
3HmDzvWLX/wi+vfvH1WqVClV/cLCwrjmmmvi5ptvzhkyMX78+BKHt2wuu+66a/zxj3+Mjh07lvqY
bt26xV133RVNmjQpx5ZtvEqVKsX//d//lWkoUmFhYfTv3z8uv/zycmzZlqdevXpxxRVXxJVXXlnq
[...]
X1utVly4cCGeeeaZOHHiRCwsLJhzA7gmnT17dtwlQKlVI+IPx10EkO61116L48ePR6PRiD179sT0
9HTf33n88cfXoTLgWtdqtWJ5eTnOnj0bp06dildffTVmZmbi+uuvj6mpYt+fLC8vx0svvRRPPPFE
PPHEE/G9730vLl++rHMDWBM33XRTvO997xt3GZlOnToVzz///LjLgFJLIsID5aEE5ufn47777ovb
b78997z7779/nSoCeEeSJDE7OxubN2+OLVu2xK5du2L37t2xY8eO2L59+5W5OlZWVuLSpUtx8eLF
OHfuXJw/fz4uX74cS0tLsbKyEu22P0mAtTM/Px9/8Ad/EJs3bx53KVdZWlqKBx98MC5cuDDuUqDU
BBxQMnv37o2jR4+mDls5depUPPzww2OoCuAdSZLEzMxMzMzMxNTUVExNTV0ZutJqtaLRaESj0Yha
rRa1Wk2oAayrol8YradTp07FH//xHws3YAQEHFBSd999dxw+fPjKtxBLS0tx7NgxYzcBAArYs2fP
WLs5lpaW/N0GIybggBKbm5uL/fv3x9LSUpw8eTIWFxfHXRIAAMBYCDgAAACA0hvueW4AAAAAE0TA
AQAAAJSegAMAAAAoPQEHAAAAUHoCDgAAAKD0BBwAAABA6Qk4AAAAgNITcAAAAAClJ+AAAAAASk/A
AQAAAJSegAMAAAAoPQEHAAAAUHoCDgAAAKD0BBwAAABA6Qk4AAAAgNITcAAAAAClJ+AAAAAASk/A
AQAAAJSegAMAAAAoPQEHAAAAUHoCDgAAAKD0BBwAAABA6Qk4AAAAgNITcAAAAAClJ+AAAAAASk/A
AQAAAJSegAMAAAAoPQEHAAAAUHoCDgAAAKD0BBwAAABA6Qk4AAAAgNITcAAAAAClJ+AAAAAASk/A
AQAAAJSegAMAAAAoPQEHAAAAUHoCDgAAAKD0BBwAAABA6Qk4AAAAgNITcAAAAAClJ+AAAAAASk/A
AQAAAJTe/wchGjdc7rWSFwAAAABJRU5ErkJggg==
" width="800px"&gt;</msg>
<doc>Takes a screenshot of the current page and embeds it into the log.</doc>
<status status="PASS" start="2024-05-30T16:40:00.227848" elapsed="0.288281"/>
</kw>
<msg time="2024-05-30T16:40:00.516129" level="INFO">xpath criteria: //android.widget.Toast[@text="Please enter valid Flight Number"]</msg>
<msg time="2024-05-30T16:40:00.516129" level="FAIL">StaleElementReferenceException: Message: Cached elements 'By.xpath: //android.widget.Toast[@text="Please enter valid Flight Number"]' do not exist in DOM anymore; For documentation on this error, please visit: https://www.selenium.dev/documentation/webdriver/troubleshooting/errors#stale-element-reference-exception
Stacktrace:
io.appium.uiautomator2.common.exceptions.StaleElementReferenceException: Cached elements 'By.xpath: //android.widget.Toast[@text="Please enter valid Flight Number"]' do not exist in DOM anymore
	at io.appium.uiautomator2.model.ElementsCache.restore(ElementsCache.java:78)
	at io.appium.uiautomator2.model.ElementsCache.get(ElementsCache.java:153)
	at io.appium.uiautomator2.handler.GetElementAttribute.safeHandle(GetElementAttribute.java:23)
	at io.appium.uiautomator2.handler.request.SafeRequestHandler.handle(SafeRequestHandler.java:59)
	at io.appium.uiautomator2.server.AppiumServlet.handleRequest(AppiumServlet.java:266)
	at io.appium.uiautomator2.server.AppiumServlet.handleHttpRequest(AppiumServlet.java:260)
	at io.appium.uiautomator2.http.ServerHandler.channelRead(ServerHandler.java:68)
	at io.netty.channel.AbstractChannelHandlerContext.invokeChannelRead(AbstractChannelHandlerContext.java:366)
	at io.netty.channel.AbstractChannelHandlerContext.invokeChannelRead(AbstractChannelHandlerContext.java:352)
	at io.netty.channel.AbstractChannelHandlerContext.fireChannelRead(AbstractChannelHandlerContext.java:345)
	at io.netty.handler.codec.MessageToMessageDecoder.channelRead(MessageToMessageDecoder.java:102)
	at io.netty.channel.AbstractChannelHandlerContext.invokeChannelRead(AbstractChannelHandlerContext.java:366)
	at io.netty.channel.AbstractChannelHandlerContext.invokeChannelRead(AbstractChannelHandlerContext.java:352)
	at io.netty.channel.AbstractChannelHandlerContext.fireChannelRead(AbstractChannelHandlerContext.java:345)
	at io.netty.channel.CombinedChannelDuplexHandler$DelegatingChannelHandlerContext.fireChannelRead(CombinedChannelDuplexHandler.java:435)
	at io.netty.handler.codec.ByteToMessageDecoder.fireChannelRead(ByteToMessageDecoder.java:293)
	at io.netty.handler.codec.ByteToMessageDecoder.channelRead(ByteToMessageDecoder.java:267)
	at io.netty.channel.CombinedChannelDuplexHandler.channelRead(CombinedChannelDuplexHandler.java:250)
	at io.netty.channel.AbstractChannelHandlerContext.invokeChannelRead(AbstractChannelHandlerContext.java:366)
	at io.netty.channel.AbstractChannelHandlerContext.invokeChannelRead(AbstractChannelHandlerContext.java:352)
	at io.netty.channel.AbstractChannelHandlerContext.fireChannelRead(AbstractChannelHandlerContext.java:345)
	at io.netty.handler.timeout.IdleStateHandler.channelRead(IdleStateHandler.java:266)
	at io.netty.channel.AbstractChannelHandlerContext.invokeChannelRead(AbstractChannelHandlerContext.java:366)
	at io.netty.channel.AbstractChannelHandlerContext.invokeChannelRead(AbstractChannelHandlerContext.java:352)
	at io.netty.channel.AbstractChannelHandlerContext.fireChannelRead(AbstractChannelHandlerContext.java:345)
	at io.netty.channel.DefaultChannelPipeline$HeadContext.channelRead(DefaultChannelPipeline.java:1294)
	at io.netty.channel.AbstractChannelHandlerContext.invokeChannelRead(AbstractChannelHandlerContext.java:366)
	at io.netty.channel.AbstractChannelHandlerContext.invokeChannelRead(AbstractChannelHandlerContext.java:352)
	at io.netty.channel.DefaultChannelPipeline.fireChannelRead(DefaultChannelPipeline.java:911)
	at io.netty.channel.nio.AbstractNioByteChannel$NioByteUnsafe.read(AbstractNioByteChannel.java:131)
	at io.netty.channel.nio.NioEventLoop.processSelectedKey(NioEventLoop.java:611)
	at io.netty.channel.nio.NioEventLoop.processSelectedKeysOptimized(NioEventLoop.java:552)
	at io.netty.channel.nio.NioEventLoop.processSelectedKeys(NioEventLoop.java:466)
	at io.netty.channel.nio.NioEventLoop.run(NioEventLoop.java:438)
	at io.netty.util.concurrent.SingleThreadEventExecutor$2.run(SingleThreadEventExecutor.java:140)
	at io.netty.util.concurrent.DefaultThreadFactory$DefaultRunnableDecorator.run(DefaultThreadFactory.java:144)
	at java.lang.Thread.run(Thread.java:920)
</msg>
<arg>${alert-toast}</arg>
<doc>Waits until element specified with `locator` is visible.</doc>
<status status="FAIL" start="2024-05-30T16:39:59.674041" elapsed="0.843093">StaleElementReferenceException: Message: Cached elements 'By.xpath: //android.widget.Toast[@text="Please enter valid Flight Number"]' do not exist in DOM anymore; For documentation on this error, please visit: https://www.selenium.dev/documentation/webdriver/troubleshooting/errors#stale-element-reference-exception
Stacktrace:
io.appium.uiautomator2.common.exceptions.StaleElementReferenceException: Cached elements 'By.xpath: //android.widget.Toast[@text="Please enter valid Flight Number"]' do not exist in DOM anymore
	at io.appium.uiautomator2.model.ElementsCache.restore(ElementsCache.java:78)
	at io.appium.uiautomator2.model.ElementsCache.get(ElementsCache.java:153)
	at io.appium.uiautomator2.handler.GetElementAttribute.safeHandle(GetElementAttribute.java:23)
	at io.appium.uiautomator2.handler.request.SafeRequestHandler.handle(SafeRequestHandler.java:59)
	at io.appium.uiautomator2.server.AppiumServlet.handleRequest(AppiumServlet.java:266)
	at io.appium.uiautomator2.server.AppiumServlet.handleHttpRequest(AppiumServlet.java:260)
	at io.appium.uiautomator2.http.ServerHandler.channelRead(ServerHandler.jav...
    [ Message content over the limit has been removed. ]
	at io.netty.channel.AbstractChannelHandlerContext.invokeChannelRead(AbstractChannelHandlerContext.java:366)
	at io.netty.channel.AbstractChannelHandlerContext.invokeChannelRead(AbstractChannelHandlerContext.java:352)
	at io.netty.channel.DefaultChannelPipeline.fireChannelRead(DefaultChannelPipeline.java:911)
	at io.netty.channel.nio.AbstractNioByteChannel$NioByteUnsafe.read(AbstractNioByteChannel.java:131)
	at io.netty.channel.nio.NioEventLoop.processSelectedKey(NioEventLoop.java:611)
	at io.netty.channel.nio.NioEventLoop.processSelectedKeysOptimized(NioEventLoop.java:552)
	at io.netty.channel.nio.NioEventLoop.processSelectedKeys(NioEventLoop.java:466)
	at io.netty.channel.nio.NioEventLoop.run(NioEventLoop.java:438)
	at io.netty.util.concurrent.SingleThreadEventExecutor$2.run(SingleThreadEventExecutor.java:140)
	at io.netty.util.concurrent.DefaultThreadFactory$DefaultRunnableDecorator.run(DefaultThreadFactory.java:144)
	at java.lang.Thread.run(Thread.java:920)</status>
</kw>
<status status="FAIL" start="2024-05-30T16:39:59.673493" elapsed="0.843641">StaleElementReferenceException: Message: Cached elements 'By.xpath: //android.widget.Toast[@text="Please enter valid Flight Number"]' do not exist in DOM anymore; For documentation on this error, please visit: https://www.selenium.dev/documentation/webdriver/troubleshooting/errors#stale-element-reference-exception
Stacktrace:
io.appium.uiautomator2.common.exceptions.StaleElementReferenceException: Cached elements 'By.xpath: //android.widget.Toast[@text="Please enter valid Flight Number"]' do not exist in DOM anymore
	at io.appium.uiautomator2.model.ElementsCache.restore(ElementsCache.java:78)
	at io.appium.uiautomator2.model.ElementsCache.get(ElementsCache.java:153)
	at io.appium.uiautomator2.handler.GetElementAttribute.safeHandle(GetElementAttribute.java:23)
	at io.appium.uiautomator2.handler.request.SafeRequestHandler.handle(SafeRequestHandler.java:59)
	at io.appium.uiautomator2.server.AppiumServlet.handleRequest(AppiumServlet.java:266)
	at io.appium.uiautomator2.server.AppiumServlet.handleHttpRequest(AppiumServlet.java:260)
	at io.appium.uiautomator2.http.ServerHandler.channelRead(ServerHandler.jav...
    [ Message content over the limit has been removed. ]
	at io.netty.channel.AbstractChannelHandlerContext.invokeChannelRead(AbstractChannelHandlerContext.java:366)
	at io.netty.channel.AbstractChannelHandlerContext.invokeChannelRead(AbstractChannelHandlerContext.java:352)
	at io.netty.channel.DefaultChannelPipeline.fireChannelRead(DefaultChannelPipeline.java:911)
	at io.netty.channel.nio.AbstractNioByteChannel$NioByteUnsafe.read(AbstractNioByteChannel.java:131)
	at io.netty.channel.nio.NioEventLoop.processSelectedKey(NioEventLoop.java:611)
	at io.netty.channel.nio.NioEventLoop.processSelectedKeysOptimized(NioEventLoop.java:552)
	at io.netty.channel.nio.NioEventLoop.processSelectedKeys(NioEventLoop.java:466)
	at io.netty.channel.nio.NioEventLoop.run(NioEventLoop.java:438)
	at io.netty.util.concurrent.SingleThreadEventExecutor$2.run(SingleThreadEventExecutor.java:140)
	at io.netty.util.concurrent.DefaultThreadFactory$DefaultRunnableDecorator.run(DefaultThreadFactory.java:144)
	at java.lang.Thread.run(Thread.java:920)</status>
</kw>
<status status="FAIL" start="2024-05-30T16:39:59.672470" elapsed="0.844664">StaleElementReferenceException: Message: Cached elements 'By.xpath: //android.widget.Toast[@text="Please enter valid Flight Number"]' do not exist in DOM anymore; For documentation on this error, please visit: https://www.selenium.dev/documentation/webdriver/troubleshooting/errors#stale-element-reference-exception
Stacktrace:
io.appium.uiautomator2.common.exceptions.StaleElementReferenceException: Cached elements 'By.xpath: //android.widget.Toast[@text="Please enter valid Flight Number"]' do not exist in DOM anymore
	at io.appium.uiautomator2.model.ElementsCache.restore(ElementsCache.java:78)
	at io.appium.uiautomator2.model.ElementsCache.get(ElementsCache.java:153)
	at io.appium.uiautomator2.handler.GetElementAttribute.safeHandle(GetElementAttribute.java:23)
	at io.appium.uiautomator2.handler.request.SafeRequestHandler.handle(SafeRequestHandler.java:59)
	at io.appium.uiautomator2.server.AppiumServlet.handleRequest(AppiumServlet.java:266)
	at io.appium.uiautomator2.server.AppiumServlet.handleHttpRequest(AppiumServlet.java:260)
	at io.appium.uiautomator2.http.ServerHandler.channelRead(ServerHandler.jav...
    [ Message content over the limit has been removed. ]
	at io.netty.channel.AbstractChannelHandlerContext.invokeChannelRead(AbstractChannelHandlerContext.java:366)
	at io.netty.channel.AbstractChannelHandlerContext.invokeChannelRead(AbstractChannelHandlerContext.java:352)
	at io.netty.channel.DefaultChannelPipeline.fireChannelRead(DefaultChannelPipeline.java:911)
	at io.netty.channel.nio.AbstractNioByteChannel$NioByteUnsafe.read(AbstractNioByteChannel.java:131)
	at io.netty.channel.nio.NioEventLoop.processSelectedKey(NioEventLoop.java:611)
	at io.netty.channel.nio.NioEventLoop.processSelectedKeysOptimized(NioEventLoop.java:552)
	at io.netty.channel.nio.NioEventLoop.processSelectedKeys(NioEventLoop.java:466)
	at io.netty.channel.nio.NioEventLoop.run(NioEventLoop.java:438)
	at io.netty.util.concurrent.SingleThreadEventExecutor$2.run(SingleThreadEventExecutor.java:140)
	at io.netty.util.concurrent.DefaultThreadFactory$DefaultRunnableDecorator.run(DefaultThreadFactory.java:144)
	at java.lang.Thread.run(Thread.java:920)</status>
</branch>
<status status="FAIL" start="2024-05-30T16:39:59.672470" elapsed="0.844664">StaleElementReferenceException: Message: Cached elements 'By.xpath: //android.widget.Toast[@text="Please enter valid Flight Number"]' do not exist in DOM anymore; For documentation on this error, please visit: https://www.selenium.dev/documentation/webdriver/troubleshooting/errors#stale-element-reference-exception
Stacktrace:
io.appium.uiautomator2.common.exceptions.StaleElementReferenceException: Cached elements 'By.xpath: //android.widget.Toast[@text="Please enter valid Flight Number"]' do not exist in DOM anymore
	at io.appium.uiautomator2.model.ElementsCache.restore(ElementsCache.java:78)
	at io.appium.uiautomator2.model.ElementsCache.get(ElementsCache.java:153)
	at io.appium.uiautomator2.handler.GetElementAttribute.safeHandle(GetElementAttribute.java:23)
	at io.appium.uiautomator2.handler.request.SafeRequestHandler.handle(SafeRequestHandler.java:59)
	at io.appium.uiautomator2.server.AppiumServlet.handleRequest(AppiumServlet.java:266)
	at io.appium.uiautomator2.server.AppiumServlet.handleHttpRequest(AppiumServlet.java:260)
	at io.appium.uiautomator2.http.ServerHandler.channelRead(ServerHandler.jav...
    [ Message content over the limit has been removed. ]
	at io.netty.channel.AbstractChannelHandlerContext.invokeChannelRead(AbstractChannelHandlerContext.java:366)
	at io.netty.channel.AbstractChannelHandlerContext.invokeChannelRead(AbstractChannelHandlerContext.java:352)
	at io.netty.channel.DefaultChannelPipeline.fireChannelRead(DefaultChannelPipeline.java:911)
	at io.netty.channel.nio.AbstractNioByteChannel$NioByteUnsafe.read(AbstractNioByteChannel.java:131)
	at io.netty.channel.nio.NioEventLoop.processSelectedKey(NioEventLoop.java:611)
	at io.netty.channel.nio.NioEventLoop.processSelectedKeysOptimized(NioEventLoop.java:552)
	at io.netty.channel.nio.NioEventLoop.processSelectedKeys(NioEventLoop.java:466)
	at io.netty.channel.nio.NioEventLoop.run(NioEventLoop.java:438)
	at io.netty.util.concurrent.SingleThreadEventExecutor$2.run(SingleThreadEventExecutor.java:140)
	at io.netty.util.concurrent.DefaultThreadFactory$DefaultRunnableDecorator.run(DefaultThreadFactory.java:144)
	at java.lang.Thread.run(Thread.java:920)</status>
</if>
<arg>${EMPTY_FLIGHT_NUMBER}</arg>
<status status="FAIL" start="2024-05-30T16:39:57.963626" elapsed="2.553508">StaleElementReferenceException: Message: Cached elements 'By.xpath: //android.widget.Toast[@text="Please enter valid Flight Number"]' do not exist in DOM anymore; For documentation on this error, please visit: https://www.selenium.dev/documentation/webdriver/troubleshooting/errors#stale-element-reference-exception
Stacktrace:
io.appium.uiautomator2.common.exceptions.StaleElementReferenceException: Cached elements 'By.xpath: //android.widget.Toast[@text="Please enter valid Flight Number"]' do not exist in DOM anymore
	at io.appium.uiautomator2.model.ElementsCache.restore(ElementsCache.java:78)
	at io.appium.uiautomator2.model.ElementsCache.get(ElementsCache.java:153)
	at io.appium.uiautomator2.handler.GetElementAttribute.safeHandle(GetElementAttribute.java:23)
	at io.appium.uiautomator2.handler.request.SafeRequestHandler.handle(SafeRequestHandler.java:59)
	at io.appium.uiautomator2.server.AppiumServlet.handleRequest(AppiumServlet.java:266)
	at io.appium.uiautomator2.server.AppiumServlet.handleHttpRequest(AppiumServlet.java:260)
	at io.appium.uiautomator2.http.ServerHandler.channelRead(ServerHandler.jav...
    [ Message content over the limit has been removed. ]
	at io.netty.channel.AbstractChannelHandlerContext.invokeChannelRead(AbstractChannelHandlerContext.java:366)
	at io.netty.channel.AbstractChannelHandlerContext.invokeChannelRead(AbstractChannelHandlerContext.java:352)
	at io.netty.channel.DefaultChannelPipeline.fireChannelRead(DefaultChannelPipeline.java:911)
	at io.netty.channel.nio.AbstractNioByteChannel$NioByteUnsafe.read(AbstractNioByteChannel.java:131)
	at io.netty.channel.nio.NioEventLoop.processSelectedKey(NioEventLoop.java:611)
	at io.netty.channel.nio.NioEventLoop.processSelectedKeysOptimized(NioEventLoop.java:552)
	at io.netty.channel.nio.NioEventLoop.processSelectedKeys(NioEventLoop.java:466)
	at io.netty.channel.nio.NioEventLoop.run(NioEventLoop.java:438)
	at io.netty.util.concurrent.SingleThreadEventExecutor$2.run(SingleThreadEventExecutor.java:140)
	at io.netty.util.concurrent.DefaultThreadFactory$DefaultRunnableDecorator.run(DefaultThreadFactory.java:144)
	at java.lang.Thread.run(Thread.java:920)</status>
</kw>
<kw name="Alert Toast Popped Up" owner="search">
<status status="NOT RUN" start="2024-05-30T16:40:00.518133" elapsed="0.000000"/>
</kw>
<kw name="Close Flight Application" owner="base" type="TEARDOWN">
<kw name="Close Application" owner="AppiumLibrary">
<doc>Closes the current application and also close webdriver session.</doc>
<status status="PASS" start="2024-05-30T16:40:00.519128" elapsed="0.390544"/>
</kw>
<status status="PASS" start="2024-05-30T16:40:00.519128" elapsed="0.390544"/>
</kw>
<status status="FAIL" start="2024-05-30T16:39:48.097816" elapsed="12.811856">StaleElementReferenceException: Message: Cached elements 'By.xpath: //android.widget.Toast[@text="Please enter valid Flight Number"]' do not exist in DOM anymore; For documentation on this error, please visit: https://www.selenium.dev/documentation/webdriver/troubleshooting/errors#stale-element-reference-exception
Stacktrace:
io.appium.uiautomator2.common.exceptions.StaleElementReferenceException: Cached elements 'By.xpath: //android.widget.Toast[@text="Please enter valid Flight Number"]' do not exist in DOM anymore
	at io.appium.uiautomator2.model.ElementsCache.restore(ElementsCache.java:78)
	at io.appium.uiautomator2.model.ElementsCache.get(ElementsCache.java:153)
	at io.appium.uiautomator2.handler.GetElementAttribute.safeHandle(GetElementAttribute.java:23)
	at io.appium.uiautomator2.handler.request.SafeRequestHandler.handle(SafeRequestHandler.java:59)
	at io.appium.uiautomator2.server.AppiumServlet.handleRequest(AppiumServlet.java:266)
	at io.appium.uiautomator2.server.AppiumServlet.handleHttpRequest(AppiumServlet.java:260)
	at io.appium.uiautomator2.http.ServerHandler.channelRead(ServerHandler.jav...
    [ Message content over the limit has been removed. ]
	at io.netty.channel.AbstractChannelHandlerContext.invokeChannelRead(AbstractChannelHandlerContext.java:366)
	at io.netty.channel.AbstractChannelHandlerContext.invokeChannelRead(AbstractChannelHandlerContext.java:352)
	at io.netty.channel.DefaultChannelPipeline.fireChannelRead(DefaultChannelPipeline.java:911)
	at io.netty.channel.nio.AbstractNioByteChannel$NioByteUnsafe.read(AbstractNioByteChannel.java:131)
	at io.netty.channel.nio.NioEventLoop.processSelectedKey(NioEventLoop.java:611)
	at io.netty.channel.nio.NioEventLoop.processSelectedKeysOptimized(NioEventLoop.java:552)
	at io.netty.channel.nio.NioEventLoop.processSelectedKeys(NioEventLoop.java:466)
	at io.netty.channel.nio.NioEventLoop.run(NioEventLoop.java:438)
	at io.netty.util.concurrent.SingleThreadEventExecutor$2.run(SingleThreadEventExecutor.java:140)
	at io.netty.util.concurrent.DefaultThreadFactory$DefaultRunnableDecorator.run(DefaultThreadFactory.java:144)
	at java.lang.Thread.run(Thread.java:920)</status>
</test>
<status status="FAIL" start="2024-05-30T16:39:21.686544" elapsed="39.227147"/>
</suite>
<statistics>
<total>
<stat pass="1" fail="2" skip="0">All Tests</stat>
</total>
<tag>
</tag>
<suite>
<stat pass="1" fail="2" skip="0" id="s1" name="test-Search">test-Search</stat>
</suite>
</statistics>
<errors>
</errors>
</robot>
