<?xml version="1.0" encoding="UTF-8"?>
<robot generator="Robot 7.0 (Python 3.12.3 on win32)" generated="2024-05-29T19:17:05.100554" rpa="false" schemaversion="5">
<suite id="s1" name="test-Book" source="C:\Users\Aloka\Desktop\Automation\AutomationTest\Belajar Automation\Q3-Sanber14-MobileAutomation\Suites\test-Book.robot">
<test id="s1-t1" name="Successfuly Data Book" line="15">
<kw name="Open Flight Application" owner="base" type="SETUP">
<kw name="Open Application" owner="AppiumLibrary">
<arg>${REMOTE_URL}</arg>
<arg>platformName=${PLATFORM_NAME}</arg>
<arg>platformVersion=${PLATFORM_VERSION}</arg>
<arg>deviceName=${DEVICE_NAME}</arg>
<arg>appPackage=${APP_PACKAGE}</arg>
<arg>appActivity=${APP_ACTIVITY}</arg>
<doc>Opens a new application to given Appium server.
Capabilities of appium server, Android and iOS,
Please check https://github.com/appium/appium/blob/master/docs/en/writing-running-appium/server-args.md
| *Option*            | *Man.* | *Description*     |
| remote_url          | Yes    | Appium server url |
| alias               | no     | alias             |
| strict_ssl          | No     | allows you to send commands to an invalid certificate host like a self-signed one. |</doc>
<status status="PASS" start="2024-05-29T19:17:05.388681" elapsed="13.721878"/>
</kw>
<status status="PASS" start="2024-05-29T19:17:05.387683" elapsed="13.722876"/>
</kw>
<kw name="Berhasil Login" owner="book">
<kw name="Verify Home Page Loaded" owner="home">
<kw name="Wait Until Element Is Visible" owner="AppiumLibrary">
<msg time="2024-05-29T19:17:19.842912" level="INFO">xpath criteria: //android.widget.Button[@resource-id="com.example.myapplication:id/login"]</msg>
<arg>${login-button}</arg>
<arg>timeout=5s</arg>
<doc>Waits until element specified with `locator` is visible.</doc>
<status status="PASS" start="2024-05-29T19:17:19.111553" elapsed="0.731359"/>
</kw>
<status status="PASS" start="2024-05-29T19:17:19.111553" elapsed="0.731359"/>
</kw>
<kw name="Click Sign In Button On Home" owner="home">
<kw name="Click Element" owner="AppiumLibrary">
<msg time="2024-05-29T19:17:19.847558" level="INFO">Clicking element '//android.widget.Button[@resource-id="com.example.myapplication:id/login"]'.</msg>
<msg time="2024-05-29T19:17:19.960506" level="INFO">xpath criteria: //android.widget.Button[@resource-id="com.example.myapplication:id/login"]</msg>
<arg>${login-button}</arg>
<doc>Click element identified by `locator`.</doc>
<status status="PASS" start="2024-05-29T19:17:19.844462" elapsed="0.116044"/>
</kw>
<status status="PASS" start="2024-05-29T19:17:19.844462" elapsed="0.116044"/>
</kw>
<kw name="Verify Sign In Page" owner="signIn">
<kw name="Wait Until Element Is Visible" owner="AppiumLibrary">
<msg time="2024-05-29T19:17:21.079886" level="INFO">xpath criteria: //android.widget.TextView[@resource-id="com.example.myapplication:id/textView2"]
xpath criteria: //android.widget.TextView[@resource-id="com.example.myapplication:id/textView2"]</msg>
<arg>${verify-sign-in-page}</arg>
<arg>timeout=5s</arg>
<doc>Waits until element specified with `locator` is visible.</doc>
<status status="PASS" start="2024-05-29T19:17:19.960506" elapsed="1.119380"/>
</kw>
<status status="PASS" start="2024-05-29T19:17:19.960506" elapsed="1.120390"/>
</kw>
<kw name="Input Username" owner="signIn">
<kw name="Input Text" owner="AppiumLibrary">
<msg time="2024-05-29T19:17:21.084486" level="INFO">Typing text 'support@ngendigital.com' into text field '//android.widget.EditText[@resource-id="com.example.myapplication:id/username"]'</msg>
<msg time="2024-05-29T19:17:21.205380" level="INFO">xpath criteria: //android.widget.EditText[@resource-id="com.example.myapplication:id/username"]</msg>
<arg>${username-input}</arg>
<arg>${username}</arg>
<doc>Types the given `text` into text field identified by `locator`.</doc>
<status status="PASS" start="2024-05-29T19:17:21.080896" elapsed="0.124484"/>
</kw>
<arg>${VALID_USERNAME}</arg>
<status status="PASS" start="2024-05-29T19:17:21.080896" elapsed="0.124484"/>
</kw>
<kw name="Input User Password" owner="signIn">
<kw name="Input Text" owner="AppiumLibrary">
<msg time="2024-05-29T19:17:21.209368" level="INFO">Typing text 'abc123' into text field '//android.widget.EditText[@resource-id="com.example.myapplication:id/password"]'</msg>
<msg time="2024-05-29T19:17:21.838108" level="INFO">xpath criteria: //android.widget.EditText[@resource-id="com.example.myapplication:id/password"]</msg>
<arg>${password-input}</arg>
<arg>${password}</arg>
<doc>Types the given `text` into text field identified by `locator`.</doc>
<status status="PASS" start="2024-05-29T19:17:21.206367" elapsed="0.631741"/>
</kw>
<arg>${VALID_PASSWORD}</arg>
<status status="PASS" start="2024-05-29T19:17:21.206367" elapsed="0.632738"/>
</kw>
<kw name="Click Sign In Button" owner="signIn">
<kw name="Click Element" owner="AppiumLibrary">
<msg time="2024-05-29T19:17:21.843132" level="INFO">Clicking element '//android.widget.Button[@resource-id="com.example.myapplication:id/signIn"]'.</msg>
<msg time="2024-05-29T19:17:22.460891" level="INFO">xpath criteria: //android.widget.Button[@resource-id="com.example.myapplication:id/signIn"]</msg>
<arg>${sign-in-button}</arg>
<doc>Click element identified by `locator`.</doc>
<status status="PASS" start="2024-05-29T19:17:21.839105" elapsed="0.621786"/>
</kw>
<status status="PASS" start="2024-05-29T19:17:21.839105" elapsed="0.621786"/>
</kw>
<kw name="Verify Login Success" owner="signIn">
<kw name="Wait Until Element Is Visible" owner="AppiumLibrary">
<msg time="2024-05-29T19:17:23.607743" level="INFO">xpath criteria: //android.widget.TextView[@resource-id="com.example.myapplication:id/textView"]
xpath criteria: //android.widget.TextView[@resource-id="com.example.myapplication:id/textView"]</msg>
<arg>${verify-sign-in}</arg>
<arg>timeout=5s</arg>
<doc>Waits until element specified with `locator` is visible.</doc>
<status status="PASS" start="2024-05-29T19:17:22.461888" elapsed="1.145855"/>
</kw>
<status status="PASS" start="2024-05-29T19:17:22.460891" elapsed="1.146852"/>
</kw>
<status status="PASS" start="2024-05-29T19:17:19.111553" elapsed="4.496190"/>
</kw>
<kw name="Click Book Button on Home" owner="home">
<kw name="Click Element" owner="AppiumLibrary">
<msg time="2024-05-29T19:17:23.611733" level="INFO">Clicking element '//android.widget.Button[@resource-id="com.example.myapplication:id/book"]'.</msg>
<msg time="2024-05-29T19:17:23.720228" level="INFO">xpath criteria: //android.widget.Button[@resource-id="com.example.myapplication:id/book"]</msg>
<arg>${book-button}</arg>
<doc>Click element identified by `locator`.</doc>
<status status="PASS" start="2024-05-29T19:17:23.609738" elapsed="0.110490"/>
</kw>
<status status="PASS" start="2024-05-29T19:17:23.608715" elapsed="0.111513"/>
</kw>
<kw name="Choose Country" owner="book">
<kw name="Wait Until Element Is Visible" owner="AppiumLibrary">
<msg time="2024-05-29T19:17:25.110914" level="INFO">xpath criteria: //android.widget.Spinner[@resource-id="com.example.myapplication:id/spinnerFrom"]
xpath criteria: //android.widget.Spinner[@resource-id="com.example.myapplication:id/spinnerFrom"]</msg>
<arg>xpath= ${county-button}</arg>
<arg>5s</arg>
<doc>Waits until element specified with `locator` is visible.</doc>
<status status="PASS" start="2024-05-29T19:17:23.722224" elapsed="1.389650"/>
</kw>
<kw name="Click Element" owner="AppiumLibrary">
<msg time="2024-05-29T19:17:25.114456" level="INFO">Clicking element 'xpath= //android.widget.Spinner[@resource-id="com.example.myapplication:id/spinnerFrom"]'.</msg>
<msg time="2024-05-29T19:17:25.264099" level="INFO">xpath criteria: //android.widget.Spinner[@resource-id="com.example.myapplication:id/spinnerFrom"]</msg>
<arg>xpath= ${county-button}</arg>
<doc>Click element identified by `locator`.</doc>
<status status="PASS" start="2024-05-29T19:17:25.111874" elapsed="0.152225"/>
</kw>
<kw name="Wait Until Element Is Visible" owner="AppiumLibrary">
<msg time="2024-05-29T19:17:26.254147" level="INFO">xpath criteria: //android.widget.TextView[@resource-id="android:id/text1" and @text="Toronto"]
xpath criteria: //android.widget.TextView[@resource-id="android:id/text1" and @text="Toronto"]</msg>
<arg>xpath=//android.widget.TextView[@resource-id="android:id/text1" and @text="${county}"]</arg>
<arg>5s</arg>
<doc>Waits until element specified with `locator` is visible.</doc>
<status status="PASS" start="2024-05-29T19:17:25.264644" elapsed="0.989503"/>
</kw>
<kw name="Click Element" owner="AppiumLibrary">
<msg time="2024-05-29T19:17:26.257176" level="INFO">Clicking element 'xpath=//android.widget.TextView[@resource-id="android:id/text1" and @text="Toronto"]'.</msg>
<msg time="2024-05-29T19:17:27.240309" level="INFO">xpath criteria: //android.widget.TextView[@resource-id="android:id/text1" and @text="Toronto"]</msg>
<arg>xpath=//android.widget.TextView[@resource-id="android:id/text1" and @text="${county}"]</arg>
<doc>Click element identified by `locator`.</doc>
<status status="PASS" start="2024-05-29T19:17:26.254147" elapsed="0.987157"/>
</kw>
<arg>Toronto</arg>
<status status="PASS" start="2024-05-29T19:17:23.722224" elapsed="3.519080"/>
</kw>
<kw name="Choose City" owner="book">
<kw name="Wait Until Element Is Visible" owner="AppiumLibrary">
<msg time="2024-05-29T19:17:27.386424" level="INFO">xpath criteria: //android.widget.Spinner[@resource-id="com.example.myapplication:id/spinnerTo"]</msg>
<arg>xpath= ${city-button}</arg>
<arg>5s</arg>
<doc>Waits until element specified with `locator` is visible.</doc>
<status status="PASS" start="2024-05-29T19:17:27.242304" elapsed="0.144120"/>
</kw>
<kw name="Click Element" owner="AppiumLibrary">
<msg time="2024-05-29T19:17:27.389414" level="INFO">Clicking element 'xpath=//android.widget.Spinner[@resource-id="com.example.myapplication:id/spinnerTo"]'.</msg>
<msg time="2024-05-29T19:17:27.525011" level="INFO">xpath criteria: //android.widget.Spinner[@resource-id="com.example.myapplication:id/spinnerTo"]</msg>
<arg>xpath=${city-button}</arg>
<doc>Click element identified by `locator`.</doc>
<status status="PASS" start="2024-05-29T19:17:27.387420" elapsed="0.137591"/>
</kw>
<kw name="Wait Until Element Is Visible" owner="AppiumLibrary">
<msg time="2024-05-29T19:17:28.928753" level="INFO">xpath criteria: //android.widget.TextView[@resource-id="android:id/text1" and @text="Paris"]
xpath criteria: //android.widget.TextView[@resource-id="android:id/text1" and @text="Paris"]</msg>
<arg>xpath=//android.widget.TextView[@resource-id="android:id/text1" and @text="${city}"]</arg>
<arg>5s</arg>
<doc>Waits until element specified with `locator` is visible.</doc>
<status status="PASS" start="2024-05-29T19:17:27.526023" elapsed="1.402730"/>
</kw>
<kw name="Click Element" owner="AppiumLibrary">
<msg time="2024-05-29T19:17:28.932780" level="INFO">Clicking element 'xpath=//android.widget.TextView[@resource-id="android:id/text1" and @text="Paris"]'.</msg>
<msg time="2024-05-29T19:17:29.734305" level="INFO">xpath criteria: //android.widget.TextView[@resource-id="android:id/text1" and @text="Paris"]</msg>
<arg>xpath=//android.widget.TextView[@resource-id="android:id/text1" and @text="${city}"]</arg>
<doc>Click element identified by `locator`.</doc>
<status status="PASS" start="2024-05-29T19:17:28.929798" elapsed="0.804507"/>
</kw>
<arg>Paris</arg>
<status status="PASS" start="2024-05-29T19:17:27.242304" elapsed="2.492001"/>
</kw>
<kw name="Choose Class" owner="book">
<kw name="Wait Until Element Is Visible" owner="AppiumLibrary">
<msg time="2024-05-29T19:17:29.868995" level="INFO">xpath criteria: //android.widget.Spinner[@resource-id="com.example.myapplication:id/spinnerClass"]</msg>
<arg>xpath=${class-button}</arg>
<arg>5s</arg>
<doc>Waits until element specified with `locator` is visible.</doc>
<status status="PASS" start="2024-05-29T19:17:29.735335" elapsed="0.133660"/>
</kw>
<kw name="Click Element" owner="AppiumLibrary">
<msg time="2024-05-29T19:17:29.871988" level="INFO">Clicking element 'xpath=//android.widget.Spinner[@resource-id="com.example.myapplication:id/spinnerClass"]'.</msg>
<msg time="2024-05-29T19:17:30.012544" level="INFO">xpath criteria: //android.widget.Spinner[@resource-id="com.example.myapplication:id/spinnerClass"]</msg>
<arg>xpath=${class-button}</arg>
<doc>Click element identified by `locator`.</doc>
<status status="PASS" start="2024-05-29T19:17:29.868995" elapsed="0.143549"/>
</kw>
<kw name="Wait Until Element Is Visible" owner="AppiumLibrary">
<msg time="2024-05-29T19:17:31.813385" level="INFO">xpath criteria: //android.widget.TextView[@resource-id="android:id/text1" and @text="First"]
xpath criteria: //android.widget.TextView[@resource-id="android:id/text1" and @text="First"]</msg>
<arg>xpath=//android.widget.TextView[@resource-id="android:id/text1" and @text="${class}"]</arg>
<arg>5s</arg>
<doc>Waits until element specified with `locator` is visible.</doc>
<status status="PASS" start="2024-05-29T19:17:30.012544" elapsed="1.800841"/>
</kw>
<kw name="Click Element" owner="AppiumLibrary">
<msg time="2024-05-29T19:17:31.815969" level="INFO">Clicking element 'xpath=//android.widget.TextView[@resource-id="android:id/text1" and @text="First"]'.</msg>
<msg time="2024-05-29T19:17:32.653990" level="INFO">xpath criteria: //android.widget.TextView[@resource-id="android:id/text1" and @text="First"]</msg>
<arg>xpath=//android.widget.TextView[@resource-id="android:id/text1" and @text="${class}"]</arg>
<doc>Click element identified by `locator`.</doc>
<status status="PASS" start="2024-05-29T19:17:31.813385" elapsed="0.840605"/>
</kw>
<arg>First</arg>
<status status="PASS" start="2024-05-29T19:17:29.735335" elapsed="2.918655"/>
</kw>
<kw name="Choose Start Date" owner="book">
<kw name="Wait Until Element Is Visible" owner="AppiumLibrary">
<msg time="2024-05-29T19:17:32.766141" level="INFO">xpath criteria: //android.widget.TextView[@resource-id="com.example.myapplication:id/textStartDate"]</msg>
<arg>xpath=${start-button}</arg>
<arg>5s</arg>
<doc>Waits until element specified with `locator` is visible.</doc>
<status status="PASS" start="2024-05-29T19:17:32.656054" elapsed="0.110087"/>
</kw>
<kw name="Click Element" owner="AppiumLibrary">
<msg time="2024-05-29T19:17:32.769174" level="INFO">Clicking element 'xpath=//android.widget.TextView[@resource-id="com.example.myapplication:id/textStartDate"]'.</msg>
<msg time="2024-05-29T19:17:32.896608" level="INFO">xpath criteria: //android.widget.TextView[@resource-id="com.example.myapplication:id/textStartDate"]</msg>
<arg>xpath=${start-button}</arg>
<doc>Click element identified by `locator`.</doc>
<status status="PASS" start="2024-05-29T19:17:32.766141" elapsed="0.130467"/>
</kw>
<kw name="Wait Until Element Is Visible" owner="AppiumLibrary">
<msg time="2024-05-29T19:17:33.912915" level="INFO">xpath criteria: //android.view.ViewGroup[@resource-id="android:id/date_picker_day_picker"]
xpath criteria: //android.view.ViewGroup[@resource-id="android:id/date_picker_day_picker"]</msg>
<arg>xpath=//android.view.ViewGroup[@resource-id="android:id/date_picker_day_picker"]</arg>
<doc>Waits until element specified with `locator` is visible.</doc>
<status status="PASS" start="2024-05-29T19:17:32.896608" elapsed="1.016307"/>
</kw>
<kw name="Click Element" owner="AppiumLibrary">
<msg time="2024-05-29T19:17:33.916543" level="INFO">Clicking element 'xpath=//android.view.View[@content-desc="01 Agustus 2019"]'.</msg>
<msg time="2024-05-29T19:17:34.713486" level="INFO">xpath criteria: //android.view.View[@content-desc="01 Agustus 2019"]</msg>
<arg>xpath=//android.view.View[@content-desc="${date}"]</arg>
<doc>Click element identified by `locator`.</doc>
<status status="PASS" start="2024-05-29T19:17:33.912915" elapsed="0.800571"/>
</kw>
<kw name="Click Element" owner="AppiumLibrary">
<msg time="2024-05-29T19:17:34.716882" level="INFO">Clicking element 'xpath= //android.widget.Button[@resource-id="android:id/button1"]'.</msg>
<msg time="2024-05-29T19:17:35.284316" level="INFO">xpath criteria: //android.widget.Button[@resource-id="android:id/button1"]</msg>
<arg>xpath= //android.widget.Button[@resource-id="android:id/button1"]</arg>
<doc>Click element identified by `locator`.</doc>
<status status="PASS" start="2024-05-29T19:17:34.714436" elapsed="0.569880"/>
</kw>
<arg>01 Agustus 2019</arg>
<status status="PASS" start="2024-05-29T19:17:32.655018" elapsed="2.630377"/>
</kw>
<kw name="Choose End Date" owner="book">
<kw name="Wait Until Element Is Visible" owner="AppiumLibrary">
<msg time="2024-05-29T19:17:35.937632" level="INFO">xpath criteria: //android.widget.TextView[@resource-id="com.example.myapplication:id/textEndDate"]</msg>
<arg>xpath= ${end-button}</arg>
<arg>5s</arg>
<doc>Waits until element specified with `locator` is visible.</doc>
<status status="PASS" start="2024-05-29T19:17:35.286480" elapsed="0.651152"/>
</kw>
<kw name="Click Element" owner="AppiumLibrary">
<msg time="2024-05-29T19:17:35.942622" level="INFO">Clicking element 'xpath= //android.widget.TextView[@resource-id="com.example.myapplication:id/textEndDate"]'.</msg>
<msg time="2024-05-29T19:17:36.079272" level="INFO">xpath criteria: //android.widget.TextView[@resource-id="com.example.myapplication:id/textEndDate"]</msg>
<arg>xpath= ${end-button}</arg>
<doc>Click element identified by `locator`.</doc>
<status status="PASS" start="2024-05-29T19:17:35.938628" elapsed="0.140644"/>
</kw>
<kw name="Wait Until Element Is Visible" owner="AppiumLibrary">
<msg time="2024-05-29T19:17:37.055742" level="INFO">xpath criteria: //android.view.View[@content-desc="26 Agustus 2019"]
xpath criteria: //android.view.View[@content-desc="26 Agustus 2019"]</msg>
<arg>xpath=//android.view.View[@content-desc="${date2}"]</arg>
<arg>5s</arg>
<doc>Waits until element specified with `locator` is visible.</doc>
<status status="PASS" start="2024-05-29T19:17:36.080265" elapsed="0.975477"/>
</kw>
<kw name="Click Element" owner="AppiumLibrary">
<msg time="2024-05-29T19:17:37.059216" level="INFO">Clicking element 'xpath=//android.view.View[@content-desc="26 Agustus 2019"]'.</msg>
<msg time="2024-05-29T19:17:37.948685" level="INFO">xpath criteria: //android.view.View[@content-desc="26 Agustus 2019"]</msg>
<arg>xpath=//android.view.View[@content-desc="${date2}"]</arg>
<doc>Click element identified by `locator`.</doc>
<status status="PASS" start="2024-05-29T19:17:37.055742" elapsed="0.892943"/>
</kw>
<kw name="Click Element" owner="AppiumLibrary">
<msg time="2024-05-29T19:17:37.951642" level="INFO">Clicking element 'xpath=//android.widget.Button[@text='OKE']'.</msg>
<msg time="2024-05-29T19:17:38.225155" level="INFO">xpath criteria: //android.widget.Button[@text='OKE']</msg>
<arg>xpath=//android.widget.Button[@text='OKE']</arg>
<doc>Click element identified by `locator`.</doc>
<status status="PASS" start="2024-05-29T19:17:37.948685" elapsed="0.276470"/>
</kw>
<arg>26 Agustus 2019</arg>
<status status="PASS" start="2024-05-29T19:17:35.285395" elapsed="2.939760"/>
</kw>
<kw name="Hotel" owner="book">
<kw name="Wait Until Element Is Visible" owner="AppiumLibrary">
<msg time="2024-05-29T19:17:39.280560" level="INFO">xpath criteria: //android.widget.RadioButton[@resource-id="com.example.myapplication:id/radioButtonFlightHotel"]</msg>
<arg>${hotel-button}</arg>
<arg>5s</arg>
<doc>Waits until element specified with `locator` is visible.</doc>
<status status="PASS" start="2024-05-29T19:17:38.226596" elapsed="1.053964"/>
</kw>
<kw name="Click Element" owner="AppiumLibrary">
<msg time="2024-05-29T19:17:39.284146" level="INFO">Clicking element 'xpath=//android.widget.RadioButton[@resource-id="com.example.myapplication:id/radioButtonFlightHotel"]'.</msg>
<msg time="2024-05-29T19:17:39.418012" level="INFO">xpath criteria: //android.widget.RadioButton[@resource-id="com.example.myapplication:id/radioButtonFlightHotel"]</msg>
<arg>xpath=${hotel-button}</arg>
<doc>Click element identified by `locator`.</doc>
<status status="PASS" start="2024-05-29T19:17:39.280560" elapsed="0.137452"/>
</kw>
<status status="PASS" start="2024-05-29T19:17:38.226596" elapsed="1.191416"/>
</kw>
<kw name="Moredate" owner="book">
<kw name="Wait Until Element Is Visible" owner="AppiumLibrary">
<msg time="2024-05-29T19:17:39.949684" level="INFO">xpath criteria: //android.widget.CheckBox[@resource-id="com.example.myapplication:id/checkBoxDay"]</msg>
<arg>${day-button}</arg>
<arg>5s</arg>
<doc>Waits until element specified with `locator` is visible.</doc>
<status status="PASS" start="2024-05-29T19:17:39.420007" elapsed="0.529677"/>
</kw>
<kw name="Click Element" owner="AppiumLibrary">
<msg time="2024-05-29T19:17:39.952672" level="INFO">Clicking element 'xpath=//android.widget.CheckBox[@resource-id="com.example.myapplication:id/checkBoxDay"]'.</msg>
<msg time="2024-05-29T19:17:40.084176" level="INFO">xpath criteria: //android.widget.CheckBox[@resource-id="com.example.myapplication:id/checkBoxDay"]</msg>
<arg>xpath=${day-button}</arg>
<doc>Click element identified by `locator`.</doc>
<status status="PASS" start="2024-05-29T19:17:39.949684" elapsed="0.134492"/>
</kw>
<status status="PASS" start="2024-05-29T19:17:39.419008" elapsed="0.665168"/>
</kw>
<kw name="Book" owner="book">
<kw name="Click Element" owner="AppiumLibrary">
<msg time="2024-05-29T19:17:40.087646" level="INFO">Clicking element '//android.widget.Button[@resource-id="com.example.myapplication:id/book_flight"]'.</msg>
<msg time="2024-05-29T19:17:40.637334" level="INFO">xpath criteria: //android.widget.Button[@resource-id="com.example.myapplication:id/book_flight"]</msg>
<arg>${booking-button}</arg>
<doc>Click element identified by `locator`.</doc>
<status status="PASS" start="2024-05-29T19:17:40.085179" elapsed="0.552155"/>
</kw>
<status status="PASS" start="2024-05-29T19:17:40.085179" elapsed="0.552155"/>
</kw>
<kw name="Close Flight Application" owner="base" type="TEARDOWN">
<kw name="Close Application" owner="AppiumLibrary">
<doc>Closes the current application and also close webdriver session.</doc>
<status status="PASS" start="2024-05-29T19:17:40.639292" elapsed="1.142050"/>
</kw>
<status status="PASS" start="2024-05-29T19:17:40.638327" elapsed="1.143015"/>
</kw>
<status status="PASS" start="2024-05-29T19:17:05.386685" elapsed="36.395657"/>
</test>
<status status="PASS" start="2024-05-29T19:17:05.102545" elapsed="36.682984"/>
</suite>
<statistics>
<total>
<stat pass="1" fail="0" skip="0">All Tests</stat>
</total>
<tag>
</tag>
<suite>
<stat pass="1" fail="0" skip="0" id="s1" name="test-Book">test-Book</stat>
</suite>
</statistics>
<errors>
</errors>
</robot>
